 
       ==============================================
       |                                            |
       |                 C R E S T                  |
       |                                            |
       |  Conformer-Rotamer Ensemble Sampling Tool  |
       |          based on the GFN methods          |
       |             P.Pracht, S.Grimme             |
       |          Universitaet Bonn, MCTC           |
       ==============================================
       Version 2.11, Tue 9. Feb 11:37:45 CEST 2021
  Using the xTB program. Compatible with xTB version 6.4.0
 
   Cite work conducted with this code as

   P. Pracht, F. Bohle, S. Grimme, PCCP, 2020, 22, 7169-7192.

   and  S. Grimme, JCTC, 2019, 15, 2847-2862.
 
   with help from:
   F.Bohle, S.Ehlert, S.Grimme, P.Pracht
 
   This program is distributed in the hope that it will be useful,
   but WITHOUT ANY WARRANTY; without even the implied warranty of
   MERCHANTABILITY or FITNESS FOR A PARTICULAR PURPOSE.

 Command line input:
 > crest 100_cs_99_cs_best.xyz -cregen 100_cs_99_cs.xyz -notopo -ethr 0.31375 -rthr 0.2 -ewin 4.0

  -cregen : CREGEN standalone usage. Sorting file <100_cs_99_cs.xyz>
  -ethr 0.31375
  -rthr 0.2
  -ewin 4.0
 Using only the cregen sorting routine.
 input  file name : 100_cs_99_cs.xyz
 output file name : 100_cs_99_cs.xyz.sorted
 number of atoms                :   96
 number of points on xyz files  :   51
 RMSD threshold                 :   0.2000
 Bconst threshold               :   0.0100
 population threshold           :   0.0500
 conformer energy window  /kcal :   4.0000
 # fragment in coord            :     1
 number of reliable points      :    51
 reference state Etot :  -2854.50159177689     
 running RMSDs...
 done.
 number of doubles removed by rot/RMSD         :           1
 total number unique points considered further :          50
       Erel/kcal        Etot weight/tot  conformer     set   degen     origin
       1   0.000 -2854.50159    0.16838    0.85963       1       6     100_cs_out_4
       2   0.064 -2854.50149    0.15112                                100_cs_out_0
       3   0.085 -2854.50146    0.14593                                99_cs_out_0
       4   0.132 -2854.50138    0.13475                                99_cs_out_3
       5   0.145 -2854.50136    0.13191                                100_cs_out_24
       6   0.165 -2854.50133    0.12754                                99_cs_out_24
       7   1.385 -2854.49938    0.01628    0.04312       2       3     100_cs_out_11
       8   1.440 -2854.49930    0.01484                                99_cs_out_10
       9   1.567 -2854.49910    0.01200                                99_cs_out_9
      10   1.572 -2854.49909    0.01189    0.02961       3       3     99_cs_out_2
      11   1.693 -2854.49889    0.00970                                100_cs_out_16
      12   1.805 -2854.49872    0.00802                                99_cs_out_14
      13   1.892 -2854.49858    0.00693    0.01228       4       2     99_cs_out_21
      14   2.045 -2854.49833    0.00535                                100_cs_out_22
      15   1.910 -2854.49855    0.00672    0.00672       5       1     100_cs_out_2
      16   2.260 -2854.49799    0.00372    0.01612       6       5     99_cs_out_7
      17   2.341 -2854.49786    0.00325                                99_cs_out_8
      18   2.364 -2854.49782    0.00313                                100_cs_out_10
      19   2.374 -2854.49781    0.00308                                99_cs_out_6
      20   2.399 -2854.49777    0.00295                                100_cs_out_8
      21   2.511 -2854.49759    0.00244    0.00613       7       3     99_cs_out_4
      22   2.759 -2854.49720    0.00161                                99_cs_out_1
      23   2.604 -2854.49744    0.00208                                100_cs_out_7
      24   2.641 -2854.49738    0.00196    0.00196       8       1     100_cs_out_1
      25   2.814 -2854.49711    0.00146    0.00688       9       5     99_cs_out_25
      26   2.853 -2854.49705    0.00137                                100_cs_out_6
      27   2.830 -2854.49708    0.00142                                100_cs_out_3
      28   2.859 -2854.49704    0.00136                                100_cs_out_14
      29   2.903 -2854.49697    0.00126                                100_cs_out_12
      30   2.951 -2854.49689    0.00116    0.00116      10       1     100_cs_out_5
      31   2.839 -2854.49707    0.00140    0.00276      11       2     99_cs_out_15
      32   2.859 -2854.49703    0.00136                                100_cs_out_23
      33   2.845 -2854.49706    0.00139    0.00255      12       2     99_cs_out_23
      34   2.953 -2854.49689    0.00116                                99_cs_out_17
      35   2.846 -2854.49706    0.00139    0.00139      13       1     99_cs_out_5
      36   3.007 -2854.49680    0.00106    0.00290      14       3     100_cs_out_13
      37   3.026 -2854.49677    0.00102                                99_cs_out_12
      38   3.160 -2854.49656    0.00082                                99_cs_out_13
      39   3.171 -2854.49654    0.00080    0.00289      15       4     99_cs_out_19
      40   3.212 -2854.49647    0.00075                                99_cs_out_11
      41   3.247 -2854.49642    0.00071                                100_cs_out_19
      42   3.312 -2854.49631    0.00063                                100_cs_out_9
      43   3.292 -2854.49635    0.00065    0.00360      16       7     99_cs_out_20
      44   3.381 -2854.49620    0.00056                                99_cs_out_18
      45   3.406 -2854.49616    0.00054                                99_cs_out_22
      46   3.442 -2854.49611    0.00051                                100_cs_out_18
      47   3.484 -2854.49604    0.00047                                100_cs_out_21
      48   3.520 -2854.49598    0.00045                                100_cs_out_17
      49   3.550 -2854.49593    0.00042                                99_cs_out_16
      50   3.732 -2854.49564    0.00031    0.00031      17       1     100_cs_out_20
T /K                                  :   298.15
E lowest                              : -2854.50159
ensemble average energy (kcal)        :    0.362
ensemble entropy (J/mol K, cal/mol K) :   19.889    4.753
ensemble free energy (kcal/mol)       :   -1.417
population of lowest in %             :   85.963
 number of unique conformers for further calc           17
 list of relative energies saved as "crest.energies"
 
 -----------------
 Wall Time Summary
 -----------------
              CREGEN wall time :         0h : 0m : 4s
--------------------
Overall wall time  : 0h : 0m : 4s
 
 CREST terminated normally.
