 
       ==============================================
       |                                            |
       |                 C R E S T                  |
       |                                            |
       |  Conformer-Rotamer Ensemble Sampling Tool  |
       |          based on the GFN methods          |
       |             P.Pracht, S.Grimme             |
       |          Universitaet Bonn, MCTC           |
       ==============================================
       Version 2.11, Tue 9. Feb 11:37:45 CEST 2021
  Using the xTB program. Compatible with xTB version 6.4.0
 
   Cite work conducted with this code as

   P. Pracht, F. Bohle, S. Grimme, PCCP, 2020, 22, 7169-7192.

   and  S. Grimme, JCTC, 2019, 15, 2847-2862.
 
   with help from:
   F.Bohle, S.Ehlert, S.Grimme, P.Pracht
 
   This program is distributed in the hope that it will be useful,
   but WITHOUT ANY WARRANTY; without even the implied warranty of
   MERCHANTABILITY or FITNESS FOR A PARTICULAR PURPOSE.

 Command line input:
 > crest 131_cs_132_cs_best.xyz -cregen 131_cs_132_cs.xyz -notopo -ethr 0.31375 -rthr 0.2 -ewin 4.0

  -cregen : CREGEN standalone usage. Sorting file <131_cs_132_cs.xyz>
  -ethr 0.31375
  -rthr 0.2
  -ewin 4.0
 Using only the cregen sorting routine.
 input  file name : 131_cs_132_cs.xyz
 output file name : 131_cs_132_cs.xyz.sorted
 number of atoms                :   90
 number of points on xyz files  :   67
 RMSD threshold                 :   0.2000
 Bconst threshold               :   0.0100
 population threshold           :   0.0500
 conformer energy window  /kcal :   4.0000
 # fragment in coord            :     1
 number of reliable points      :    67
 number of removed by energy    :     8
 number of remaining points     :    59
 reference state Etot :  -2513.57064939841     
 running RMSDs...
 done.
 number of doubles removed by rot/RMSD         :           0
 total number unique points considered further :          59
       Erel/kcal        Etot weight/tot  conformer     set   degen     origin
       1   0.000 -2513.57065    0.07847    0.27760       1       4     132_cs_out_16
       2   0.023 -2513.57061    0.07543                                132_cs_out_15
       3   0.166 -2513.57039    0.05934                                132_cs_out_12
       4   0.118 -2513.57046    0.06435                                131_cs_out_15
       5   0.131 -2513.57044    0.06291    0.40801       2       9     131_cs_out_10
       6   0.277 -2513.57021    0.04919                                132_cs_out_32
       7   0.318 -2513.57014    0.04591                                132_cs_out_28
       8   0.329 -2513.57012    0.04503                                132_cs_out_21
       9   0.425 -2513.56997    0.03833                                132_cs_out_19
      10   0.352 -2513.57009    0.04338                                131_cs_out_13
      11   0.357 -2513.57008    0.04295                                131_cs_out_30
      12   0.389 -2513.57003    0.04073                                131_cs_out_29
      13   0.406 -2513.57000    0.03959                                132_cs_out_23
      14   0.410 -2513.57000    0.03931    0.03931       3       1     132_cs_out_18
      15   0.456 -2513.56992    0.03639    0.07086       4       2     132_cs_out_35
      16   0.488 -2513.56987    0.03447                                132_cs_out_25
      17   0.531 -2513.56980    0.03203    0.08347       5       3     132_cs_out_6
      18   0.583 -2513.56972    0.02935                                131_cs_out_2
      19   0.752 -2513.56945    0.02208                                132_cs_out_3
      20   1.158 -2513.56880    0.01114    0.03262       6       3     132_cs_out_1
      21   1.163 -2513.56880    0.01103                                132_cs_out_2
      22   1.196 -2513.56874    0.01045                                132_cs_out_29
      23   1.310 -2513.56856    0.00862    0.06307       7       8     131_cs_out_26
      24   1.338 -2513.56852    0.00823                                131_cs_out_25
      25   1.347 -2513.56850    0.00810                                131_cs_out_27
      26   1.381 -2513.56845    0.00764                                131_cs_out_1
      27   1.194 -2513.56875    0.01048                                132_cs_out_30
      28   1.436 -2513.56836    0.00697                                132_cs_out_14
      29   1.469 -2513.56831    0.00659                                131_cs_out_11
      30   1.482 -2513.56829    0.00644                                132_cs_out_31
      31   1.805 -2513.56777    0.00374    0.00374       8       1     132_cs_out_5
      32   2.146 -2513.56723    0.00211    0.00211       9       1     131_cs_out_0
      33   2.155 -2513.56722    0.00207    0.00892      10       5     132_cs_out_20
      34   2.184 -2513.56717    0.00197                                132_cs_out_26
      35   2.283 -2513.56701    0.00167                                131_cs_out_16
      36   2.331 -2513.56693    0.00154                                131_cs_out_4
      37   2.288 -2513.56700    0.00166                                131_cs_out_6
      38   2.340 -2513.56692    0.00152    0.00312      11       2     131_cs_out_23
      39   2.308 -2513.56697    0.00160                                131_cs_out_19
      40   2.552 -2513.56658    0.00106    0.00106      12       1     132_cs_out_24
      41   2.553 -2513.56658    0.00106    0.00106      13       1     132_cs_out_13
      42   2.710 -2513.56633    0.00081    0.00135      14       2     132_cs_out_10
      43   2.952 -2513.56595    0.00054                                131_cs_out_8
      44   2.887 -2513.56605    0.00060    0.00060      15       1     131_cs_out_12
      45   3.038 -2513.56581    0.00047    0.00047      16       1     132_cs_out_0
      46   3.165 -2513.56561    0.00038    0.00068      17       2     132_cs_out_7
      47   3.295 -2513.56540    0.00030                                132_cs_out_11
      48   3.356 -2513.56530    0.00027    0.00095      18       4     132_cs_out_27
      49   3.435 -2513.56517    0.00024                                131_cs_out_5
      50   3.532 -2513.56502    0.00020                                132_cs_out_9
      51   3.442 -2513.56516    0.00024                                132_cs_out_22
      52   3.517 -2513.56505    0.00021    0.00021      19       1     131_cs_out_20
      53   3.761 -2513.56466    0.00014    0.00014      20       1     131_cs_out_7
      54   3.779 -2513.56463    0.00013    0.00024      21       2     131_cs_out_17
      55   3.892 -2513.56445    0.00011                                132_cs_out_4
      56   3.916 -2513.56441    0.00011    0.00032      22       3     132_cs_out_34
      57   3.890 -2513.56445    0.00011                                132_cs_out_8
      58   3.961 -2513.56434    0.00010                                131_cs_out_3
      59   3.933 -2513.56438    0.00010    0.00010      23       1     131_cs_out_28
T /K                                  :   298.15
E lowest                              : -2513.57065
ensemble average energy (kcal)        :    0.433
ensemble entropy (J/mol K, cal/mol K) :   27.237    6.510
ensemble free energy (kcal/mol)       :   -1.941
population of lowest in %             :   27.760
 number of unique conformers for further calc           23
 list of relative energies saved as "crest.energies"
 
 -----------------
 Wall Time Summary
 -----------------
              CREGEN wall time :         0h : 0m : 3s
--------------------
Overall wall time  : 0h : 0m : 3s
 
 CREST terminated normally.
