 
       ==============================================
       |                                            |
       |                 C R E S T                  |
       |                                            |
       |  Conformer-Rotamer Ensemble Sampling Tool  |
       |          based on the GFN methods          |
       |             P.Pracht, S.Grimme             |
       |          Universitaet Bonn, MCTC           |
       ==============================================
       Version 2.11, Tue 9. Feb 11:37:45 CEST 2021
  Using the xTB program. Compatible with xTB version 6.4.0
 
   Cite work conducted with this code as

   P. Pracht, F. Bohle, S. Grimme, PCCP, 2020, 22, 7169-7192.

   and  S. Grimme, JCTC, 2019, 15, 2847-2862.
 
   with help from:
   F.Bohle, S.Ehlert, S.Grimme, P.Pracht
 
   This program is distributed in the hope that it will be useful,
   but WITHOUT ANY WARRANTY; without even the implied warranty of
   MERCHANTABILITY or FITNESS FOR A PARTICULAR PURPOSE.

 Command line input:
 > crest 133_cs_134_cs_best.xyz -cregen 133_cs_134_cs.xyz -notopo -ethr 0.31375 -rthr 0.2 -ewin 4.0

  -cregen : CREGEN standalone usage. Sorting file <133_cs_134_cs.xyz>
  -ethr 0.31375
  -rthr 0.2
  -ewin 4.0
 Using only the cregen sorting routine.
 input  file name : 133_cs_134_cs.xyz
 output file name : 133_cs_134_cs.xyz.sorted
 number of atoms                :   103
 number of points on xyz files  :   21
 RMSD threshold                 :   0.2000
 Bconst threshold               :   0.0100
 population threshold           :   0.0500
 conformer energy window  /kcal :   4.0000
 # fragment in coord            :     1
 number of reliable points      :    21
 reference state Etot :  -3008.38063856175     
 running RMSDs...
 done.
 number of doubles removed by rot/RMSD         :           0
 total number unique points considered further :          21
       Erel/kcal        Etot weight/tot  conformer     set   degen     origin
       1   0.000 -3008.38064    0.14398    0.79016       1       7     133_cs_out_2
       2   0.052 -3008.38055    0.13180                                133_cs_out_9
       3   0.113 -3008.38046    0.11901                                133_cs_out_7
       4   0.128 -3008.38044    0.11611                                133_cs_out_8
       5   0.232 -3008.38027    0.09744                                134_cs_out_2
       6   0.244 -3008.38025    0.09539                                134_cs_out_7
       7   0.303 -3008.38016    0.08643                                133_cs_out_4
       8   0.330 -3008.38011    0.08254    0.08254       2       1     134_cs_out_5
       9   0.914 -3008.37918    0.03081    0.12236       3       5     134_cs_out_4
      10   0.933 -3008.37915    0.02986                                133_cs_out_5
      11   1.097 -3008.37889    0.02263                                134_cs_out_1
      12   1.181 -3008.37876    0.01964                                133_cs_out_11
      13   1.188 -3008.37875    0.01943                                133_cs_out_1
      14   3.060 -3008.37576    0.00083    0.00455       4       7     133_cs_out_10
      15   3.112 -3008.37568    0.00076                                133_cs_out_0
      16   3.155 -3008.37561    0.00070                                134_cs_out_3
      17   3.252 -3008.37546    0.00060                                133_cs_out_3
      18   3.269 -3008.37543    0.00058                                134_cs_out_0
      19   3.289 -3008.37540    0.00056                                133_cs_out_6
      20   3.337 -3008.37532    0.00052                                134_cs_out_6
      21   3.504 -3008.37505    0.00039    0.00039       5       1     134_cs_out_8
T /K                                  :   298.15
E lowest                              : -3008.38064
ensemble average energy (kcal)        :    0.277
ensemble entropy (J/mol K, cal/mol K) :   20.004    4.781
ensemble free energy (kcal/mol)       :   -1.425
population of lowest in %             :   79.016
 number of unique conformers for further calc            5
 list of relative energies saved as "crest.energies"
 
 -----------------
 Wall Time Summary
 -----------------
              CREGEN wall time :         0h : 0m : 2s
--------------------
Overall wall time  : 0h : 0m : 2s
 
 CREST terminated normally.
