 
       ==============================================
       |                                            |
       |                 C R E S T                  |
       |                                            |
       |  Conformer-Rotamer Ensemble Sampling Tool  |
       |          based on the GFN methods          |
       |             P.Pracht, S.Grimme             |
       |          Universitaet Bonn, MCTC           |
       ==============================================
       Version 2.11, Tue 9. Feb 11:37:45 CEST 2021
  Using the xTB program. Compatible with xTB version 6.4.0
 
   Cite work conducted with this code as

   P. Pracht, F. Bohle, S. Grimme, PCCP, 2020, 22, 7169-7192.

   and  S. Grimme, JCTC, 2019, 15, 2847-2862.
 
   with help from:
   F.Bohle, S.Ehlert, S.Grimme, P.Pracht
 
   This program is distributed in the hope that it will be useful,
   but WITHOUT ANY WARRANTY; without even the implied warranty of
   MERCHANTABILITY or FITNESS FOR A PARTICULAR PURPOSE.

 Command line input:
 > crest 13_cs_best.xyz -cregen 13_cs.xyz -notopo -ethr 0.31375 -rthr 0.2 -ewin 4.0

  -cregen : CREGEN standalone usage. Sorting file <13_cs.xyz>
  -ethr 0.31375
  -rthr 0.2
  -ewin 4.0
 Using only the cregen sorting routine.
 input  file name : 13_cs.xyz
 output file name : 13_cs.xyz.sorted
 number of atoms                :   109
 number of points on xyz files  :   13
 RMSD threshold                 :   0.2000
 Bconst threshold               :   0.0100
 population threshold           :   0.0500
 conformer energy window  /kcal :   4.0000
 # fragment in coord            :     1
 number of reliable points      :    13
 number of removed by energy    :     3
 number of remaining points     :    10
 reference state Etot :  -2782.97200790040     
 running RMSDs...
 done.
 number of doubles removed by rot/RMSD         :           0
 total number unique points considered further :          10
       Erel/kcal        Etot weight/tot  conformer     set   degen     origin
       1   0.000 -2782.97201    0.85853    0.85853       1       1     13_cs_out_1
       2   1.657 -2782.96937    0.05252    0.05252       2       1     13_cs_out_3
       3   1.997 -2782.96883    0.02961    0.05315       3       2     13_cs_out_5
       4   2.133 -2782.96861    0.02354                                13_cs_out_12
       5   2.116 -2782.96864    0.02420    0.02420       4       1     13_cs_out_2
       6   3.236 -2782.96685    0.00367    0.00685       5       2     13_cs_out_8
       7   3.319 -2782.96672    0.00319                                13_cs_out_7
       8   3.478 -2782.96647    0.00244    0.00244       6       1     13_cs_out_4
       9   3.907 -2782.96578    0.00118    0.00118       7       1     13_cs_out_0
      10   3.926 -2782.96575    0.00114    0.00114       8       1     13_cs_out_9
T /K                                  :   298.15
E lowest                              : -2782.97201
ensemble average energy (kcal)        :    0.288
ensemble entropy (J/mol K, cal/mol K) :    5.300    1.267
ensemble free energy (kcal/mol)       :   -0.378
population of lowest in %             :   85.853
 number of unique conformers for further calc            8
 list of relative energies saved as "crest.energies"
 
 -----------------
 Wall Time Summary
 -----------------
              CREGEN wall time :         0h : 0m : 1s
--------------------
Overall wall time  : 0h : 0m : 1s
 
 CREST terminated normally.
