 
       ==============================================
       |                                            |
       |                 C R E S T                  |
       |                                            |
       |  Conformer-Rotamer Ensemble Sampling Tool  |
       |          based on the GFN methods          |
       |             P.Pracht, S.Grimme             |
       |          Universitaet Bonn, MCTC           |
       ==============================================
       Version 2.11, Tue 9. Feb 11:37:45 CEST 2021
  Using the xTB program. Compatible with xTB version 6.4.0
 
   Cite work conducted with this code as

   P. Pracht, F. Bohle, S. Grimme, PCCP, 2020, 22, 7169-7192.

   and  S. Grimme, JCTC, 2019, 15, 2847-2862.
 
   with help from:
   F.Bohle, S.Ehlert, S.Grimme, P.Pracht
 
   This program is distributed in the hope that it will be useful,
   but WITHOUT ANY WARRANTY; without even the implied warranty of
   MERCHANTABILITY or FITNESS FOR A PARTICULAR PURPOSE.

 Command line input:
 > crest 147_cs_148_cs_best.xyz -cregen 147_cs_148_cs.xyz -notopo -ethr 0.31375 -rthr 0.2 -ewin 4.0

  -cregen : CREGEN standalone usage. Sorting file <147_cs_148_cs.xyz>
  -ethr 0.31375
  -rthr 0.2
  -ewin 4.0
 Using only the cregen sorting routine.
 input  file name : 147_cs_148_cs.xyz
 output file name : 147_cs_148_cs.xyz.sorted
 number of atoms                :   78
 number of points on xyz files  :   17
 RMSD threshold                 :   0.2000
 Bconst threshold               :   0.0100
 population threshold           :   0.0500
 conformer energy window  /kcal :   4.0000
 # fragment in coord            :     1
 number of reliable points      :    17
 reference state Etot :  -2356.31873061355     
 running RMSDs...
 done.
 number of doubles removed by rot/RMSD         :           0
 total number unique points considered further :          17
       Erel/kcal        Etot weight/tot  conformer     set   degen     origin
       1   0.000 -2356.31873    0.14229    0.25501       1       2     147_cs_out_7
       2   0.138 -2356.31851    0.11272                                148_cs_out_3
       3   0.249 -2356.31833    0.09349    0.31063       2       4     147_cs_out_4
       4   0.310 -2356.31824    0.08436                                147_cs_out_5
       5   0.416 -2356.31807    0.07053                                147_cs_out_6
       6   0.490 -2356.31795    0.06224                                147_cs_out_9
       7   0.495 -2356.31794    0.06172    0.23083       3       4     148_cs_out_4
       8   0.471 -2356.31798    0.06426                                147_cs_out_10
       9   0.549 -2356.31786    0.05633                                147_cs_out_8
      10   0.638 -2356.31771    0.04852                                147_cs_out_1
      11   0.575 -2356.31781    0.05392    0.05392       4       1     148_cs_out_0
      12   0.798 -2356.31746    0.03705    0.10432       5       3     148_cs_out_2
      13   0.835 -2356.31740    0.03481                                148_cs_out_5
      14   0.876 -2356.31733    0.03246                                148_cs_out_1
      15   1.028 -2356.31709    0.02514    0.02514       6       1     147_cs_out_3
      16   1.507 -2356.31633    0.01121    0.01121       7       1     147_cs_out_2
      17   1.641 -2356.31612    0.00894    0.00894       8       1     147_cs_out_0
T /K                                  :   298.15
E lowest                              : -2356.31873
ensemble average energy (kcal)        :    0.423
ensemble entropy (J/mol K, cal/mol K) :   22.146    5.293
ensemble free energy (kcal/mol)       :   -1.578
population of lowest in %             :   25.501
 number of unique conformers for further calc            8
 list of relative energies saved as "crest.energies"
 
 -----------------
 Wall Time Summary
 -----------------
              CREGEN wall time :         0h : 0m : 1s
--------------------
Overall wall time  : 0h : 0m : 1s
 
 CREST terminated normally.
