 
       ==============================================
       |                                            |
       |                 C R E S T                  |
       |                                            |
       |  Conformer-Rotamer Ensemble Sampling Tool  |
       |          based on the GFN methods          |
       |             P.Pracht, S.Grimme             |
       |          Universitaet Bonn, MCTC           |
       ==============================================
       Version 2.11, Tue 9. Feb 11:37:45 CEST 2021
  Using the xTB program. Compatible with xTB version 6.4.0
 
   Cite work conducted with this code as

   P. Pracht, F. Bohle, S. Grimme, PCCP, 2020, 22, 7169-7192.

   and  S. Grimme, JCTC, 2019, 15, 2847-2862.
 
   with help from:
   F.Bohle, S.Ehlert, S.Grimme, P.Pracht
 
   This program is distributed in the hope that it will be useful,
   but WITHOUT ANY WARRANTY; without even the implied warranty of
   MERCHANTABILITY or FITNESS FOR A PARTICULAR PURPOSE.

 Command line input:
 > crest 149_cs_150_cs_best.xyz -cregen 149_cs_150_cs.xyz -notopo -ethr 0.31375 -rthr 0.2 -ewin 4.0

  -cregen : CREGEN standalone usage. Sorting file <149_cs_150_cs.xyz>
  -ethr 0.31375
  -rthr 0.2
  -ewin 4.0
 Using only the cregen sorting routine.
 input  file name : 149_cs_150_cs.xyz
 output file name : 149_cs_150_cs.xyz.sorted
 number of atoms                :   64
 number of points on xyz files  :   22
 RMSD threshold                 :   0.2000
 Bconst threshold               :   0.0100
 population threshold           :   0.0500
 conformer energy window  /kcal :   4.0000
 # fragment in coord            :     1
 number of reliable points      :    22
 number of removed by energy    :     1
 number of remaining points     :    21
 reference state Etot :  -1972.71411824303     
 running RMSDs...
 done.
 number of doubles removed by rot/RMSD         :           3
 total number unique points considered further :          18
       Erel/kcal        Etot weight/tot  conformer     set   degen     origin
       1   0.000 -1972.71412    0.15398    0.57213       1       4     149_cs_out_5
       2   0.028 -1972.71407    0.14685                                149_cs_out_4
       3   0.048 -1972.71404    0.14196                                149_cs_out_3
       4   0.103 -1972.71395    0.12935                                149_cs_out_1
       5   0.410 -1972.71347    0.07718    0.20152       2       3     150_cs_out_7
       6   0.464 -1972.71338    0.07037                                150_cs_out_9
       7   0.622 -1972.71313    0.05397                                150_cs_out_6
       8   0.472 -1972.71337    0.06943    0.06943       3       1     149_cs_out_2
       9   0.723 -1972.71297    0.04548    0.04548       4       1     149_cs_out_0
      10   0.847 -1972.71277    0.03691    0.06198       5       2     150_cs_out_14
      11   1.076 -1972.71240    0.02507                                150_cs_out_2
      12   0.983 -1972.71255    0.02934    0.02934       6       1     149_cs_out_6
      13   1.582 -1972.71160    0.01069    0.01069       7       1     150_cs_out_5
      14   1.920 -1972.71106    0.00605    0.00605       8       1     150_cs_out_1
      15   3.008 -1972.70932    0.00096    0.00096       9       1     150_cs_out_0
      16   3.035 -1972.70928    0.00092    0.00241      10       3     150_cs_out_8
      17   3.108 -1972.70917    0.00082                                150_cs_out_11
      18   3.223 -1972.70898    0.00067                                150_cs_out_13
T /K                                  :   298.15
E lowest                              : -1972.71412
ensemble average energy (kcal)        :    0.314
ensemble entropy (J/mol K, cal/mol K) :   19.957    4.770
ensemble free energy (kcal/mol)       :   -1.422
population of lowest in %             :   57.213
 number of unique conformers for further calc           10
 list of relative energies saved as "crest.energies"
 
 -----------------
 Wall Time Summary
 -----------------
              CREGEN wall time :         0h : 0m : 2s
--------------------
Overall wall time  : 0h : 0m : 2s
 
 CREST terminated normally.
