 
       ==============================================
       |                                            |
       |                 C R E S T                  |
       |                                            |
       |  Conformer-Rotamer Ensemble Sampling Tool  |
       |          based on the GFN methods          |
       |             P.Pracht, S.Grimme             |
       |          Universitaet Bonn, MCTC           |
       ==============================================
       Version 2.11, Tue 9. Feb 11:37:45 CEST 2021
  Using the xTB program. Compatible with xTB version 6.4.0
 
   Cite work conducted with this code as

   P. Pracht, F. Bohle, S. Grimme, PCCP, 2020, 22, 7169-7192.

   and  S. Grimme, JCTC, 2019, 15, 2847-2862.
 
   with help from:
   F.Bohle, S.Ehlert, S.Grimme, P.Pracht
 
   This program is distributed in the hope that it will be useful,
   but WITHOUT ANY WARRANTY; without even the implied warranty of
   MERCHANTABILITY or FITNESS FOR A PARTICULAR PURPOSE.

 Command line input:
 > crest 151_cs_152_cs_best.xyz -cregen 151_cs_152_cs.xyz -notopo -ethr 0.31375 -rthr 0.2 -ewin 4.0

  -cregen : CREGEN standalone usage. Sorting file <151_cs_152_cs.xyz>
  -ethr 0.31375
  -rthr 0.2
  -ewin 4.0
 Using only the cregen sorting routine.
 input  file name : 151_cs_152_cs.xyz
 output file name : 151_cs_152_cs.xyz.sorted
 number of atoms                :   119
 number of points on xyz files  :   10
 RMSD threshold                 :   0.2000
 Bconst threshold               :   0.0100
 population threshold           :   0.0500
 conformer energy window  /kcal :   4.0000
 # fragment in coord            :     1
 number of reliable points      :    10
 number of removed by energy    :     2
 number of remaining points     :     8
 reference state Etot :  -3316.51989502390     
 running RMSDs...
 done.
 number of doubles removed by rot/RMSD         :           0
 total number unique points considered further :           8
       Erel/kcal        Etot weight/tot  conformer     set   degen     origin
       1   0.000 -3316.51990    0.29277    0.53622       1       2     152_cs_out_3
       2   0.109 -3316.51972    0.24346                                152_cs_out_0
       3   0.471 -3316.51914    0.13228    0.25966       2       2     151_cs_out_2
       4   0.494 -3316.51911    0.12738                                151_cs_out_0
       5   0.810 -3316.51860    0.07463    0.17307       3       3     152_cs_out_4
       6   1.028 -3316.51826    0.05171                                152_cs_out_1
       7   1.088 -3316.51816    0.04673                                151_cs_out_3
       8   1.331 -3316.51777    0.03105    0.03105       4       1     151_cs_out_1
T /K                                  :   298.15
E lowest                              : -3316.51990
ensemble average energy (kcal)        :    0.358
ensemble entropy (J/mol K, cal/mol K) :   15.228    3.639
ensemble free energy (kcal/mol)       :   -1.085
population of lowest in %             :   53.622
 number of unique conformers for further calc            4
 list of relative energies saved as "crest.energies"
 
 -----------------
 Wall Time Summary
 -----------------
              CREGEN wall time :         0h : 0m : 0s
--------------------
Overall wall time  : 0h : 0m : 0s
 
 CREST terminated normally.
