 
       ==============================================
       |                                            |
       |                 C R E S T                  |
       |                                            |
       |  Conformer-Rotamer Ensemble Sampling Tool  |
       |          based on the GFN methods          |
       |             P.Pracht, S.Grimme             |
       |          Universitaet Bonn, MCTC           |
       ==============================================
       Version 2.11, Tue 9. Feb 11:37:45 CEST 2021
  Using the xTB program. Compatible with xTB version 6.4.0
 
   Cite work conducted with this code as

   P. Pracht, F. Bohle, S. Grimme, PCCP, 2020, 22, 7169-7192.

   and  S. Grimme, JCTC, 2019, 15, 2847-2862.
 
   with help from:
   F.Bohle, S.Ehlert, S.Grimme, P.Pracht
 
   This program is distributed in the hope that it will be useful,
   but WITHOUT ANY WARRANTY; without even the implied warranty of
   MERCHANTABILITY or FITNESS FOR A PARTICULAR PURPOSE.

 Command line input:
 > crest 155_cs_156_cs_best.xyz -cregen 155_cs_156_cs.xyz -notopo -ethr 0.31375 -rthr 0.2 -ewin 4.0

  -cregen : CREGEN standalone usage. Sorting file <155_cs_156_cs.xyz>
  -ethr 0.31375
  -rthr 0.2
  -ewin 4.0
 Using only the cregen sorting routine.
 input  file name : 155_cs_156_cs.xyz
 output file name : 155_cs_156_cs.xyz.sorted
 number of atoms                :   84
 number of points on xyz files  :   33
 RMSD threshold                 :   0.2000
 Bconst threshold               :   0.0100
 population threshold           :   0.0500
 conformer energy window  /kcal :   4.0000
 # fragment in coord            :     1
 number of reliable points      :    33
 reference state Etot :  -2434.95832875299     
 running RMSDs...
 done.
 number of doubles removed by rot/RMSD         :           3
 total number unique points considered further :          30
       Erel/kcal        Etot weight/tot  conformer     set   degen     origin
       1   0.000 -2434.95833    0.20985    0.20985       1       1     156_cs_out_1
       2   0.293 -2434.95786    0.12794    0.25247       2       2     155_cs_out_2
       3   0.309 -2434.95784    0.12454                                155_cs_out_7
       4   0.470 -2434.95758    0.09495    0.09495       3       1     155_cs_out_0
       5   0.705 -2434.95720    0.06389    0.06389       4       1     155_cs_out_1
       6   0.747 -2434.95714    0.05955    0.11575       5       2     156_cs_out_5
       7   0.781 -2434.95708    0.05620                                156_cs_out_8
       8   0.847 -2434.95698    0.05032    0.08681       6       2     155_cs_out_13
       9   1.037 -2434.95668    0.03650                                155_cs_out_6
      10   1.031 -2434.95669    0.03686    0.03686       7       1     156_cs_out_0
      11   1.216 -2434.95639    0.02700    0.02700       8       1     156_cs_out_7
      12   1.379 -2434.95613    0.02052    0.03667       9       2     155_cs_out_8
      13   1.521 -2434.95591    0.01615                                155_cs_out_4
      14   1.712 -2434.95560    0.01169    0.01169      10       1     156_cs_out_3
      15   1.715 -2434.95560    0.01163    0.01163      11       1     155_cs_out_5
      16   1.923 -2434.95526    0.00819    0.00819      12       1     156_cs_out_4
      17   1.982 -2434.95517    0.00742    0.00742      13       1     155_cs_out_9
      18   2.065 -2434.95504    0.00645    0.00645      14       1     155_cs_out_3
      19   2.312 -2434.95464    0.00425    0.00425      15       1     155_cs_out_11
      20   2.415 -2434.95448    0.00358    0.01679      16       5     156_cs_out_9
      21   2.416 -2434.95448    0.00357                                156_cs_out_11
      22   2.423 -2434.95447    0.00353                                156_cs_out_12
      23   2.504 -2434.95434    0.00308                                156_cs_out_18
      24   2.510 -2434.95433    0.00304                                156_cs_out_15
      25   2.643 -2434.95412    0.00244    0.00244      17       1     156_cs_out_6
      26   2.701 -2434.95402    0.00221    0.00432      18       2     156_cs_out_2
      27   2.728 -2434.95398    0.00211                                156_cs_out_17
      28   3.059 -2434.95345    0.00121    0.00200      19       2     156_cs_out_13
      29   3.304 -2434.95306    0.00080                                156_cs_out_10
      30   3.500 -2434.95275    0.00057    0.00057      20       1     155_cs_out_10
T /K                                  :   298.15
E lowest                              : -2434.95833
ensemble average energy (kcal)        :    0.620
ensemble entropy (J/mol K, cal/mol K) :   21.669    5.179
ensemble free energy (kcal/mol)       :   -1.544
population of lowest in %             :   20.985
 number of unique conformers for further calc           20
 list of relative energies saved as "crest.energies"
 
 -----------------
 Wall Time Summary
 -----------------
              CREGEN wall time :         0h : 0m : 1s
--------------------
Overall wall time  : 0h : 0m : 1s
 
 CREST terminated normally.
