 
       ==============================================
       |                                            |
       |                 C R E S T                  |
       |                                            |
       |  Conformer-Rotamer Ensemble Sampling Tool  |
       |          based on the GFN methods          |
       |             P.Pracht, S.Grimme             |
       |          Universitaet Bonn, MCTC           |
       ==============================================
       Version 2.11, Tue 9. Feb 11:37:45 CEST 2021
  Using the xTB program. Compatible with xTB version 6.4.0
 
   Cite work conducted with this code as

   P. Pracht, F. Bohle, S. Grimme, PCCP, 2020, 22, 7169-7192.

   and  S. Grimme, JCTC, 2019, 15, 2847-2862.
 
   with help from:
   F.Bohle, S.Ehlert, S.Grimme, P.Pracht
 
   This program is distributed in the hope that it will be useful,
   but WITHOUT ANY WARRANTY; without even the implied warranty of
   MERCHANTABILITY or FITNESS FOR A PARTICULAR PURPOSE.

 Command line input:
 > crest 15_cs_16_cs_best.xyz -cregen 15_cs_16_cs.xyz -notopo -ethr 0.31375 -rthr 0.2 -ewin 4.0

  -cregen : CREGEN standalone usage. Sorting file <15_cs_16_cs.xyz>
  -ethr 0.31375
  -rthr 0.2
  -ewin 4.0
 Using only the cregen sorting routine.
 input  file name : 15_cs_16_cs.xyz
 output file name : 15_cs_16_cs.xyz.sorted
 number of atoms                :   111
 number of points on xyz files  :   52
 RMSD threshold                 :   0.2000
 Bconst threshold               :   0.0100
 population threshold           :   0.0500
 conformer energy window  /kcal :   4.0000
 # fragment in coord            :     1
 number of reliable points      :    52
 number of removed by energy    :    25
 number of remaining points     :    27
 reference state Etot :  -2675.71610668128     
 running RMSDs...
 done.
 number of doubles removed by rot/RMSD         :           0
 total number unique points considered further :          27
       Erel/kcal        Etot weight/tot  conformer     set   degen     origin
       1   0.000 -2675.71611    0.52595    0.52595       1       1     16_cs_out_19
       2   0.445 -2675.71540    0.24831    0.24831       2       1     15_cs_out_17
       3   0.926 -2675.71463    0.11029    0.11029       3       1     16_cs_out_16
       4   1.371 -2675.71392    0.05211    0.05211       4       1     16_cs_out_24
       5   2.161 -2675.71266    0.01374    0.01374       5       1     16_cs_out_2
       6   2.251 -2675.71252    0.01181    0.02163       6       2     15_cs_out_22
       7   2.361 -2675.71234    0.00982                                15_cs_out_14
       8   2.522 -2675.71209    0.00748    0.00748       7       1     15_cs_out_9
       9   2.905 -2675.71148    0.00392    0.00392       8       1     16_cs_out_11
      10   3.373 -2675.71073    0.00178    0.00517       9       4     16_cs_out_25
      11   3.610 -2675.71035    0.00119                                16_cs_out_26
      12   3.660 -2675.71027    0.00110                                15_cs_out_1
      13   3.662 -2675.71027    0.00109                                15_cs_out_21
      14   3.737 -2675.71015    0.00096    0.00839      10      10     16_cs_out_6
      15   3.878 -2675.70993    0.00076                                15_cs_out_3
      16   3.748 -2675.71013    0.00095                                15_cs_out_18
      17   3.763 -2675.71011    0.00092                                16_cs_out_23
      18   3.785 -2675.71008    0.00089                                15_cs_out_23
      19   3.947 -2675.70982    0.00068                                15_cs_out_6
      20   3.947 -2675.70982    0.00068                                16_cs_out_7
      21   3.786 -2675.71007    0.00089                                15_cs_out_5
      22   3.809 -2675.71004    0.00085                                16_cs_out_22
      23   3.835 -2675.70999    0.00082                                16_cs_out_20
      24   3.839 -2675.70999    0.00081    0.00223      11       3     15_cs_out_24
      25   3.850 -2675.70997    0.00080                                16_cs_out_9
      26   3.994 -2675.70974    0.00062                                16_cs_out_5
      27   3.873 -2675.70993    0.00077    0.00077      12       1     15_cs_out_7
T /K                                  :   298.15
E lowest                              : -2675.71611
ensemble average energy (kcal)        :    0.456
ensemble entropy (J/mol K, cal/mol K) :   11.734    2.805
ensemble free energy (kcal/mol)       :   -0.836
population of lowest in %             :   52.595
 number of unique conformers for further calc           12
 list of relative energies saved as "crest.energies"
 
 -----------------
 Wall Time Summary
 -----------------
              CREGEN wall time :         0h : 0m : 2s
--------------------
Overall wall time  : 0h : 0m : 2s
 
 CREST terminated normally.
