 
       ==============================================
       |                                            |
       |                 C R E S T                  |
       |                                            |
       |  Conformer-Rotamer Ensemble Sampling Tool  |
       |          based on the GFN methods          |
       |             P.Pracht, S.Grimme             |
       |          Universitaet Bonn, MCTC           |
       ==============================================
       Version 2.11, Tue 9. Feb 11:37:45 CEST 2021
  Using the xTB program. Compatible with xTB version 6.4.0
 
   Cite work conducted with this code as

   P. Pracht, F. Bohle, S. Grimme, PCCP, 2020, 22, 7169-7192.

   and  S. Grimme, JCTC, 2019, 15, 2847-2862.
 
   with help from:
   F.Bohle, S.Ehlert, S.Grimme, P.Pracht
 
   This program is distributed in the hope that it will be useful,
   but WITHOUT ANY WARRANTY; without even the implied warranty of
   MERCHANTABILITY or FITNESS FOR A PARTICULAR PURPOSE.

 Command line input:
 > crest 169_cs_170_cs_best.xyz -cregen 169_cs_170_cs.xyz -notopo -ethr 0.31375 -rthr 0.2 -ewin 4.0

  -cregen : CREGEN standalone usage. Sorting file <169_cs_170_cs.xyz>
  -ethr 0.31375
  -rthr 0.2
  -ewin 4.0
 Using only the cregen sorting routine.
 input  file name : 169_cs_170_cs.xyz
 output file name : 169_cs_170_cs.xyz.sorted
 number of atoms                :   120
 number of points on xyz files  :   16
 RMSD threshold                 :   0.2000
 Bconst threshold               :   0.0100
 population threshold           :   0.0500
 conformer energy window  /kcal :   4.0000
 # fragment in coord            :     1
 number of reliable points      :    16
 number of removed by energy    :     1
 number of remaining points     :    15
 reference state Etot :  -2868.74796931076     
 running RMSDs...
 done.
 number of doubles removed by rot/RMSD         :           4
 total number unique points considered further :          11
       Erel/kcal        Etot weight/tot  conformer     set   degen     origin
       1   0.000 -2868.74797    0.30043    0.30043       1       1     169_cs_out_5
       2   0.148 -2868.74773    0.23398    0.67955       2       3     169_cs_out_7
       3   0.173 -2868.74769    0.22453                                170_cs_out_2
       4   0.182 -2868.74768    0.22104                                170_cs_out_3
       5   2.465 -2868.74404    0.00470    0.00470       3       1     169_cs_out_8
       6   2.525 -2868.74395    0.00425    0.00425       4       1     169_cs_out_6
       7   2.680 -2868.74370    0.00327    0.00327       5       1     169_cs_out_2
       8   2.741 -2868.74360    0.00295    0.00572       6       2     170_cs_out_1
       9   2.779 -2868.74354    0.00277                                169_cs_out_1
      10   3.062 -2868.74309    0.00172    0.00172       7       1     170_cs_out_4
      11   3.992 -2868.74161    0.00036    0.00036       8       1     169_cs_out_3
T /K                                  :   298.15
E lowest                              : -2868.74797
ensemble average energy (kcal)        :    0.167
ensemble entropy (J/mol K, cal/mol K) :   12.344    2.950
ensemble free energy (kcal/mol)       :   -0.880
population of lowest in %             :   30.043
 number of unique conformers for further calc            8
 list of relative energies saved as "crest.energies"
 
 -----------------
 Wall Time Summary
 -----------------
              CREGEN wall time :         0h : 0m : 1s
--------------------
Overall wall time  : 0h : 0m : 1s
 
 CREST terminated normally.
