 
       ==============================================
       |                                            |
       |                 C R E S T                  |
       |                                            |
       |  Conformer-Rotamer Ensemble Sampling Tool  |
       |          based on the GFN methods          |
       |             P.Pracht, S.Grimme             |
       |          Universitaet Bonn, MCTC           |
       ==============================================
       Version 2.11, Tue 9. Feb 11:37:45 CEST 2021
  Using the xTB program. Compatible with xTB version 6.4.0
 
   Cite work conducted with this code as

   P. Pracht, F. Bohle, S. Grimme, PCCP, 2020, 22, 7169-7192.

   and  S. Grimme, JCTC, 2019, 15, 2847-2862.
 
   with help from:
   F.Bohle, S.Ehlert, S.Grimme, P.Pracht
 
   This program is distributed in the hope that it will be useful,
   but WITHOUT ANY WARRANTY; without even the implied warranty of
   MERCHANTABILITY or FITNESS FOR A PARTICULAR PURPOSE.

 Command line input:
 > crest 17_cs_18_cs_best.xyz -cregen 17_cs_18_cs.xyz -notopo -ethr 0.31375 -rthr 0.2 -ewin 4.0

  -cregen : CREGEN standalone usage. Sorting file <17_cs_18_cs.xyz>
  -ethr 0.31375
  -rthr 0.2
  -ewin 4.0
 Using only the cregen sorting routine.
 input  file name : 17_cs_18_cs.xyz
 output file name : 17_cs_18_cs.xyz.sorted
 number of atoms                :   109
 number of points on xyz files  :   28
 RMSD threshold                 :   0.2000
 Bconst threshold               :   0.0100
 population threshold           :   0.0500
 conformer energy window  /kcal :   4.0000
 # fragment in coord            :     1
 number of reliable points      :    28
 number of removed by energy    :     8
 number of remaining points     :    20
 reference state Etot :  -2782.97246547809     
 running RMSDs...
 done.
 number of doubles removed by rot/RMSD         :           0
 total number unique points considered further :          20
       Erel/kcal        Etot weight/tot  conformer     set   degen     origin
       1   0.000 -2782.97247    0.49236    0.49236       1       1     18_cs_out_1
       2   0.471 -2782.97171    0.22233    0.22233       2       1     17_cs_out_2
       3   1.153 -2782.97063    0.07039    0.19480       3       3     17_cs_out_4
       4   1.190 -2782.97057    0.06624                                17_cs_out_5
       5   1.266 -2782.97045    0.05818                                17_cs_out_0
       6   1.655 -2782.96983    0.03022    0.03022       4       1     18_cs_out_5
       7   2.252 -2782.96888    0.01104    0.01104       5       1     18_cs_out_3
       8   2.376 -2782.96868    0.00895    0.00895       6       1     18_cs_out_12
       9   2.396 -2782.96865    0.00866    0.00866       7       1     17_cs_out_6
      10   2.399 -2782.96864    0.00861    0.00861       8       1     18_cs_out_2
      11   2.475 -2782.96852    0.00759    0.00759       9       1     17_cs_out_11
      12   2.692 -2782.96818    0.00526    0.00526      10       1     17_cs_out_10
      13   3.237 -2782.96731    0.00210    0.00210      11       1     17_cs_out_1
      14   3.440 -2782.96698    0.00149    0.00293      12       2     17_cs_out_9
      15   3.458 -2782.96695    0.00144                                17_cs_out_8
      16   3.466 -2782.96694    0.00142    0.00142      13       1     17_cs_out_7
      17   3.545 -2782.96682    0.00125    0.00125      14       1     18_cs_out_6
      18   3.729 -2782.96652    0.00092    0.00092      15       1     18_cs_out_4
      19   3.805 -2782.96640    0.00081    0.00081      16       1     17_cs_out_13
      20   3.837 -2782.96635    0.00076    0.00076      17       1     17_cs_out_12
T /K                                  :   298.15
E lowest                              : -2782.97247
ensemble average energy (kcal)        :    0.545
ensemble entropy (J/mol K, cal/mol K) :   13.527    3.233
ensemble free energy (kcal/mol)       :   -0.964
population of lowest in %             :   49.236
 number of unique conformers for further calc           17
 list of relative energies saved as "crest.energies"
 
 -----------------
 Wall Time Summary
 -----------------
              CREGEN wall time :         0h : 0m : 1s
--------------------
Overall wall time  : 0h : 0m : 1s
 
 CREST terminated normally.
