 
       ==============================================
       |                                            |
       |                 C R E S T                  |
       |                                            |
       |  Conformer-Rotamer Ensemble Sampling Tool  |
       |          based on the GFN methods          |
       |             P.Pracht, S.Grimme             |
       |          Universitaet Bonn, MCTC           |
       ==============================================
       Version 2.11, Tue 9. Feb 11:37:45 CEST 2021
  Using the xTB program. Compatible with xTB version 6.4.0
 
   Cite work conducted with this code as

   P. Pracht, F. Bohle, S. Grimme, PCCP, 2020, 22, 7169-7192.

   and  S. Grimme, JCTC, 2019, 15, 2847-2862.
 
   with help from:
   F.Bohle, S.Ehlert, S.Grimme, P.Pracht
 
   This program is distributed in the hope that it will be useful,
   but WITHOUT ANY WARRANTY; without even the implied warranty of
   MERCHANTABILITY or FITNESS FOR A PARTICULAR PURPOSE.

 Command line input:
 > crest 185_cs_186_cs_best.xyz -cregen 185_cs_186_cs.xyz -notopo -ethr 0.31375 -rthr 0.2 -ewin 4.0

  -cregen : CREGEN standalone usage. Sorting file <185_cs_186_cs.xyz>
  -ethr 0.31375
  -rthr 0.2
  -ewin 4.0
 Using only the cregen sorting routine.
 input  file name : 185_cs_186_cs.xyz
 output file name : 185_cs_186_cs.xyz.sorted
 number of atoms                :   79
 number of points on xyz files  :   4
 RMSD threshold                 :   0.2000
 Bconst threshold               :   0.0100
 population threshold           :   0.0500
 conformer energy window  /kcal :   4.0000
 # fragment in coord            :     1
 number of reliable points      :     4
 reference state Etot :  -2202.60148058964     
 running RMSDs...
 done.
 number of doubles removed by rot/RMSD         :           0
 total number unique points considered further :           4
       Erel/kcal        Etot weight/tot  conformer     set   degen     origin
       1   0.000 -2202.60148    0.33352    1.00000       1       4     186_cs_out_0
       2   0.158 -2202.60123    0.25555                                185_cs_out_1
       3   0.280 -2202.60103    0.20802                                185_cs_out_0
       4   0.295 -2202.60101    0.20291                                186_cs_out_1
T /K                                  :   298.15
E lowest                              : -2202.60148
ensemble average energy (kcal)        :    0.158
ensemble entropy (J/mol K, cal/mol K) :   11.350    2.713
ensemble free energy (kcal/mol)       :   -0.809
population of lowest in %             :  100.000
 number of unique conformers for further calc            1
 list of relative energies saved as "crest.energies"
 
 -----------------
 Wall Time Summary
 -----------------
              CREGEN wall time :         0h : 0m : 0s
--------------------
Overall wall time  : 0h : 0m : 0s
 
 CREST terminated normally.
