
       ==============================================
       |                                            |
       |                 C R E S T                  |
       |                                            |
       |  Conformer-Rotamer Ensemble Sampling Tool  |
       |          based on the GFN methods          |
       |             P.Pracht, S.Grimme             |
       |          Universitaet Bonn, MCTC           |
       ==============================================
       Version 2.12,   Thu 19. Mai 16:32:32 CEST 2022
  Using the xTB program. Compatible with xTB version 6.4.0

   Cite work conducted with this code as

   • P.Pracht, F.Bohle, S.Grimme, PCCP, 2020, 22, 7169-7192.
   • S.Grimme, JCTC, 2019, 15, 2847-2862.

   and for works involving QCG as

   • S.Spicher, C.Plett, P.Pracht, A.Hansen, S.Grimme,
     JCTC, 2022, 18 (5), 3174-3189.

   with help from:
   C.Bannwarth, F.Bohle, S.Ehlert, S.Grimme,
   C.Plett, P.Pracht, S.Spicher

   This program is distributed in the hope that it will be useful,
   but WITHOUT ANY WARRANTY; without even the implied warranty of
   MERCHANTABILITY or FITNESS FOR A PARTICULAR PURPOSE.

 Command line input:
 > crest 1R4S-catASium-T2_1_1R4S-catASium-T2_2_best.xyz -cregen 1R4S-catASium-T2_1_1R4S-catASium-T2_2.xyz -notopo -ethr 0.31375 -rthr 0.2 -ewin 4.0

  -cregen : CREGEN standalone usage. Sorting file <1R4S-catASium-T2_1_1R4S-catASium-T2_2.xyz>
  -ethr 0.31375
  -rthr 0.2
  -ewin 4.0
 Using only the cregen sorting routine.
 input  file name : 1R4S-catASium-T2_1_1R4S-catASium-T2_2.xyz
 output file name : 1R4S-catASium-T2_1_1R4S-catASium-T2_2.xyz.sorted
 number of atoms                :   124
 number of points on xyz files  :   4
 RMSD threshold                 :   0.2000
 Bconst threshold               :   0.0100
 population threshold           :   0.0500
 conformer energy window  /kcal :   4.0000
 # fragment in coord            :     1
 number of reliable points      :     4
 reference state Etot :  -5.5656240398265817     
 running RMSDs...
 done.
 number of doubles removed by rot/RMSD         :           0
 total number unique points considered further :           4
       Erel/kcal        Etot weight/tot  conformer     set   degen     origin
       1   0.000    -5.56562    0.25029    0.25029       1       1     1R4S-catASium-T2_2_out_2
       2   0.000    -5.56562    0.25029    0.25029       2       1     1R4S-catASium-T2_1_out_0
       3   0.001    -5.56562    0.24971    0.49942       3       2     1R4S-catASium-T2_2_out_0
       4   0.001    -5.56562    0.24971                                1R4S-catASium-T2_2_out_1
T /K                                  :   298.15
E lowest                              :    -5.56562
ensemble average energy (kcal)        :    0.001
ensemble entropy (J/mol K, cal/mol K) :   11.526    2.755
ensemble free energy (kcal/mol)       :   -0.821
population of lowest in %             :   25.029
 number of unique conformers for further calc            3
 list of relative energies saved as "crest.energies"

 -----------------
 Wall Time Summary
 -----------------
              CREGEN wall time :         0h : 0m : 0s
--------------------
Overall wall time  : 0h : 0m : 0s

 CREST terminated normally.
