 
       ==============================================
       |                                            |
       |                 C R E S T                  |
       |                                            |
       |  Conformer-Rotamer Ensemble Sampling Tool  |
       |          based on the GFN methods          |
       |             P.Pracht, S.Grimme             |
       |          Universitaet Bonn, MCTC           |
       ==============================================
       Version 2.11, Tue 9. Feb 11:37:45 CEST 2021
  Using the xTB program. Compatible with xTB version 6.4.0
 
   Cite work conducted with this code as

   P. Pracht, F. Bohle, S. Grimme, PCCP, 2020, 22, 7169-7192.

   and  S. Grimme, JCTC, 2019, 15, 2847-2862.
 
   with help from:
   F.Bohle, S.Ehlert, S.Grimme, P.Pracht
 
   This program is distributed in the hope that it will be useful,
   but WITHOUT ANY WARRANTY; without even the implied warranty of
   MERCHANTABILITY or FITNESS FOR A PARTICULAR PURPOSE.

 Command line input:
 > crest 21_cs_22_cs_best.xyz -cregen 21_cs_22_cs.xyz -notopo -ethr 0.31375 -rthr 0.2 -ewin 4.0

  -cregen : CREGEN standalone usage. Sorting file <21_cs_22_cs.xyz>
  -ethr 0.31375
  -rthr 0.2
  -ewin 4.0
 Using only the cregen sorting routine.
 input  file name : 21_cs_22_cs.xyz
 output file name : 21_cs_22_cs.xyz.sorted
 number of atoms                :   79
 number of points on xyz files  :   5
 RMSD threshold                 :   0.2000
 Bconst threshold               :   0.0100
 population threshold           :   0.0500
 conformer energy window  /kcal :   4.0000
 # fragment in coord            :     1
 number of reliable points      :     5
 reference state Etot :  -2394.43823947809     
 running RMSDs...
 done.
 number of doubles removed by rot/RMSD         :           0
 total number unique points considered further :           5
       Erel/kcal        Etot weight/tot  conformer     set   degen     origin
       1   0.000 -2394.43824    0.39714    0.39714       1       1     22_cs_out_1
       2   0.409 -2394.43759    0.19930    0.36400       2       2     21_cs_out_0
       3   0.522 -2394.43741    0.16471                                22_cs_out_0
       4   0.645 -2394.43721    0.13379    0.13379       3       1     21_cs_out_1
       5   0.789 -2394.43698    0.10506    0.10506       4       1     22_cs_out_2
T /K                                  :   298.15
E lowest                              : -2394.43824
ensemble average energy (kcal)        :    0.337
ensemble entropy (J/mol K, cal/mol K) :   12.398    2.963
ensemble free energy (kcal/mol)       :   -0.883
population of lowest in %             :   39.714
 number of unique conformers for further calc            4
 list of relative energies saved as "crest.energies"
 
 -----------------
 Wall Time Summary
 -----------------
              CREGEN wall time :         0h : 0m : 0s
--------------------
Overall wall time  : 0h : 0m : 0s
 
 CREST terminated normally.
