
       ==============================================
       |                                            |
       |                 C R E S T                  |
       |                                            |
       |  Conformer-Rotamer Ensemble Sampling Tool  |
       |          based on the GFN methods          |
       |             P.Pracht, S.Grimme             |
       |          Universitaet Bonn, MCTC           |
       ==============================================
       Version 2.12,   Thu 19. Mai 16:32:32 CEST 2022
  Using the xTB program. Compatible with xTB version 6.4.0

   Cite work conducted with this code as

   • P.Pracht, F.Bohle, S.Grimme, PCCP, 2020, 22, 7169-7192.
   • S.Grimme, JCTC, 2019, 15, 2847-2862.

   and for works involving QCG as

   • S.Spicher, C.Plett, P.Pracht, A.Hansen, S.Grimme,
     JCTC, 2022, 18 (5), 3174-3189.

   with help from:
   C.Bannwarth, F.Bohle, S.Ehlert, S.Grimme,
   C.Plett, P.Pracht, S.Spicher

   This program is distributed in the hope that it will be useful,
   but WITHOUT ANY WARRANTY; without even the implied warranty of
   MERCHANTABILITY or FITNESS FOR A PARTICULAR PURPOSE.

 Command line input:
 > crest 306_1_1_306_1_2_best.xyz -cregen 306_1_1_306_1_2.xyz -notopo -ethr 0.31375 -rthr 0.2 -ewin 4.0

  -cregen : CREGEN standalone usage. Sorting file <306_1_1_306_1_2.xyz>
  -ethr 0.31375
  -rthr 0.2
  -ewin 4.0
 Using only the cregen sorting routine.
 input  file name : 306_1_1_306_1_2.xyz
 output file name : 306_1_1_306_1_2.xyz.sorted
 number of atoms                :   105
 number of points on xyz files  :   28
 RMSD threshold                 :   0.2000
 Bconst threshold               :   0.0100
 population threshold           :   0.0500
 conformer energy window  /kcal :   4.0000
 # fragment in coord            :     1
 number of reliable points      :    28
 reference state Etot :  -4.6748854828329396     
 running RMSDs...
 done.
 number of doubles removed by rot/RMSD         :           3
 total number unique points considered further :          25
       Erel/kcal        Etot weight/tot  conformer     set   degen     origin
       1   0.000    -4.67489    0.04027    0.16092       1       4     306_1_1_out_8
       2   0.000    -4.67489    0.04026                                306_1_2_out_3
       3   0.001    -4.67488    0.04020                                306_1_2_out_0
       4   0.001    -4.67488    0.04019                                306_1_1_out_0
       5   0.001    -4.67488    0.04020    0.20094       2       5     306_1_2_out_1
       6   0.001    -4.67488    0.04018                                306_1_2_out_6
       7   0.001    -4.67488    0.04020                                306_1_2_out_9
       8   0.001    -4.67488    0.04018                                306_1_1_out_5
       9   0.001    -4.67488    0.04018                                306_1_2_out_7
      10   0.001    -4.67488    0.04018    0.08045       3       2     306_1_2_out_5
      11   0.000    -4.67489    0.04027                                306_1_1_out_3
      12   0.006    -4.67488    0.03990    0.07967       4       2     306_1_1_out_4
      13   0.007    -4.67487    0.03977                                306_1_1_out_7
      14   0.007    -4.67487    0.03977    0.07997       5       2     306_1_1_out_9
      15   0.001    -4.67488    0.04020                                306_1_1_out_1
      16   0.007    -4.67487    0.03977    0.07967       6       2     306_1_2_out_10
      17   0.005    -4.67488    0.03990                                306_1_2_out_4
      18   0.000    -4.67489    0.04027    0.12019       7       3     306_1_1_out_2
      19   0.000    -4.67489    0.04026                                306_1_2_out_2
      20   0.009    -4.67487    0.03967                                306_1_1_out_13
      21   0.007    -4.67487    0.03977    0.19819       8       5     306_1_1_out_10
      22   0.009    -4.67487    0.03966                                306_1_2_out_13
      23   0.011    -4.67487    0.03950                                306_1_2_out_12
      24   0.011    -4.67487    0.03950                                306_1_1_out_11
      25   0.007    -4.67487    0.03977                                306_1_1_out_12
T /K                                  :   298.15
E lowest                              :    -4.67489
ensemble average energy (kcal)        :    0.004
ensemble entropy (J/mol K, cal/mol K) :   26.763    6.397
ensemble free energy (kcal/mol)       :   -1.907
population of lowest in %             :   16.092
 number of unique conformers for further calc            8
 list of relative energies saved as "crest.energies"

 -----------------
 Wall Time Summary
 -----------------
              CREGEN wall time :         0h : 0m : 0s
--------------------
Overall wall time  : 0h : 0m : 0s

 CREST terminated normally.
