 
       ==============================================
       |                                            |
       |                 C R E S T                  |
       |                                            |
       |  Conformer-Rotamer Ensemble Sampling Tool  |
       |          based on the GFN methods          |
       |             P.Pracht, S.Grimme             |
       |          Universitaet Bonn, MCTC           |
       ==============================================
       Version 2.11, Tue 9. Feb 11:37:45 CEST 2021
  Using the xTB program. Compatible with xTB version 6.4.0
 
   Cite work conducted with this code as

   P. Pracht, F. Bohle, S. Grimme, PCCP, 2020, 22, 7169-7192.

   and  S. Grimme, JCTC, 2019, 15, 2847-2862.
 
   with help from:
   F.Bohle, S.Ehlert, S.Grimme, P.Pracht
 
   This program is distributed in the hope that it will be useful,
   but WITHOUT ANY WARRANTY; without even the implied warranty of
   MERCHANTABILITY or FITNESS FOR A PARTICULAR PURPOSE.

 Command line input:
 > crest 35_cs_36_cs_best.xyz -cregen 35_cs_36_cs.xyz -notopo -ethr 0.31375 -rthr 0.2 -ewin 4.0

  -cregen : CREGEN standalone usage. Sorting file <35_cs_36_cs.xyz>
  -ethr 0.31375
  -rthr 0.2
  -ewin 4.0
 Using only the cregen sorting routine.
 input  file name : 35_cs_36_cs.xyz
 output file name : 35_cs_36_cs.xyz.sorted
 number of atoms                :   81
 number of points on xyz files  :   9
 RMSD threshold                 :   0.2000
 Bconst threshold               :   0.0100
 population threshold           :   0.0500
 conformer energy window  /kcal :   4.0000
 # fragment in coord            :     1
 number of reliable points      :     9
 number of removed by energy    :     1
 number of remaining points     :     8
 reference state Etot :  -4381.45622332271     
 running RMSDs...
 done.
 number of doubles removed by rot/RMSD         :           0
 total number unique points considered further :           8
       Erel/kcal        Etot weight/tot  conformer     set   degen     origin
       1   0.000 -4381.45622    0.48070    0.80525       1       2     35_cs_out_2
       2   0.233 -4381.45585    0.32455                                36_cs_out_0
       3   1.012 -4381.45461    0.08729    0.16840       2       2     35_cs_out_5
       4   1.055 -4381.45454    0.08111                                35_cs_out_0
       5   2.311 -4381.45254    0.00976    0.01687       3       2     35_cs_out_7
       6   2.499 -4381.45224    0.00710                                35_cs_out_6
       7   2.644 -4381.45201    0.00557    0.00949       4       2     35_cs_out_3
       8   2.852 -4381.45168    0.00392                                35_cs_out_4
T /K                                  :   298.15
E lowest                              : -4381.45622
ensemble average energy (kcal)        :    0.316
ensemble entropy (J/mol K, cal/mol K) :   10.517    2.514
ensemble free energy (kcal/mol)       :   -0.749
population of lowest in %             :   80.525
 number of unique conformers for further calc            4
 list of relative energies saved as "crest.energies"
 
 -----------------
 Wall Time Summary
 -----------------
              CREGEN wall time :         0h : 0m : 1s
--------------------
Overall wall time  : 0h : 0m : 1s
 
 CREST terminated normally.
