 
       ==============================================
       |                                            |
       |                 C R E S T                  |
       |                                            |
       |  Conformer-Rotamer Ensemble Sampling Tool  |
       |          based on the GFN methods          |
       |             P.Pracht, S.Grimme             |
       |          Universitaet Bonn, MCTC           |
       ==============================================
       Version 2.11, Tue 9. Feb 11:37:45 CEST 2021
  Using the xTB program. Compatible with xTB version 6.4.0
 
   Cite work conducted with this code as

   P. Pracht, F. Bohle, S. Grimme, PCCP, 2020, 22, 7169-7192.

   and  S. Grimme, JCTC, 2019, 15, 2847-2862.
 
   with help from:
   F.Bohle, S.Ehlert, S.Grimme, P.Pracht
 
   This program is distributed in the hope that it will be useful,
   but WITHOUT ANY WARRANTY; without even the implied warranty of
   MERCHANTABILITY or FITNESS FOR A PARTICULAR PURPOSE.

 Command line input:
 > crest 37_cs_38_cs_best.xyz -cregen 37_cs_38_cs.xyz -notopo -ethr 0.31375 -rthr 0.2 -ewin 4.0

  -cregen : CREGEN standalone usage. Sorting file <37_cs_38_cs.xyz>
  -ethr 0.31375
  -rthr 0.2
  -ewin 4.0
 Using only the cregen sorting routine.
 input  file name : 37_cs_38_cs.xyz
 output file name : 37_cs_38_cs.xyz.sorted
 number of atoms                :   83
 number of points on xyz files  :   9
 RMSD threshold                 :   0.2000
 Bconst threshold               :   0.0100
 population threshold           :   0.0500
 conformer energy window  /kcal :   4.0000
 # fragment in coord            :     1
 number of reliable points      :     9
 reference state Etot :  -2396.03899714343     
 running RMSDs...
 done.
 number of doubles removed by rot/RMSD         :           0
 total number unique points considered further :           9
       Erel/kcal        Etot weight/tot  conformer     set   degen     origin
       1   0.000 -2396.03900    0.19937    0.57007       1       3     37_cs_out_0
       2   0.079 -2396.03887    0.17448                                38_cs_out_0
       3   0.009 -2396.03898    0.19622                                38_cs_out_2
       4   0.075 -2396.03888    0.17564    0.34637       2       2     37_cs_out_4
       5   0.092 -2396.03885    0.17072                                37_cs_out_2
       6   1.080 -2396.03728    0.03227    0.07574       3       3     38_cs_out_3
       7   1.276 -2396.03696    0.02320                                37_cs_out_3
       8   1.355 -2396.03684    0.02028                                37_cs_out_1
       9   1.920 -2396.03594    0.00783    0.00783       4       1     38_cs_out_1
T /K                                  :   298.15
E lowest                              : -2396.03900
ensemble average energy (kcal)        :    0.151
ensemble entropy (J/mol K, cal/mol K) :   15.532    3.712
ensemble free energy (kcal/mol)       :   -1.107
population of lowest in %             :   57.007
 number of unique conformers for further calc            4
 list of relative energies saved as "crest.energies"
 
 -----------------
 Wall Time Summary
 -----------------
              CREGEN wall time :         0h : 0m : 2s
--------------------
Overall wall time  : 0h : 0m : 2s
 
 CREST terminated normally.
