
       ==============================================
       |                                            |
       |                 C R E S T                  |
       |                                            |
       |  Conformer-Rotamer Ensemble Sampling Tool  |
       |          based on the GFN methods          |
       |             P.Pracht, S.Grimme             |
       |          Universitaet Bonn, MCTC           |
       ==============================================
       Version 2.12,   Thu 19. Mai 16:32:32 CEST 2022
  Using the xTB program. Compatible with xTB version 6.4.0

   Cite work conducted with this code as

   • P.Pracht, F.Bohle, S.Grimme, PCCP, 2020, 22, 7169-7192.
   • S.Grimme, JCTC, 2019, 15, 2847-2862.

   and for works involving QCG as

   • S.Spicher, C.Plett, P.Pracht, A.Hansen, S.Grimme,
     JCTC, 2022, 18 (5), 3174-3189.

   with help from:
   C.Bannwarth, F.Bohle, S.Ehlert, S.Grimme,
   C.Plett, P.Pracht, S.Spicher

   This program is distributed in the hope that it will be useful,
   but WITHOUT ANY WARRANTY; without even the implied warranty of
   MERCHANTABILITY or FITNESS FOR A PARTICULAR PURPOSE.

 Command line input:
 > crest 475_1_475_2_best.xyz -cregen 475_1_475_2.xyz -notopo -ethr 0.31375 -rthr 0.2 -ewin 4.0

  -cregen : CREGEN standalone usage. Sorting file <475_1_475_2.xyz>
  -ethr 0.31375
  -rthr 0.2
  -ewin 4.0
 Using only the cregen sorting routine.
 input  file name : 475_1_475_2.xyz
 output file name : 475_1_475_2.xyz.sorted
 number of atoms                :   197
 number of points on xyz files  :   80
 RMSD threshold                 :   0.2000
 Bconst threshold               :   0.0100
 population threshold           :   0.0500
 conformer energy window  /kcal :   4.0000
 # fragment in coord            :     1
 number of reliable points      :    80
 reference state Etot :  -8.6744092760976574     
 running RMSDs...
 done.
 number of doubles removed by rot/RMSD         :           4
 total number unique points considered further :          76
       Erel/kcal        Etot weight/tot  conformer     set   degen     origin
       1   0.000    -8.67441    0.01345    0.02685       1       2     475_2_out_4
       2   0.002    -8.67441    0.01340                                475_2_out_24
       3   0.002    -8.67441    0.01340    0.01340       2       1     475_2_out_25
       4   0.002    -8.67441    0.01340    0.01340       3       1     475_2_out_21
       5   0.004    -8.67440    0.01336    0.04005       4       3     475_1_out_1
       6   0.004    -8.67440    0.01335                                475_2_out_15
       7   0.005    -8.67440    0.01334                                475_2_out_37
       8   0.005    -8.67440    0.01334    0.01334       5       1     475_2_out_22
       9   0.006    -8.67440    0.01331    0.01331       6       1     475_2_out_33
      10   0.007    -8.67440    0.01330    0.01330       7       1     475_2_out_9
      11   0.009    -8.67440    0.01325    0.03973       8       3     475_1_out_22
      12   0.009    -8.67439    0.01324                                475_2_out_29
      13   0.010    -8.67439    0.01323                                475_1_out_34
      14   0.002    -8.67441    0.01340    0.01340       9       1     475_2_out_2
      15   0.010    -8.67439    0.01323    0.03968      10       3     475_2_out_7
      16   0.010    -8.67439    0.01322                                475_2_out_11
      17   0.010    -8.67439    0.01322                                475_2_out_1
      18   0.010    -8.67439    0.01322    0.02644      11       2     475_2_out_26
      19   0.010    -8.67439    0.01322                                475_2_out_10
      20   0.010    -8.67439    0.01321    0.01321      12       1     475_2_out_32
      21   0.011    -8.67439    0.01320    0.01320      13       1     475_1_out_13
      22   0.011    -8.67439    0.01319    0.01319      14       1     475_1_out_16
      23   0.004    -8.67440    0.01336    0.01336      15       1     475_2_out_31
      24   0.011    -8.67439    0.01319    0.01319      16       1     475_1_out_29
      25   0.011    -8.67439    0.01319    0.01319      17       1     475_1_out_39
      26   0.011    -8.67439    0.01319    0.02638      18       2     475_2_out_6
      27   0.011    -8.67439    0.01319                                475_2_out_14
      28   0.011    -8.67439    0.01319    0.02638      19       2     475_2_out_28
      29   0.012    -8.67439    0.01319                                475_1_out_0
      30   0.012    -8.67439    0.01319    0.01319      20       1     475_1_out_37
      31   0.012    -8.67439    0.01319    0.01319      21       1     475_1_out_35
      32   0.012    -8.67439    0.01318    0.01318      22       1     475_2_out_38
      33   0.010    -8.67439    0.01322    0.01322      23       1     475_2_out_16
      34   0.013    -8.67439    0.01317    0.01317      24       1     475_1_out_31
      35   0.008    -8.67440    0.01327    0.01327      25       1     475_1_out_19
      36   0.013    -8.67439    0.01316    0.01316      26       1     475_1_out_4
      37   0.013    -8.67439    0.01316    0.01316      27       1     475_1_out_9
      38   0.014    -8.67439    0.01314    0.01314      28       1     475_2_out_19
      39   0.014    -8.67439    0.01313    0.01313      29       1     475_2_out_23
      40   0.009    -8.67440    0.01325    0.01325      30       1     475_1_out_2
      41   0.014    -8.67439    0.01313    0.01313      31       1     475_2_out_39
      42   0.014    -8.67439    0.01313    0.01313      32       1     475_2_out_27
      43   0.014    -8.67439    0.01313    0.02624      33       2     475_1_out_5
      44   0.015    -8.67439    0.01312                                475_2_out_30
      45   0.015    -8.67439    0.01311    0.01311      34       1     475_1_out_10
      46   0.011    -8.67439    0.01321    0.01321      35       1     475_1_out_36
      47   0.015    -8.67439    0.01311    0.01311      36       1     475_1_out_14
      48   0.015    -8.67439    0.01311    0.01311      37       1     475_2_out_35
      49   0.015    -8.67439    0.01311    0.01311      38       1     475_2_out_34
      50   0.016    -8.67438    0.01310    0.01310      39       1     475_1_out_8
      51   0.014    -8.67439    0.01314    0.01314      40       1     475_2_out_12
      52   0.016    -8.67438    0.01309    0.01309      41       1     475_2_out_36
      53   0.016    -8.67438    0.01309    0.01309      42       1     475_1_out_11
      54   0.017    -8.67438    0.01307    0.01307      43       1     475_1_out_7
      55   0.017    -8.67438    0.01306    0.01306      44       1     475_2_out_3
      56   0.018    -8.67438    0.01305    0.01305      45       1     475_1_out_18
      57   0.019    -8.67438    0.01302    0.01302      46       1     475_2_out_18
      58   0.019    -8.67438    0.01302    0.01302      47       1     475_1_out_33
      59   0.019    -8.67438    0.01302    0.01302      48       1     475_2_out_5
      60   0.006    -8.67440    0.01332    0.01332      49       1     475_1_out_6
      61   0.009    -8.67440    0.01325    0.01325      50       1     475_1_out_26
      62   0.020    -8.67438    0.01301    0.01301      51       1     475_1_out_21
      63   0.000    -8.67441    0.01344    0.01344      52       1     475_2_out_0
      64   0.020    -8.67438    0.01301    0.01301      53       1     475_1_out_27
      65   0.020    -8.67438    0.01301    0.01301      54       1     475_1_out_38
      66   0.020    -8.67438    0.01300    0.01300      55       1     475_1_out_12
      67   0.006    -8.67440    0.01332    0.01332      56       1     475_2_out_8
      68   0.021    -8.67438    0.01298    0.01298      57       1     475_2_out_20
      69   0.023    -8.67437    0.01294    0.01294      58       1     475_1_out_30
      70   0.023    -8.67437    0.01293    0.01293      59       1     475_1_out_24
      71   0.024    -8.67437    0.01293    0.01293      60       1     475_1_out_23
      72   0.025    -8.67437    0.01289    0.01289      61       1     475_1_out_15
      73   0.028    -8.67437    0.01283    0.01283      62       1     475_1_out_28
      74   0.029    -8.67436    0.01280    0.01280      63       1     475_1_out_20
      75   0.030    -8.67436    0.01279    0.01279      64       1     475_1_out_3
      76   0.035    -8.67435    0.01268    0.01268      65       1     475_1_out_32
T /K                                  :   298.15
E lowest                              :    -8.67441
ensemble average energy (kcal)        :    0.013
ensemble entropy (J/mol K, cal/mol K) :   36.007    8.606
ensemble free energy (kcal/mol)       :   -2.566
population of lowest in %             :    2.685
 number of unique conformers for further calc           65
 list of relative energies saved as "crest.energies"

 -----------------
 Wall Time Summary
 -----------------
              CREGEN wall time :         0h : 0m : 0s
--------------------
Overall wall time  : 0h : 0m : 0s

 CREST terminated normally.
