
       ==============================================
       |                                            |
       |                 C R E S T                  |
       |                                            |
       |  Conformer-Rotamer Ensemble Sampling Tool  |
       |          based on the GFN methods          |
       |             P.Pracht, S.Grimme             |
       |          Universitaet Bonn, MCTC           |
       ==============================================
       Version 2.12,   Thu 19. Mai 16:32:32 CEST 2022
  Using the xTB program. Compatible with xTB version 6.4.0

   Cite work conducted with this code as

   • P.Pracht, F.Bohle, S.Grimme, PCCP, 2020, 22, 7169-7192.
   • S.Grimme, JCTC, 2019, 15, 2847-2862.

   and for works involving QCG as

   • S.Spicher, C.Plett, P.Pracht, A.Hansen, S.Grimme,
     JCTC, 2022, 18 (5), 3174-3189.

   with help from:
   C.Bannwarth, F.Bohle, S.Ehlert, S.Grimme,
   C.Plett, P.Pracht, S.Spicher

   This program is distributed in the hope that it will be useful,
   but WITHOUT ANY WARRANTY; without even the implied warranty of
   MERCHANTABILITY or FITNESS FOR A PARTICULAR PURPOSE.

 Command line input:
 > crest 478_1_478_2_best.xyz -cregen 478_1_478_2.xyz -notopo -ethr 0.31375 -rthr 0.2 -ewin 4.0

  -cregen : CREGEN standalone usage. Sorting file <478_1_478_2.xyz>
  -ethr 0.31375
  -rthr 0.2
  -ewin 4.0
 Using only the cregen sorting routine.
 input  file name : 478_1_478_2.xyz
 output file name : 478_1_478_2.xyz.sorted
 number of atoms                :   197
 number of points on xyz files  :   80
 RMSD threshold                 :   0.2000
 Bconst threshold               :   0.0100
 population threshold           :   0.0500
 conformer energy window  /kcal :   4.0000
 # fragment in coord            :     1
 number of reliable points      :    80
 reference state Etot :  -8.6744010760140071     
 running RMSDs...
 done.
 number of doubles removed by rot/RMSD         :           2
 total number unique points considered further :          78
       Erel/kcal        Etot weight/tot  conformer     set   degen     origin
       1   0.000    -8.67440    0.01323    0.01323       1       1     478_2_out_9
       2   0.000    -8.67440    0.01323    0.02647       2       2     478_2_out_13
       3   0.000    -8.67440    0.01323                                478_2_out_25
       4   0.004    -8.67439    0.01315    0.02627       3       2     478_2_out_27
       5   0.005    -8.67439    0.01313                                478_2_out_32
       6   0.005    -8.67439    0.01313    0.01313       4       1     478_2_out_1
       7   0.007    -8.67439    0.01309    0.03919       5       3     478_2_out_5
       8   0.008    -8.67439    0.01305                                478_2_out_15
       9   0.008    -8.67439    0.01305                                478_2_out_31
      10   0.009    -8.67439    0.01304    0.01304       6       1     478_2_out_17
      11   0.009    -8.67439    0.01303    0.01303       7       1     478_2_out_18
      12   0.013    -8.67438    0.01295    0.01295       8       1     478_2_out_22
      13   0.000    -8.67440    0.01323    0.01323       9       1     478_2_out_14
      14   0.009    -8.67439    0.01303    0.06481      10       5     478_2_out_3
      15   0.009    -8.67439    0.01303                                478_2_out_7
      16   0.014    -8.67438    0.01293                                478_1_out_1
      17   0.015    -8.67438    0.01291                                478_1_out_35
      18   0.015    -8.67438    0.01291                                478_1_out_19
      19   0.016    -8.67438    0.01289    0.02577      11       2     478_1_out_5
      20   0.016    -8.67438    0.01289                                478_1_out_38
      21   0.017    -8.67437    0.01287    0.01287      12       1     478_2_out_28
      22   0.017    -8.67437    0.01287    0.01287      13       1     478_2_out_16
      23   0.017    -8.67437    0.01287    0.03856      14       3     478_2_out_19
      24   0.016    -8.67438    0.01289                                478_1_out_3
      25   0.019    -8.67437    0.01281                                478_2_out_33
      26   0.014    -8.67438    0.01293    0.01293      15       1     478_1_out_13
      27   0.016    -8.67438    0.01289    0.05135      16       4     478_1_out_30
      28   0.020    -8.67437    0.01280                                478_1_out_2
      29   0.017    -8.67437    0.01287                                478_2_out_29
      30   0.020    -8.67437    0.01280                                478_1_out_12
      31   0.010    -8.67438    0.01300    0.01300      17       1     478_2_out_39
      32   0.020    -8.67437    0.01280    0.01280      18       1     478_1_out_8
      33   0.010    -8.67438    0.01300    0.06406      19       5     478_2_out_23
      34   0.020    -8.67437    0.01280                                478_1_out_0
      35   0.022    -8.67437    0.01276                                478_1_out_4
      36   0.022    -8.67437    0.01275                                478_1_out_11
      37   0.022    -8.67437    0.01275                                478_1_out_7
      38   0.022    -8.67437    0.01274    0.01274      20       1     478_2_out_0
      39   0.023    -8.67436    0.01274    0.01274      21       1     478_2_out_8
      40   0.017    -8.67437    0.01286    0.01286      22       1     478_1_out_6
      41   0.023    -8.67436    0.01273    0.02546      23       2     478_2_out_24
      42   0.023    -8.67436    0.01273                                478_2_out_21
      43   0.023    -8.67436    0.01273    0.01273      24       1     478_2_out_20
      44   0.023    -8.67436    0.01273    0.01273      25       1     478_2_out_11
      45   0.024    -8.67436    0.01270    0.03828      26       3     478_1_out_24
      46   0.024    -8.67436    0.01270                                478_1_out_15
      47   0.016    -8.67437    0.01287                                478_2_out_38
      48   0.026    -8.67436    0.01266    0.02541      27       2     478_1_out_21
      49   0.022    -8.67437    0.01275                                478_1_out_27
      50   0.020    -8.67437    0.01280    0.01280      28       1     478_1_out_29
      51   0.027    -8.67436    0.01265    0.01265      29       1     478_2_out_6
      52   0.028    -8.67436    0.01263    0.01263      30       1     478_1_out_18
      53   0.005    -8.67439    0.01312    0.01312      31       1     478_2_out_4
      54   0.015    -8.67438    0.01291    0.01291      32       1     478_1_out_26
      55   0.028    -8.67436    0.01263    0.01263      33       1     478_1_out_10
      56   0.028    -8.67436    0.01262    0.01262      34       1     478_1_out_32
      57   0.029    -8.67436    0.01260    0.05034      35       4     478_1_out_37
      58   0.029    -8.67435    0.01260                                478_1_out_25
      59   0.030    -8.67435    0.01258                                478_1_out_14
      60   0.031    -8.67435    0.01256                                478_1_out_33
      61   0.031    -8.67435    0.01256    0.01256      36       1     478_1_out_17
      62   0.032    -8.67435    0.01254    0.02507      37       2     478_2_out_10
      63   0.032    -8.67435    0.01253                                478_2_out_36
      64   0.033    -8.67435    0.01252    0.01252      38       1     478_1_out_34
      65   0.018    -8.67437    0.01283    0.02552      39       2     478_1_out_36
      66   0.025    -8.67436    0.01269                                478_2_out_12
      67   0.022    -8.67437    0.01275    0.01275      40       1     478_1_out_9
      68   0.033    -8.67435    0.01252    0.02497      41       2     478_2_out_2
      69   0.037    -8.67434    0.01244                                478_1_out_31
      70   0.037    -8.67434    0.01244    0.01244      42       1     478_1_out_39
      71   0.037    -8.67434    0.01243    0.01243      43       1     478_1_out_28
      72   0.015    -8.67438    0.01290    0.01290      44       1     478_2_out_34
      73   0.005    -8.67439    0.01312    0.01312      45       1     478_2_out_37
      74   0.022    -8.67437    0.01275    0.01275      46       1     478_1_out_20
      75   0.030    -8.67435    0.01257    0.01257      47       1     478_1_out_23
      76   0.025    -8.67436    0.01268    0.01268      48       1     478_2_out_35
      77   0.026    -8.67436    0.01266    0.01266      49       1     478_1_out_22
      78   0.019    -8.67437    0.01282    0.01282      50       1     478_1_out_16
T /K                                  :   298.15
E lowest                              :    -8.67440
ensemble average energy (kcal)        :    0.019
ensemble entropy (J/mol K, cal/mol K) :   36.223    8.657
ensemble free energy (kcal/mol)       :   -2.581
population of lowest in %             :    1.323
 number of unique conformers for further calc           50
 list of relative energies saved as "crest.energies"

 -----------------
 Wall Time Summary
 -----------------
              CREGEN wall time :         0h : 0m : 0s
--------------------
Overall wall time  : 0h : 0m : 0s

 CREST terminated normally.
