 
       ==============================================
       |                                            |
       |                 C R E S T                  |
       |                                            |
       |  Conformer-Rotamer Ensemble Sampling Tool  |
       |          based on the GFN methods          |
       |             P.Pracht, S.Grimme             |
       |          Universitaet Bonn, MCTC           |
       ==============================================
       Version 2.11, Tue 9. Feb 11:37:45 CEST 2021
  Using the xTB program. Compatible with xTB version 6.4.0
 
   Cite work conducted with this code as

   P. Pracht, F. Bohle, S. Grimme, PCCP, 2020, 22, 7169-7192.

   and  S. Grimme, JCTC, 2019, 15, 2847-2862.
 
   with help from:
   F.Bohle, S.Ehlert, S.Grimme, P.Pracht
 
   This program is distributed in the hope that it will be useful,
   but WITHOUT ANY WARRANTY; without even the implied warranty of
   MERCHANTABILITY or FITNESS FOR A PARTICULAR PURPOSE.

 Command line input:
 > crest 51_cs_52_cs_best.xyz -cregen 51_cs_52_cs.xyz -notopo -ethr 0.31375 -rthr 0.2 -ewin 4.0

  -cregen : CREGEN standalone usage. Sorting file <51_cs_52_cs.xyz>
  -ethr 0.31375
  -rthr 0.2
  -ewin 4.0
 Using only the cregen sorting routine.
 input  file name : 51_cs_52_cs.xyz
 output file name : 51_cs_52_cs.xyz.sorted
 number of atoms                :   95
 number of points on xyz files  :   17
 RMSD threshold                 :   0.2000
 Bconst threshold               :   0.0100
 population threshold           :   0.0500
 conformer energy window  /kcal :   4.0000
 # fragment in coord            :     1
 number of reliable points      :    17
 reference state Etot :  -2779.25241765339     
 running RMSDs...
 done.
 number of doubles removed by rot/RMSD         :           2
 total number unique points considered further :          15
       Erel/kcal        Etot weight/tot  conformer     set   degen     origin
       1   0.000 -2779.25242    0.16822    0.62446       1       4     51_cs_out_3
       2   0.022 -2779.25238    0.16204                                52_cs_out_8
       3   0.063 -2779.25232    0.15118                                52_cs_out_5
       4   0.096 -2779.25226    0.14302                                52_cs_out_2
       5   0.473 -2779.25166    0.07575    0.32805       2       5     51_cs_out_1
       6   0.526 -2779.25158    0.06932                                52_cs_out_3
       7   0.568 -2779.25151    0.06455                                52_cs_out_10
       8   0.604 -2779.25145    0.06071                                51_cs_out_0
       9   0.634 -2779.25141    0.05772                                52_cs_out_1
      10   0.806 -2779.25113    0.04321    0.04321       3       1     52_cs_out_7
      11   2.840 -2779.24789    0.00140    0.00323       4       3     51_cs_out_2
      12   3.054 -2779.24755    0.00098                                51_cs_out_5
      13   3.132 -2779.24743    0.00085                                52_cs_out_4
      14   3.272 -2779.24720    0.00068    0.00068       5       1     52_cs_out_9
      15   3.623 -2779.24664    0.00037    0.00037       6       1     52_cs_out_0
T /K                                  :   298.15
E lowest                              : -2779.25242
ensemble average energy (kcal)        :    0.257
ensemble entropy (J/mol K, cal/mol K) :   18.427    4.404
ensemble free energy (kcal/mol)       :   -1.313
population of lowest in %             :   62.446
 number of unique conformers for further calc            6
 list of relative energies saved as "crest.energies"
 
 -----------------
 Wall Time Summary
 -----------------
              CREGEN wall time :         0h : 0m : 2s
--------------------
Overall wall time  : 0h : 0m : 2s
 
 CREST terminated normally.
