
       ==============================================
       |                                            |
       |                 C R E S T                  |
       |                                            |
       |  Conformer-Rotamer Ensemble Sampling Tool  |
       |          based on the GFN methods          |
       |             P.Pracht, S.Grimme             |
       |          Universitaet Bonn, MCTC           |
       ==============================================
       Version 2.12,   Thu 19. Mai 16:32:32 CEST 2022
  Using the xTB program. Compatible with xTB version 6.4.0

   Cite work conducted with this code as

   • P.Pracht, F.Bohle, S.Grimme, PCCP, 2020, 22, 7169-7192.
   • S.Grimme, JCTC, 2019, 15, 2847-2862.

   and for works involving QCG as

   • S.Spicher, C.Plett, P.Pracht, A.Hansen, S.Grimme,
     JCTC, 2022, 18 (5), 3174-3189.

   with help from:
   C.Bannwarth, F.Bohle, S.Ehlert, S.Grimme,
   C.Plett, P.Pracht, S.Spicher

   This program is distributed in the hope that it will be useful,
   but WITHOUT ANY WARRANTY; without even the implied warranty of
   MERCHANTABILITY or FITNESS FOR A PARTICULAR PURPOSE.

 Command line input:
 > crest 719_1_719_2_best.xyz -cregen 719_1_719_2.xyz -notopo -ethr 0.31375 -rthr 0.2 -ewin 4.0

  -cregen : CREGEN standalone usage. Sorting file <719_1_719_2.xyz>
  -ethr 0.31375
  -rthr 0.2
  -ewin 4.0
 Using only the cregen sorting routine.
 input  file name : 719_1_719_2.xyz
 output file name : 719_1_719_2.xyz.sorted
 number of atoms                :   103
 number of points on xyz files  :   32
 RMSD threshold                 :   0.2000
 Bconst threshold               :   0.0100
 population threshold           :   0.0500
 conformer energy window  /kcal :   4.0000
 # fragment in coord            :     1
 number of reliable points      :    32
 reference state Etot :  -4.7321396989315856     
 running RMSDs...
 done.
 number of doubles removed by rot/RMSD         :           1
 total number unique points considered further :          31
       Erel/kcal        Etot weight/tot  conformer     set   degen     origin
       1   0.000    -4.73214    0.03262    0.06521       1       2     719_1_out_0
       2   0.000    -4.73214    0.03260                                719_2_out_0
       3   0.002    -4.73214    0.03251    0.06501       2       2     719_2_out_12
       4   0.002    -4.73214    0.03250                                719_1_out_14
       5   0.006    -4.73213    0.03231    0.06462       3       2     719_1_out_8
       6   0.006    -4.73213    0.03231                                719_2_out_8
       7   0.006    -4.73213    0.03231    0.03231       4       1     719_1_out_16
       8   0.007    -4.73213    0.03226    0.16125       5       5     719_1_out_7
       9   0.007    -4.73213    0.03226                                719_1_out_4
      10   0.007    -4.73213    0.03225                                719_2_out_4
      11   0.007    -4.73213    0.03224                                719_2_out_9
      12   0.007    -4.73213    0.03224                                719_1_out_10
      13   0.008    -4.73213    0.03220    0.03220       6       1     719_1_out_2
      14   0.008    -4.73213    0.03219    0.06450       7       2     719_2_out_11
      15   0.006    -4.73213    0.03231                                719_2_out_1
      16   0.006    -4.73213    0.03230    0.09675       8       3     719_1_out_1
      17   0.007    -4.73213    0.03226                                719_1_out_9
      18   0.008    -4.73213    0.03219                                719_1_out_12
      19   0.008    -4.73213    0.03219    0.16094       9       5     719_2_out_3
      20   0.008    -4.73213    0.03219                                719_2_out_2
      21   0.008    -4.73213    0.03218                                719_2_out_10
      22   0.008    -4.73213    0.03219                                719_1_out_3
      23   0.008    -4.73213    0.03219                                719_1_out_13
      24   0.009    -4.73213    0.03215    0.06430      10       2     719_2_out_6
      25   0.009    -4.73213    0.03215                                719_2_out_5
      26   0.006    -4.73213    0.03231    0.06446      11       2     719_2_out_14
      27   0.009    -4.73213    0.03215                                719_1_out_6
      28   0.009    -4.73213    0.03215    0.06441      12       2     719_1_out_5
      29   0.007    -4.73213    0.03226                                719_2_out_7
      30   0.011    -4.73212    0.03202    0.06404      13       2     719_2_out_13
      31   0.011    -4.73212    0.03202                                719_1_out_15
T /K                                  :   298.15
E lowest                              :    -4.73214
ensemble average energy (kcal)        :    0.007
ensemble entropy (J/mol K, cal/mol K) :   28.552    6.824
ensemble free energy (kcal/mol)       :   -2.035
population of lowest in %             :    6.521
 number of unique conformers for further calc           13
 list of relative energies saved as "crest.energies"

 -----------------
 Wall Time Summary
 -----------------
              CREGEN wall time :         0h : 0m : 0s
--------------------
Overall wall time  : 0h : 0m : 0s

 CREST terminated normally.
