 
       ==============================================
       |                                            |
       |                 C R E S T                  |
       |                                            |
       |  Conformer-Rotamer Ensemble Sampling Tool  |
       |          based on the GFN methods          |
       |             P.Pracht, S.Grimme             |
       |          Universitaet Bonn, MCTC           |
       ==============================================
       Version 2.11, Tue 9. Feb 11:37:45 CEST 2021
  Using the xTB program. Compatible with xTB version 6.4.0
 
   Cite work conducted with this code as

   P. Pracht, F. Bohle, S. Grimme, PCCP, 2020, 22, 7169-7192.

   and  S. Grimme, JCTC, 2019, 15, 2847-2862.
 
   with help from:
   F.Bohle, S.Ehlert, S.Grimme, P.Pracht
 
   This program is distributed in the hope that it will be useful,
   but WITHOUT ANY WARRANTY; without even the implied warranty of
   MERCHANTABILITY or FITNESS FOR A PARTICULAR PURPOSE.

 Command line input:
 > crest 85_cs_86_cs_best.xyz -cregen 85_cs_86_cs.xyz -notopo -ethr 0.31375 -rthr 0.2 -ewin 4.0

  -cregen : CREGEN standalone usage. Sorting file <85_cs_86_cs.xyz>
  -ethr 0.31375
  -rthr 0.2
  -ewin 4.0
 Using only the cregen sorting routine.
 input  file name : 85_cs_86_cs.xyz
 output file name : 85_cs_86_cs.xyz.sorted
 number of atoms                :   87
 number of points on xyz files  :   79
 RMSD threshold                 :   0.2000
 Bconst threshold               :   0.0100
 population threshold           :   0.0500
 conformer energy window  /kcal :   4.0000
 # fragment in coord            :     1
 number of reliable points      :    79
 number of removed by energy    :     1
 number of remaining points     :    78
 reference state Etot :  -2474.26296111554     
 running RMSDs...
 done.
 number of doubles removed by rot/RMSD         :           4
 total number unique points considered further :          74
       Erel/kcal        Etot weight/tot  conformer     set   degen     origin
       1   0.000 -2474.26296    0.09019    0.30763       1       4     86_cs_out_25
       2   0.113 -2474.26278    0.07452                                86_cs_out_2
       3   0.137 -2474.26274    0.07164                                85_cs_out_25
       4   0.140 -2474.26274    0.07128                                85_cs_out_28
       5   0.315 -2474.26246    0.05307    0.05307       2       1     86_cs_out_23
       6   0.590 -2474.26202    0.03335    0.16310       3       6     85_cs_out_30
       7   0.647 -2474.26193    0.03031                                86_cs_out_24
       8   0.801 -2474.26168    0.02336                                85_cs_out_21
       9   0.802 -2474.26168    0.02332                                86_cs_out_39
      10   0.663 -2474.26190    0.02950                                85_cs_out_23
      11   0.804 -2474.26168    0.02326                                86_cs_out_28
      12   0.849 -2474.26161    0.02156    0.10351       4       4     86_cs_out_38
      13   0.678 -2474.26188    0.02874                                85_cs_out_20
      14   0.699 -2474.26185    0.02775                                85_cs_out_27
      15   0.750 -2474.26177    0.02547                                85_cs_out_26
      16   0.957 -2474.26144    0.01795    0.01795       5       1     85_cs_out_18
      17   0.993 -2474.26138    0.01691    0.08219       6       6     85_cs_out_8
      18   1.087 -2474.26123    0.01443                                85_cs_out_19
      19   1.213 -2474.26103    0.01166                                85_cs_out_1
      20   1.231 -2474.26100    0.01131                                86_cs_out_3
      21   1.094 -2474.26122    0.01425                                86_cs_out_21
      22   1.121 -2474.26117    0.01362                                86_cs_out_22
      23   1.253 -2474.26096    0.01091    0.04210       7       4     85_cs_out_3
      24   1.263 -2474.26095    0.01073                                85_cs_out_13
      25   1.269 -2474.26094    0.01061                                86_cs_out_9
      26   1.312 -2474.26087    0.00986                                86_cs_out_11
      27   1.152 -2474.26113    0.01292    0.09194       8      10     85_cs_out_10
      28   1.205 -2474.26104    0.01183                                85_cs_out_0
      29   1.463 -2474.26063    0.00764                                85_cs_out_9
      30   1.345 -2474.26082    0.00934                                85_cs_out_7
      31   1.479 -2474.26060    0.00745                                86_cs_out_4
      32   1.258 -2474.26096    0.01081                                85_cs_out_4
      33   1.503 -2474.26057    0.00715                                86_cs_out_32
      34   1.523 -2474.26053    0.00691                                85_cs_out_15
      35   1.347 -2474.26081    0.00930                                86_cs_out_19
      36   1.394 -2474.26074    0.00859                                86_cs_out_16
      37   1.527 -2474.26053    0.00687    0.05257       9       7     86_cs_out_7
      38   1.396 -2474.26074    0.00857                                86_cs_out_0
      39   1.409 -2474.26072    0.00838                                86_cs_out_10
      40   1.533 -2474.26052    0.00680                                85_cs_out_33
      41   1.432 -2474.26068    0.00806                                86_cs_out_31
      42   1.452 -2474.26065    0.00780                                85_cs_out_32
      43   1.598 -2474.26041    0.00609                                85_cs_out_24
      44   1.584 -2474.26044    0.00624    0.01198      10       2     86_cs_out_35
      45   1.634 -2474.26036    0.00573                                85_cs_out_34
      46   1.648 -2474.26033    0.00560    0.01538      11       3     85_cs_out_11
      47   1.704 -2474.26024    0.00509                                85_cs_out_6
      48   1.753 -2474.26017    0.00469                                85_cs_out_5
      49   1.685 -2474.26028    0.00526    0.02121      12       5     86_cs_out_14
      50   1.762 -2474.26015    0.00462                                86_cs_out_17
      51   1.828 -2474.26005    0.00414                                86_cs_out_1
      52   1.910 -2474.25992    0.00360                                86_cs_out_5
      53   1.912 -2474.25991    0.00359                                86_cs_out_36
      54   1.867 -2474.25999    0.00387    0.00848      13       2     85_cs_out_17
      55   1.763 -2474.26015    0.00461                                85_cs_out_16
      56   1.698 -2474.26026    0.00515    0.00974      14       2     86_cs_out_8
      57   1.766 -2474.26015    0.00459                                86_cs_out_13
      58   1.972 -2474.25982    0.00324    0.00901      15       3     86_cs_out_12
      59   1.990 -2474.25979    0.00315                                86_cs_out_18
      60   2.099 -2474.25962    0.00262                                85_cs_out_12
      61   2.442 -2474.25907    0.00147    0.00747      16       6     85_cs_out_36
      62   2.527 -2474.25893    0.00127                                86_cs_out_33
      63   2.543 -2474.25891    0.00124                                86_cs_out_26
      64   2.548 -2474.25890    0.00123                                85_cs_out_29
      65   2.565 -2474.25887    0.00119                                86_cs_out_34
      66   2.628 -2474.25877    0.00107                                85_cs_out_35
      67   2.581 -2474.25885    0.00116    0.00116      17       1     86_cs_out_6
      68   3.274 -2474.25774    0.00036    0.00096      18       3     86_cs_out_29
      69   3.288 -2474.25772    0.00035                                86_cs_out_30
      70   3.503 -2474.25738    0.00025                                85_cs_out_31
      71   3.712 -2474.25705    0.00017    0.00055      19       4     86_cs_out_15
      72   3.885 -2474.25677    0.00013                                85_cs_out_37
      73   3.901 -2474.25675    0.00013                                86_cs_out_37
      74   3.927 -2474.25670    0.00012                                85_cs_out_14
T /K                                  :   298.15
E lowest                              : -2474.26296
ensemble average energy (kcal)        :    0.760
ensemble entropy (J/mol K, cal/mol K) :   30.661    7.328
ensemble free energy (kcal/mol)       :   -2.185
population of lowest in %             :   30.763
 number of unique conformers for further calc           19
 list of relative energies saved as "crest.energies"
 
 -----------------
 Wall Time Summary
 -----------------
              CREGEN wall time :         0h : 0m : 5s
--------------------
Overall wall time  : 0h : 0m : 5s
 
 CREST terminated normally.
