 
       ==============================================
       |                                            |
       |                 C R E S T                  |
       |                                            |
       |  Conformer-Rotamer Ensemble Sampling Tool  |
       |          based on the GFN methods          |
       |             P.Pracht, S.Grimme             |
       |          Universitaet Bonn, MCTC           |
       ==============================================
       Version 2.11, Tue 9. Feb 11:37:45 CEST 2021
  Using the xTB program. Compatible with xTB version 6.4.0
 
   Cite work conducted with this code as

   P. Pracht, F. Bohle, S. Grimme, PCCP, 2020, 22, 7169-7192.

   and  S. Grimme, JCTC, 2019, 15, 2847-2862.
 
   with help from:
   F.Bohle, S.Ehlert, S.Grimme, P.Pracht
 
   This program is distributed in the hope that it will be useful,
   but WITHOUT ANY WARRANTY; without even the implied warranty of
   MERCHANTABILITY or FITNESS FOR A PARTICULAR PURPOSE.

 Command line input:
 > crest 89_cs_90_cs_best.xyz -cregen 89_cs_90_cs.xyz -notopo -ethr 0.31375 -rthr 0.2 -ewin 4.0

  -cregen : CREGEN standalone usage. Sorting file <89_cs_90_cs.xyz>
  -ethr 0.31375
  -rthr 0.2
  -ewin 4.0
 Using only the cregen sorting routine.
 input  file name : 89_cs_90_cs.xyz
 output file name : 89_cs_90_cs.xyz.sorted
 number of atoms                :   88
 number of points on xyz files  :   63
 RMSD threshold                 :   0.2000
 Bconst threshold               :   0.0100
 population threshold           :   0.0500
 conformer energy window  /kcal :   4.0000
 # fragment in coord            :     1
 number of reliable points      :    63
 number of removed by energy    :     9
 number of remaining points     :    54
 reference state Etot :  -2549.51082719124     
 running RMSDs...
 done.
 number of doubles removed by rot/RMSD         :           3
 total number unique points considered further :          51
       Erel/kcal        Etot weight/tot  conformer     set   degen     origin
       1   0.000 -2549.51083    0.12161    0.68344       1       7     90_cs_out_21
       2   0.126 -2549.51063    0.09835                                89_cs_out_14
       3   0.128 -2549.51062    0.09803                                89_cs_out_1
       4   0.129 -2549.51062    0.09777                                90_cs_out_11
       5   0.139 -2549.51061    0.09621                                90_cs_out_1
       6   0.206 -2549.51050    0.08595                                89_cs_out_22
       7   0.209 -2549.51049    0.08552                                89_cs_out_20
       8   0.314 -2549.51033    0.07161    0.18064       2       3     89_cs_out_0
       9   0.448 -2549.51011    0.05711                                89_cs_out_11
      10   0.505 -2549.51002    0.05192                                89_cs_out_17
      11   0.605 -2549.50986    0.04381    0.04381       3       1     89_cs_out_16
      12   1.018 -2549.50921    0.02186    0.02186       4       1     89_cs_out_4
      13   1.801 -2549.50796    0.00584    0.04093       5      10     90_cs_out_2
      14   1.941 -2549.50773    0.00461                                89_cs_out_9
      15   1.952 -2549.50772    0.00452                                89_cs_out_29
      16   2.043 -2549.50757    0.00388                                89_cs_out_28
      17   2.050 -2549.50756    0.00383                                90_cs_out_6
      18   2.063 -2549.50754    0.00375                                90_cs_out_23
      19   2.068 -2549.50753    0.00372                                90_cs_out_15
      20   2.076 -2549.50752    0.00367                                89_cs_out_7
      21   2.080 -2549.50751    0.00365                                90_cs_out_32
      22   2.109 -2549.50747    0.00347                                89_cs_out_5
      23   2.125 -2549.50744    0.00338    0.00663       6       2     90_cs_out_30
      24   2.147 -2549.50741    0.00325                                90_cs_out_4
      25   2.278 -2549.50720    0.00261    0.00261       7       1     90_cs_out_16
      26   2.624 -2549.50665    0.00146    0.00146       8       1     89_cs_out_21
      27   2.658 -2549.50659    0.00137    0.01325       9      13     89_cs_out_25
      28   2.784 -2549.50639    0.00111                                90_cs_out_24
      29   2.791 -2549.50638    0.00110                                89_cs_out_2
      30   2.807 -2549.50635    0.00107                                90_cs_out_10
      31   2.812 -2549.50635    0.00106                                90_cs_out_28
      32   2.826 -2549.50632    0.00104                                89_cs_out_24
      33   2.845 -2549.50629    0.00100                                89_cs_out_27
      34   2.868 -2549.50626    0.00097                                89_cs_out_3
      35   2.879 -2549.50624    0.00095                                89_cs_out_13
      36   2.891 -2549.50622    0.00093                                90_cs_out_8
      37   2.908 -2549.50619    0.00090                                90_cs_out_9
      38   2.914 -2549.50618    0.00089                                89_cs_out_23
      39   2.935 -2549.50615    0.00086                                90_cs_out_29
      40   2.985 -2549.50607    0.00079    0.00198      10       3     90_cs_out_26
      41   3.149 -2549.50581    0.00060                                89_cs_out_12
      42   3.162 -2549.50579    0.00059                                89_cs_out_15
      43   3.090 -2549.50590    0.00066    0.00187      11       3     89_cs_out_18
      44   3.169 -2549.50578    0.00058                                90_cs_out_17
      45   3.129 -2549.50584    0.00062                                90_cs_out_12
      46   3.282 -2549.50560    0.00048    0.00048      12       1     90_cs_out_31
      47   3.456 -2549.50532    0.00036    0.00036      13       1     90_cs_out_5
      48   3.791 -2549.50479    0.00020    0.00069      14       4     90_cs_out_7
      49   3.862 -2549.50467    0.00018                                90_cs_out_25
      50   3.962 -2549.50451    0.00015                                89_cs_out_6
      51   3.974 -2549.50449    0.00015                                90_cs_out_3
T /K                                  :   298.15
E lowest                              : -2549.51083
ensemble average energy (kcal)        :    0.370
ensemble entropy (J/mol K, cal/mol K) :   22.712    5.428
ensemble free energy (kcal/mol)       :   -1.618
population of lowest in %             :   68.344
 number of unique conformers for further calc           14
 list of relative energies saved as "crest.energies"
 
 -----------------
 Wall Time Summary
 -----------------
              CREGEN wall time :         0h : 0m : 6s
--------------------
Overall wall time  : 0h : 0m : 6s
 
 CREST terminated normally.
