 
       ==============================================
       |                                            |
       |                 C R E S T                  |
       |                                            |
       |  Conformer-Rotamer Ensemble Sampling Tool  |
       |          based on the GFN methods          |
       |             P.Pracht, S.Grimme             |
       |          Universitaet Bonn, MCTC           |
       ==============================================
       Version 2.11, Tue 9. Feb 11:37:45 CEST 2021
  Using the xTB program. Compatible with xTB version 6.4.0
 
   Cite work conducted with this code as

   P. Pracht, F. Bohle, S. Grimme, PCCP, 2020, 22, 7169-7192.

   and  S. Grimme, JCTC, 2019, 15, 2847-2862.
 
   with help from:
   F.Bohle, S.Ehlert, S.Grimme, P.Pracht
 
   This program is distributed in the hope that it will be useful,
   but WITHOUT ANY WARRANTY; without even the implied warranty of
   MERCHANTABILITY or FITNESS FOR A PARTICULAR PURPOSE.

 Command line input:
 > crest 91_cs_92_cs_best.xyz -cregen 91_cs_92_cs.xyz -notopo -ethr 0.31375 -rthr 0.2 -ewin 4.0

  -cregen : CREGEN standalone usage. Sorting file <91_cs_92_cs.xyz>
  -ethr 0.31375
  -rthr 0.2
  -ewin 4.0
 Using only the cregen sorting routine.
 input  file name : 91_cs_92_cs.xyz
 output file name : 91_cs_92_cs.xyz.sorted
 number of atoms                :   83
 number of points on xyz files  :   72
 RMSD threshold                 :   0.2000
 Bconst threshold               :   0.0100
 population threshold           :   0.0500
 conformer energy window  /kcal :   4.0000
 # fragment in coord            :     1
 number of reliable points      :    72
 number of removed by energy    :    10
 number of remaining points     :    62
 reference state Etot :  -2021.53353867729     
 running RMSDs...
 done.
 number of doubles removed by rot/RMSD         :           6
 total number unique points considered further :          56
       Erel/kcal        Etot weight/tot  conformer     set   degen     origin
       1   0.000 -2021.53354    0.17821    0.33372       1       2     91_cs_out_15
       2   0.081 -2021.53341    0.15551                                91_cs_out_14
       3   0.442 -2021.53283    0.08453    0.08453       2       1     92_cs_out_16
       4   0.459 -2021.53281    0.08214    0.08214       3       1     92_cs_out_10
       5   0.580 -2021.53261    0.06699    0.06699       4       1     91_cs_out_1
       6   0.775 -2021.53230    0.04826    0.04826       5       1     92_cs_out_18
       7   0.935 -2021.53205    0.03682    0.08926       6       3     91_cs_out_3
       8   1.123 -2021.53175    0.02684                                92_cs_out_4
       9   1.151 -2021.53171    0.02560                                91_cs_out_7
      10   1.042 -2021.53188    0.03073    0.05548       7       2     91_cs_out_9
      11   1.171 -2021.53167    0.02475                                92_cs_out_2
      12   1.068 -2021.53184    0.02944    0.05247       8       2     91_cs_out_23
      13   1.213 -2021.53161    0.02303                                91_cs_out_8
      14   1.530 -2021.53110    0.01351    0.02416       9       2     91_cs_out_10
      15   1.671 -2021.53088    0.01065                                91_cs_out_19
      16   1.777 -2021.53071    0.00890    0.01731      10       2     91_cs_out_25
      17   1.811 -2021.53065    0.00841                                92_cs_out_11
      18   1.855 -2021.53058    0.00780    0.05548      11       7     91_cs_out_0
      19   1.636 -2021.53093    0.01129                                92_cs_out_13
      20   1.924 -2021.53047    0.00695                                92_cs_out_0
      21   1.861 -2021.53057    0.00772                                91_cs_out_29
      22   1.985 -2021.53038    0.00627                                91_cs_out_2
      23   2.013 -2021.53033    0.00597                                92_cs_out_6
      24   1.740 -2021.53077    0.00947                                91_cs_out_21
      25   1.939 -2021.53045    0.00677    0.02873      12       4     92_cs_out_23
      26   1.875 -2021.53055    0.00754                                92_cs_out_8
      27   1.899 -2021.53051    0.00724                                92_cs_out_9
      28   1.906 -2021.53050    0.00717                                91_cs_out_12
      29   2.021 -2021.53032    0.00590    0.01261      13       2     92_cs_out_27
      30   1.945 -2021.53044    0.00671                                92_cs_out_32
      31   2.065 -2021.53025    0.00548    0.00548      14       1     91_cs_out_5
      32   1.981 -2021.53038    0.00631    0.01067      15       2     92_cs_out_22
      33   2.201 -2021.53003    0.00436                                91_cs_out_22
      34   2.357 -2021.52978    0.00335    0.00335      16       1     92_cs_out_7
      35   2.666 -2021.52929    0.00199    0.00704      17       4     91_cs_out_34
      36   2.694 -2021.52925    0.00190                                92_cs_out_14
      37   2.905 -2021.52891    0.00133                                91_cs_out_16
      38   2.715 -2021.52921    0.00183                                92_cs_out_31
      39   2.669 -2021.52929    0.00198    0.00888      18       5     92_cs_out_17
      40   2.669 -2021.52929    0.00198                                92_cs_out_3
      41   2.966 -2021.52881    0.00120                                91_cs_out_31
      42   2.726 -2021.52919    0.00180                                91_cs_out_6
      43   2.686 -2021.52926    0.00192                                92_cs_out_12
      44   2.748 -2021.52916    0.00173    0.00173      19       1     92_cs_out_34
      45   2.751 -2021.52916    0.00172    0.00172      20       1     91_cs_out_28
      46   2.990 -2021.52877    0.00115    0.00215      21       2     92_cs_out_5
      47   3.074 -2021.52864    0.00100                                91_cs_out_27
      48   3.105 -2021.52859    0.00095    0.00385      22       4     92_cs_out_35
      49   3.106 -2021.52859    0.00095                                91_cs_out_4
      50   3.031 -2021.52871    0.00107                                92_cs_out_30
      51   3.147 -2021.52852    0.00088                                91_cs_out_20
      52   3.193 -2021.52845    0.00082    0.00082      23       1     92_cs_out_19
      53   3.216 -2021.52841    0.00079    0.00315      24       4     92_cs_out_21
      54   3.220 -2021.52841    0.00078                                91_cs_out_18
      55   3.117 -2021.52857    0.00093                                91_cs_out_11
      56   3.323 -2021.52824    0.00066                                91_cs_out_17
T /K                                  :   298.15
E lowest                              : -2021.53354
ensemble average energy (kcal)        :    0.755
ensemble entropy (J/mol K, cal/mol K) :   24.920    5.956
ensemble free energy (kcal/mol)       :   -1.776
population of lowest in %             :   33.372
 number of unique conformers for further calc           24
 list of relative energies saved as "crest.energies"
 
 -----------------
 Wall Time Summary
 -----------------
              CREGEN wall time :         0h : 0m : 3s
--------------------
Overall wall time  : 0h : 0m : 3s
 
 CREST terminated normally.
