
       ==============================================
       |                                            |
       |                 C R E S T                  |
       |                                            |
       |  Conformer-Rotamer Ensemble Sampling Tool  |
       |          based on the GFN methods          |
       |             P.Pracht, S.Grimme             |
       |          Universitaet Bonn, MCTC           |
       ==============================================
       Version 2.12,   Thu 19. Mai 16:32:32 CEST 2022
  Using the xTB program. Compatible with xTB version 6.4.0

   Cite work conducted with this code as

   • P.Pracht, F.Bohle, S.Grimme, PCCP, 2020, 22, 7169-7192.
   • S.Grimme, JCTC, 2019, 15, 2847-2862.

   and for works involving QCG as

   • S.Spicher, C.Plett, P.Pracht, A.Hansen, S.Grimme,
     JCTC, 2022, 18 (5), 3174-3189.

   with help from:
   C.Bannwarth, F.Bohle, S.Ehlert, S.Grimme,
   C.Plett, P.Pracht, S.Spicher

   This program is distributed in the hope that it will be useful,
   but WITHOUT ANY WARRANTY; without even the implied warranty of
   MERCHANTABILITY or FITNESS FOR A PARTICULAR PURPOSE.

 Command line input:
 > crest all-R-BICP_1_all-R-BICP_2_best.xyz -cregen all-R-BICP_1_all-R-BICP_2.xyz -notopo -ethr 0.31375 -rthr 0.2 -ewin 4.0

  -cregen : CREGEN standalone usage. Sorting file <all-R-BICP_1_all-R-BICP_2.xyz>
  -ethr 0.31375
  -rthr 0.2
  -ewin 4.0
 Using only the cregen sorting routine.
 input  file name : all-R-BICP_1_all-R-BICP_2.xyz
 output file name : all-R-BICP_1_all-R-BICP_2.xyz.sorted
 number of atoms                :   101
 number of points on xyz files  :   33
 RMSD threshold                 :   0.2000
 Bconst threshold               :   0.0100
 population threshold           :   0.0500
 conformer energy window  /kcal :   4.0000
 # fragment in coord            :     1
 number of reliable points      :    33
 reference state Etot :  -4.3126637651433786     
 running RMSDs...
 done.
 number of doubles removed by rot/RMSD         :           2
 total number unique points considered further :          31
       Erel/kcal        Etot weight/tot  conformer     set   degen     origin
       1   0.000    -4.31266    0.03244    0.09733       1       3     all-R-BICP_1_out_9
       2   0.000    -4.31266    0.03244                                all-R-BICP_1_out_3
       3   0.000    -4.31266    0.03244                                all-R-BICP_2_out_3
       4   0.001    -4.31266    0.03241    0.32388       2      10     all-R-BICP_2_out_1
       5   0.001    -4.31266    0.03241                                all-R-BICP_2_out_4
       6   0.001    -4.31266    0.03241                                all-R-BICP_1_out_4
       7   0.001    -4.31266    0.03241                                all-R-BICP_1_out_1
       8   0.001    -4.31266    0.03241                                all-R-BICP_1_out_2
       9   0.001    -4.31266    0.03241                                all-R-BICP_2_out_2
      10   0.001    -4.31266    0.03237                                all-R-BICP_1_out_8
      11   0.001    -4.31266    0.03237                                all-R-BICP_1_out_7
      12   0.002    -4.31266    0.03233                                all-R-BICP_1_out_0
      13   0.002    -4.31266    0.03233                                all-R-BICP_2_out_0
      14   0.002    -4.31266    0.03232    0.19329       3       6     all-R-BICP_2_out_9
      15   0.002    -4.31266    0.03232                                all-R-BICP_1_out_10
      16   0.005    -4.31266    0.03216                                all-R-BICP_1_out_15
      17   0.005    -4.31266    0.03216                                all-R-BICP_2_out_10
      18   0.005    -4.31266    0.03216                                all-R-BICP_2_out_14
      19   0.005    -4.31266    0.03216                                all-R-BICP_1_out_11
      20   0.001    -4.31266    0.03237    0.06474       4       2     all-R-BICP_2_out_6
      21   0.001    -4.31266    0.03237                                all-R-BICP_2_out_8
      22   0.001    -4.31266    0.03237    0.06474       5       2     all-R-BICP_1_out_6
      23   0.001    -4.31266    0.03237                                all-R-BICP_2_out_7
      24   0.006    -4.31265    0.03211    0.06421       6       2     all-R-BICP_1_out_13
      25   0.006    -4.31265    0.03210                                all-R-BICP_2_out_12
      26   0.007    -4.31265    0.03207    0.06413       7       2     all-R-BICP_2_out_13
      27   0.007    -4.31265    0.03206                                all-R-BICP_1_out_14
      28   0.008    -4.31265    0.03202    0.06403       8       2     all-R-BICP_2_out_11
      29   0.008    -4.31265    0.03201                                all-R-BICP_1_out_12
      30   0.011    -4.31265    0.03183    0.06365       9       2     all-R-BICP_1_out_16
      31   0.011    -4.31265    0.03182                                all-R-BICP_2_out_15
T /K                                  :   298.15
E lowest                              :    -4.31266
ensemble average energy (kcal)        :    0.003
ensemble entropy (J/mol K, cal/mol K) :   28.552    6.824
ensemble free energy (kcal/mol)       :   -2.035
population of lowest in %             :    9.733
 number of unique conformers for further calc            9
 list of relative energies saved as "crest.energies"

 -----------------
 Wall Time Summary
 -----------------
              CREGEN wall time :         0h : 0m : 0s
--------------------
Overall wall time  : 0h : 0m : 0s

 CREST terminated normally.
