
       ==============================================
       |                                            |
       |                 C R E S T                  |
       |                                            |
       |  Conformer-Rotamer Ensemble Sampling Tool  |
       |          based on the GFN methods          |
       |             P.Pracht, S.Grimme             |
       |          Universitaet Bonn, MCTC           |
       ==============================================
       Version 2.12,   Thu 19. Mai 16:32:32 CEST 2022
  Using the xTB program. Compatible with xTB version 6.4.0

   Cite work conducted with this code as

   • P.Pracht, F.Bohle, S.Grimme, PCCP, 2020, 22, 7169-7192.
   • S.Grimme, JCTC, 2019, 15, 2847-2862.

   and for works involving QCG as

   • S.Spicher, C.Plett, P.Pracht, A.Hansen, S.Grimme,
     JCTC, 2022, 18 (5), 3174-3189.

   with help from:
   C.Bannwarth, F.Bohle, S.Ehlert, S.Grimme,
   C.Plett, P.Pracht, S.Spicher

   This program is distributed in the hope that it will be useful,
   but WITHOUT ANY WARRANTY; without even the implied warranty of
   MERCHANTABILITY or FITNESS FOR A PARTICULAR PURPOSE.

 Command line input:
 > crest binap-r_1_binap-r_2_best.xyz -cregen binap-r_1_binap-r_2.xyz -notopo -ethr 0.31375 -rthr 0.2 -ewin 4.0

  -cregen : CREGEN standalone usage. Sorting file <binap-r_1_binap-r_2.xyz>
  -ethr 0.31375
  -rthr 0.2
  -ewin 4.0
 Using only the cregen sorting routine.
 input  file name : binap-r_1_binap-r_2.xyz
 output file name : binap-r_1_binap-r_2.xyz.sorted
 number of atoms                :   107
 number of points on xyz files  :   10
 RMSD threshold                 :   0.2000
 Bconst threshold               :   0.0100
 population threshold           :   0.0500
 conformer energy window  /kcal :   4.0000
 # fragment in coord            :     1
 number of reliable points      :    10
 reference state Etot :  -4.9158791819878411     
 running RMSDs...
 done.
 number of doubles removed by rot/RMSD         :           0
 total number unique points considered further :          10
       Erel/kcal        Etot weight/tot  conformer     set   degen     origin
       1   0.000    -4.91588    0.10045    0.40133       1       4     binap-r_2_out_4
       2   0.001    -4.91588    0.10030                                binap-r_1_out_4
       3   0.001    -4.91588    0.10029                                binap-r_1_out_1
       4   0.001    -4.91588    0.10028                                binap-r_2_out_1
       5   0.003    -4.91587    0.09990    0.29970       2       3     binap-r_1_out_0
       6   0.003    -4.91587    0.09990                                binap-r_2_out_3
       7   0.003    -4.91587    0.09990                                binap-r_1_out_3
       8   0.003    -4.91587    0.09990    0.09990       3       1     binap-r_2_out_0
       9   0.005    -4.91587    0.09954    0.19907       4       2     binap-r_1_out_2
      10   0.005    -4.91587    0.09953                                binap-r_2_out_2
T /K                                  :   298.15
E lowest                              :    -4.91588
ensemble average energy (kcal)        :    0.003
ensemble entropy (J/mol K, cal/mol K) :   19.145    4.576
ensemble free energy (kcal/mol)       :   -1.364
population of lowest in %             :   40.133
 number of unique conformers for further calc            4
 list of relative energies saved as "crest.energies"

 -----------------
 Wall Time Summary
 -----------------
              CREGEN wall time :         0h : 0m : 0s
--------------------
Overall wall time  : 0h : 0m : 0s

 CREST terminated normally.
