
       ==============================================
       |                                            |
       |                 C R E S T                  |
       |                                            |
       |  Conformer-Rotamer Ensemble Sampling Tool  |
       |          based on the GFN methods          |
       |             P.Pracht, S.Grimme             |
       |          Universitaet Bonn, MCTC           |
       ==============================================
       Version 2.12,   Thu 19. Mai 16:32:32 CEST 2022
  Using the xTB program. Compatible with xTB version 6.4.0

   Cite work conducted with this code as

   • P.Pracht, F.Bohle, S.Grimme, PCCP, 2020, 22, 7169-7192.
   • S.Grimme, JCTC, 2019, 15, 2847-2862.

   and for works involving QCG as

   • S.Spicher, C.Plett, P.Pracht, A.Hansen, S.Grimme,
     JCTC, 2022, 18 (5), 3174-3189.

   with help from:
   C.Bannwarth, F.Bohle, S.Ehlert, S.Grimme,
   C.Plett, P.Pracht, S.Spicher

   This program is distributed in the hope that it will be useful,
   but WITHOUT ANY WARRANTY; without even the implied warranty of
   MERCHANTABILITY or FITNESS FOR A PARTICULAR PURPOSE.

 Command line input:
 > crest binap-s_1_binap-s_2_best.xyz -cregen binap-s_1_binap-s_2.xyz -notopo -ethr 0.31375 -rthr 0.2 -ewin 4.0

  -cregen : CREGEN standalone usage. Sorting file <binap-s_1_binap-s_2.xyz>
  -ethr 0.31375
  -rthr 0.2
  -ewin 4.0
 Using only the cregen sorting routine.
 input  file name : binap-s_1_binap-s_2.xyz
 output file name : binap-s_1_binap-s_2.xyz.sorted
 number of atoms                :   107
 number of points on xyz files  :   8
 RMSD threshold                 :   0.2000
 Bconst threshold               :   0.0100
 population threshold           :   0.0500
 conformer energy window  /kcal :   4.0000
 # fragment in coord            :     1
 number of reliable points      :     8
 reference state Etot :  -4.9158791728455462     
 running RMSDs...
 done.
 number of doubles removed by rot/RMSD         :           0
 total number unique points considered further :           8
       Erel/kcal        Etot weight/tot  conformer     set   degen     origin
       1   0.000    -4.91588    0.12559    0.37542       1       3     binap-s_1_out_3
       2   0.003    -4.91587    0.12492                                binap-s_1_out_0
       3   0.003    -4.91587    0.12491                                binap-s_2_out_3
       4   0.003    -4.91587    0.12491    0.25031       2       2     binap-s_2_out_0
       5   0.001    -4.91588    0.12540                                binap-s_2_out_1
       6   0.001    -4.91588    0.12539    0.12539       3       1     binap-s_1_out_1
       7   0.005    -4.91587    0.12444    0.24888       4       2     binap-s_1_out_2
       8   0.005    -4.91587    0.12444                                binap-s_2_out_2
T /K                                  :   298.15
E lowest                              :    -4.91588
ensemble average energy (kcal)        :    0.003
ensemble entropy (J/mol K, cal/mol K) :   17.289    4.132
ensemble free energy (kcal/mol)       :   -1.232
population of lowest in %             :   37.542
 number of unique conformers for further calc            4
 list of relative energies saved as "crest.energies"

 -----------------
 Wall Time Summary
 -----------------
              CREGEN wall time :         0h : 0m : 0s
--------------------
Overall wall time  : 0h : 0m : 0s

 CREST terminated normally.
