 
       ==============================================
       |                                            |
       |                 C R E S T                  |
       |                                            |
       |  Conformer-Rotamer Ensemble Sampling Tool  |
       |          based on the GFN methods          |
       |             P.Pracht, S.Grimme             |
       |          Universitaet Bonn, MCTC           |
       ==============================================
       Version 2.11, Tue 9. Feb 11:37:45 CEST 2021
  Using the xTB program. Compatible with xTB version 6.4.0
 
   Cite work conducted with this code as

   P. Pracht, F. Bohle, S. Grimme, PCCP, 2020, 22, 7169-7192.

   and  S. Grimme, JCTC, 2019, 15, 2847-2862.
 
   with help from:
   F.Bohle, S.Ehlert, S.Grimme, P.Pracht
 
   This program is distributed in the hope that it will be useful,
   but WITHOUT ANY WARRANTY; without even the implied warranty of
   MERCHANTABILITY or FITNESS FOR A PARTICULAR PURPOSE.

 Command line input:
 > crest ferrocene028_allyl_cs_ferrocene028_allyl_2_cs_best.xyz -cregen ferrocene028_allyl_cs_ferrocene028_allyl_2_cs.xyz -notopo -ethr 0.31375 -rthr 0.2 -ewin 4.0

  -cregen : CREGEN standalone usage. Sorting file <ferrocene028_allyl_cs_ferrocene028_allyl_2_cs.xyz>
  -ethr 0.31375
  -rthr 0.2
  -ewin 4.0
 Using only the cregen sorting routine.
 input  file name : ferrocene028_allyl_cs_ferrocene028_allyl_2_cs.xyz
 output file name : ferrocene028_allyl_cs_ferrocene028_allyl_2_cs.xyz.sorted
 number of atoms                :   112
 number of points on xyz files  :   46
 RMSD threshold                 :   0.2000
 Bconst threshold               :   0.0100
 population threshold           :   0.0500
 conformer energy window  /kcal :   4.0000
 # fragment in coord            :     1
 number of reliable points      :    46
 number of removed by energy    :    12
 number of remaining points     :    34
 reference state Etot :  -4052.61033599203     
 running RMSDs...
 done.
 number of doubles removed by rot/RMSD         :           1
 total number unique points considered further :          33
       Erel/kcal        Etot weight/tot  conformer     set   degen     origin
       1   0.000 -4052.61034    0.31315    0.31315       1       1     ferrocene028_allyl_cs_out_1
       2   0.299 -4052.60986    0.18918    0.18918       2       1     ferrocene028_allyl_cs_out_8
       3   0.617 -4052.60935    0.11069    0.11069       3       1     ferrocene028_allyl_cs_out_4
       4   1.007 -4052.60873    0.05730    0.05730       4       1     ferrocene028_allyl_2_cs_out_1
       5   1.076 -4052.60862    0.05101    0.05101       5       1     ferrocene028_allyl_cs_out_2
       6   1.106 -4052.60857    0.04854    0.04854       6       1     ferrocene028_allyl_2_cs_out_0
       7   1.174 -4052.60847    0.04325    0.07402       7       2     ferrocene028_allyl_2_cs_out_22
       8   1.376 -4052.60814    0.03077                                ferrocene028_allyl_2_cs_out_11
       9   1.302 -4052.60826    0.03486    0.03486       8       1     ferrocene028_allyl_2_cs_out_5
      10   1.504 -4052.60794    0.02479    0.02479       9       1     ferrocene028_allyl_cs_out_17
      11   1.606 -4052.60778    0.02086    0.02086      10       1     ferrocene028_allyl_cs_out_3
      12   1.647 -4052.60771    0.01949    0.01949      11       1     ferrocene028_allyl_2_cs_out_12
      13   1.859 -4052.60737    0.01362    0.01362      12       1     ferrocene028_allyl_cs_out_6
      14   2.234 -4052.60678    0.00724    0.00724      13       1     ferrocene028_allyl_2_cs_out_19
      15   2.311 -4052.60665    0.00636    0.00636      14       1     ferrocene028_allyl_2_cs_out_8
      16   2.614 -4052.60617    0.00381    0.00381      15       1     ferrocene028_allyl_2_cs_out_2
      17   2.668 -4052.60608    0.00348    0.00647      16       2     ferrocene028_allyl_cs_out_9
      18   2.757 -4052.60594    0.00299                                ferrocene028_allyl_cs_out_15
      19   2.770 -4052.60592    0.00293    0.00293      17       1     ferrocene028_allyl_2_cs_out_3
      20   2.821 -4052.60584    0.00269    0.00269      18       1     ferrocene028_allyl_2_cs_out_9
      21   2.837 -4052.60581    0.00262    0.00262      19       1     ferrocene028_allyl_cs_out_0
      22   3.055 -4052.60547    0.00181    0.00181      20       1     ferrocene028_allyl_cs_out_11
      23   3.148 -4052.60532    0.00155    0.00155      21       1     ferrocene028_allyl_2_cs_out_10
      24   3.453 -4052.60483    0.00093    0.00093      22       1     ferrocene028_allyl_cs_out_5
      25   3.489 -4052.60478    0.00087    0.00087      23       1     ferrocene028_allyl_2_cs_out_7
      26   3.517 -4052.60473    0.00083    0.00083      24       1     ferrocene028_allyl_2_cs_out_16
      27   3.530 -4052.60471    0.00081    0.00081      25       1     ferrocene028_allyl_2_cs_out_20
      28   3.625 -4052.60456    0.00069    0.00069      26       1     ferrocene028_allyl_cs_out_16
      29   3.661 -4052.60450    0.00065    0.00065      27       1     ferrocene028_allyl_2_cs_out_17
      30   3.678 -4052.60448    0.00063    0.00063      28       1     ferrocene028_allyl_cs_out_18
      31   3.721 -4052.60441    0.00059    0.00059      29       1     ferrocene028_allyl_2_cs_out_14
      32   3.787 -4052.60430    0.00053    0.00053      30       1     ferrocene028_allyl_cs_out_10
      33   3.850 -4052.60420    0.00047    0.00047      31       1     ferrocene028_allyl_cs_out_7
T /K                                  :   298.15
E lowest                              : -4052.61034
ensemble average energy (kcal)        :    0.675
ensemble entropy (J/mol K, cal/mol K) :   19.118    4.569
ensemble free energy (kcal/mol)       :   -1.362
population of lowest in %             :   31.315
 number of unique conformers for further calc           31
 list of relative energies saved as "crest.energies"
 
 -----------------
 Wall Time Summary
 -----------------
              CREGEN wall time :         0h : 0m : 2s
--------------------
Overall wall time  : 0h : 0m : 2s
 
 CREST terminated normally.
