 
       ==============================================
       |                                            |
       |                 C R E S T                  |
       |                                            |
       |  Conformer-Rotamer Ensemble Sampling Tool  |
       |          based on the GFN methods          |
       |             P.Pracht, S.Grimme             |
       |          Universitaet Bonn, MCTC           |
       ==============================================
       Version 2.11, Tue 9. Feb 11:37:45 CEST 2021
  Using the xTB program. Compatible with xTB version 6.4.0
 
   Cite work conducted with this code as

   P. Pracht, F. Bohle, S. Grimme, PCCP, 2020, 22, 7169-7192.

   and  S. Grimme, JCTC, 2019, 15, 2847-2862.
 
   with help from:
   F.Bohle, S.Ehlert, S.Grimme, P.Pracht
 
   This program is distributed in the hope that it will be useful,
   but WITHOUT ANY WARRANTY; without even the implied warranty of
   MERCHANTABILITY or FITNESS FOR A PARTICULAR PURPOSE.

 Command line input:
 > crest Ferrocene012_allyl_cs_best.xyz -cregen Ferrocene012_allyl_cs.xyz -notopo -ethr 0.31375 -rthr 0.2 -ewin 4.0

  -cregen : CREGEN standalone usage. Sorting file <Ferrocene012_allyl_cs.xyz>
  -ethr 0.31375
  -rthr 0.2
  -ewin 4.0
 Using only the cregen sorting routine.
 input  file name : Ferrocene012_allyl_cs.xyz
 output file name : Ferrocene012_allyl_cs.xyz.sorted
 number of atoms                :   94
 number of points on xyz files  :   4
 RMSD threshold                 :   0.2000
 Bconst threshold               :   0.0100
 population threshold           :   0.0500
 conformer energy window  /kcal :   4.0000
 # fragment in coord            :     1
 number of reliable points      :     4
 reference state Etot :  -3966.86733137450     
 running RMSDs...
 done.
 number of doubles removed by rot/RMSD         :           0
 total number unique points considered further :           4
       Erel/kcal        Etot weight/tot  conformer     set   degen     origin
       1   0.000 -3966.86733    0.49394    0.49394       1       1     Ferrocene012_allyl_cs_out_3
       2   0.208 -3966.86700    0.34808    0.34808       2       1     Ferrocene012_allyl_cs_out_0
       3   1.073 -3966.86562    0.08089    0.15798       3       2     Ferrocene012_allyl_cs_out_1
       4   1.101 -3966.86558    0.07709                                Ferrocene012_allyl_cs_out_2
T /K                                  :   298.15
E lowest                              : -3966.86733
ensemble average energy (kcal)        :    0.244
ensemble entropy (J/mol K, cal/mol K) :    9.285    2.219
ensemble free energy (kcal/mol)       :   -0.662
population of lowest in %             :   49.394
 number of unique conformers for further calc            3
 list of relative energies saved as "crest.energies"
 
 -----------------
 Wall Time Summary
 -----------------
              CREGEN wall time :         0h : 0m : 0s
--------------------
Overall wall time  : 0h : 0m : 0s
 
 CREST terminated normally.
