 
       ==============================================
       |                                            |
       |                 C R E S T                  |
       |                                            |
       |  Conformer-Rotamer Ensemble Sampling Tool  |
       |          based on the GFN methods          |
       |             P.Pracht, S.Grimme             |
       |          Universitaet Bonn, MCTC           |
       ==============================================
       Version 2.11, Tue 9. Feb 11:37:45 CEST 2021
  Using the xTB program. Compatible with xTB version 6.4.0
 
   Cite work conducted with this code as

   P. Pracht, F. Bohle, S. Grimme, PCCP, 2020, 22, 7169-7192.

   and  S. Grimme, JCTC, 2019, 15, 2847-2862.
 
   with help from:
   F.Bohle, S.Ehlert, S.Grimme, P.Pracht
 
   This program is distributed in the hope that it will be useful,
   but WITHOUT ANY WARRANTY; without even the implied warranty of
   MERCHANTABILITY or FITNESS FOR A PARTICULAR PURPOSE.

 Command line input:
 > crest Ferrocene010_allyl_cs_best.xyz -cregen Ferrocene010_allyl_cs.xyz -notopo -ethr 0.31375 -rthr 0.2 -ewin 4.0

  -cregen : CREGEN standalone usage. Sorting file <Ferrocene010_allyl_cs.xyz>
  -ethr 0.31375
  -rthr 0.2
  -ewin 4.0
 Using only the cregen sorting routine.
 input  file name : Ferrocene010_allyl_cs.xyz
 output file name : Ferrocene010_allyl_cs.xyz.sorted
 number of atoms                :   86
 number of points on xyz files  :   18
 RMSD threshold                 :   0.2000
 Bconst threshold               :   0.0100
 population threshold           :   0.0500
 conformer energy window  /kcal :   4.0000
 # fragment in coord            :     1
 number of reliable points      :    18
 number of removed by energy    :    15
 number of remaining points     :     3
 reference state Etot :  -3511.76862413944     
 running RMSDs...
 done.
 number of doubles removed by rot/RMSD         :           0
 total number unique points considered further :           3
       Erel/kcal        Etot weight/tot  conformer     set   degen     origin
       1   0.000 -3511.76862    0.95027    0.95027       1       1     Ferrocene010_allyl_cs_out_1
       2   2.131 -3511.76523    0.02613    0.02613       2       1     Ferrocene010_allyl_cs_out_5
       3   2.191 -3511.76513    0.02360    0.02360       3       1     Ferrocene010_allyl_cs_out_2
T /K                                  :   298.15
E lowest                              : -3511.76862
ensemble average energy (kcal)        :    0.107
ensemble entropy (J/mol K, cal/mol K) :    1.930    0.461
ensemble free energy (kcal/mol)       :   -0.138
population of lowest in %             :   95.027
 number of unique conformers for further calc            3
 list of relative energies saved as "crest.energies"
 
 -----------------
 Wall Time Summary
 -----------------
              CREGEN wall time :         0h : 0m : 0s
--------------------
Overall wall time  : 0h : 0m : 0s
 
 CREST terminated normally.
