 
       ==============================================
       |                                            |
       |                 C R E S T                  |
       |                                            |
       |  Conformer-Rotamer Ensemble Sampling Tool  |
       |          based on the GFN methods          |
       |             P.Pracht, S.Grimme             |
       |          Universitaet Bonn, MCTC           |
       ==============================================
       Version 2.11, Tue 9. Feb 11:37:45 CEST 2021
  Using the xTB program. Compatible with xTB version 6.4.0
 
   Cite work conducted with this code as

   P. Pracht, F. Bohle, S. Grimme, PCCP, 2020, 22, 7169-7192.

   and  S. Grimme, JCTC, 2019, 15, 2847-2862.
 
   with help from:
   F.Bohle, S.Ehlert, S.Grimme, P.Pracht
 
   This program is distributed in the hope that it will be useful,
   but WITHOUT ANY WARRANTY; without even the implied warranty of
   MERCHANTABILITY or FITNESS FOR A PARTICULAR PURPOSE.

 Command line input:
 > crest ferrocene033_allyl_cs_ferrocene033_allyl_2_cs_best.xyz -cregen ferrocene033_allyl_cs_ferrocene033_allyl_2_cs.xyz -notopo -ethr 0.31375 -rthr 0.2 -ewin 4.0

  -cregen : CREGEN standalone usage. Sorting file <ferrocene033_allyl_cs_ferrocene033_allyl_2_cs.xyz>
  -ethr 0.31375
  -rthr 0.2
  -ewin 4.0
 Using only the cregen sorting routine.
 input  file name : ferrocene033_allyl_cs_ferrocene033_allyl_2_cs.xyz
 output file name : ferrocene033_allyl_cs_ferrocene033_allyl_2_cs.xyz.sorted
 number of atoms                :   110
 number of points on xyz files  :   14
 RMSD threshold                 :   0.2000
 Bconst threshold               :   0.0100
 population threshold           :   0.0500
 conformer energy window  /kcal :   4.0000
 # fragment in coord            :     1
 number of reliable points      :    14
 number of removed by energy    :     4
 number of remaining points     :    10
 reference state Etot :  -4276.59481174104     
 running RMSDs...
 done.
 number of doubles removed by rot/RMSD         :           0
 total number unique points considered further :          10
       Erel/kcal        Etot weight/tot  conformer     set   degen     origin
       1   0.000 -4276.59481    0.69079    0.69079       1       1     ferrocene033_allyl_cs_out_5
       2   1.105 -4276.59305    0.10720    0.10720       2       1     ferrocene033_allyl_2_cs_out_2
       3   1.229 -4276.59285    0.08702    0.08702       3       1     ferrocene033_allyl_2_cs_out_1
       4   1.419 -4276.59255    0.06315    0.10402       4       2     ferrocene033_allyl_cs_out_3
       5   1.677 -4276.59214    0.04087                                ferrocene033_allyl_cs_out_4
       6   3.137 -4276.58981    0.00348    0.00635       5       2     ferrocene033_allyl_cs_out_0
       7   3.253 -4276.58963    0.00287                                ferrocene033_allyl_cs_out_1
       8   3.514 -4276.58921    0.00185    0.00185       6       1     ferrocene033_allyl_cs_out_7
       9   3.620 -4276.58904    0.00154    0.00154       7       1     ferrocene033_allyl_2_cs_out_3
      10   3.749 -4276.58884    0.00124    0.00124       8       1     ferrocene033_allyl_cs_out_2
T /K                                  :   298.15
E lowest                              : -4276.59481
ensemble average energy (kcal)        :    0.420
ensemble entropy (J/mol K, cal/mol K) :    8.970    2.144
ensemble free energy (kcal/mol)       :   -0.639
population of lowest in %             :   69.079
 number of unique conformers for further calc            8
 list of relative energies saved as "crest.energies"
 
 -----------------
 Wall Time Summary
 -----------------
              CREGEN wall time :         0h : 0m : 0s
--------------------
Overall wall time  : 0h : 0m : 0s
 
 CREST terminated normally.
