 
       ==============================================
       |                                            |
       |                 C R E S T                  |
       |                                            |
       |  Conformer-Rotamer Ensemble Sampling Tool  |
       |          based on the GFN methods          |
       |             P.Pracht, S.Grimme             |
       |          Universitaet Bonn, MCTC           |
       ==============================================
       Version 2.11, Tue 9. Feb 11:37:45 CEST 2021
  Using the xTB program. Compatible with xTB version 6.4.0
 
   Cite work conducted with this code as

   P. Pracht, F. Bohle, S. Grimme, PCCP, 2020, 22, 7169-7192.

   and  S. Grimme, JCTC, 2019, 15, 2847-2862.
 
   with help from:
   F.Bohle, S.Ehlert, S.Grimme, P.Pracht
 
   This program is distributed in the hope that it will be useful,
   but WITHOUT ANY WARRANTY; without even the implied warranty of
   MERCHANTABILITY or FITNESS FOR A PARTICULAR PURPOSE.

 Command line input:
 > crest ferrocene030_allyl_cs_ferrocene030_allyl_2_cs_best.xyz -cregen ferrocene030_allyl_cs_ferrocene030_allyl_2_cs.xyz -notopo -ethr 0.31375 -rthr 0.2 -ewin 4.0

  -cregen : CREGEN standalone usage. Sorting file <ferrocene030_allyl_cs_ferrocene030_allyl_2_cs.xyz>
  -ethr 0.31375
  -rthr 0.2
  -ewin 4.0
 Using only the cregen sorting routine.
 input  file name : ferrocene030_allyl_cs_ferrocene030_allyl_2_cs.xyz
 output file name : ferrocene030_allyl_cs_ferrocene030_allyl_2_cs.xyz.sorted
 number of atoms                :   112
 number of points on xyz files  :   21
 RMSD threshold                 :   0.2000
 Bconst threshold               :   0.0100
 population threshold           :   0.0500
 conformer energy window  /kcal :   4.0000
 # fragment in coord            :     1
 number of reliable points      :    21
 number of removed by energy    :     9
 number of remaining points     :    12
 reference state Etot :  -4202.75461527092     
 running RMSDs...
 done.
 number of doubles removed by rot/RMSD         :           0
 total number unique points considered further :          12
       Erel/kcal        Etot weight/tot  conformer     set   degen     origin
       1   0.000 -4202.75462    0.59507    0.59507       1       1     ferrocene030_allyl_cs_out_2
       2   0.344 -4202.75407    0.33330    0.33330       2       1     ferrocene030_allyl_cs_out_0
       3   1.782 -4202.75178    0.02949    0.02949       3       1     ferrocene030_allyl_cs_out_3
       4   2.323 -4202.75091    0.01184    0.01184       4       1     ferrocene030_allyl_cs_out_1
       5   2.335 -4202.75089    0.01160    0.01160       5       1     ferrocene030_allyl_2_cs_out_4
       6   2.698 -4202.75032    0.00629    0.00629       6       1     ferrocene030_allyl_cs_out_5
       7   2.773 -4202.75020    0.00554    0.00554       7       1     ferrocene030_allyl_2_cs_out_0
       8   3.382 -4202.74923    0.00198    0.00198       8       1     ferrocene030_allyl_cs_out_4
       9   3.495 -4202.74905    0.00164    0.00164       9       1     ferrocene030_allyl_2_cs_out_6
      10   3.522 -4202.74900    0.00157    0.00157      10       1     ferrocene030_allyl_2_cs_out_3
      11   3.834 -4202.74850    0.00093    0.00093      11       1     ferrocene030_allyl_2_cs_out_2
      12   3.957 -4202.74831    0.00075    0.00075      12       1     ferrocene030_allyl_2_cs_out_1
T /K                                  :   298.15
E lowest                              : -4202.75462
ensemble average energy (kcal)        :    0.279
ensemble entropy (J/mol K, cal/mol K) :    8.221    1.965
ensemble free energy (kcal/mol)       :   -0.586
population of lowest in %             :   59.507
 number of unique conformers for further calc           12
 list of relative energies saved as "crest.energies"
 
 -----------------
 Wall Time Summary
 -----------------
              CREGEN wall time :         0h : 0m : 1s
--------------------
Overall wall time  : 0h : 0m : 1s
 
 CREST terminated normally.
