 
       ==============================================
       |                                            |
       |                 C R E S T                  |
       |                                            |
       |  Conformer-Rotamer Ensemble Sampling Tool  |
       |          based on the GFN methods          |
       |             P.Pracht, S.Grimme             |
       |          Universitaet Bonn, MCTC           |
       ==============================================
       Version 2.11, Tue 9. Feb 11:37:45 CEST 2021
  Using the xTB program. Compatible with xTB version 6.4.0
 
   Cite work conducted with this code as

   P. Pracht, F. Bohle, S. Grimme, PCCP, 2020, 22, 7169-7192.

   and  S. Grimme, JCTC, 2019, 15, 2847-2862.
 
   with help from:
   F.Bohle, S.Ehlert, S.Grimme, P.Pracht
 
   This program is distributed in the hope that it will be useful,
   but WITHOUT ANY WARRANTY; without even the implied warranty of
   MERCHANTABILITY or FITNESS FOR A PARTICULAR PURPOSE.

 Command line input:
 > crest ferrocene018_allyl_cs_ferrocene018_allyl_2_cs_best.xyz -cregen ferrocene018_allyl_cs_ferrocene018_allyl_2_cs.xyz -notopo -ethr 0.31375 -rthr 0.2 -ewin 4.0

  -cregen : CREGEN standalone usage. Sorting file <ferrocene018_allyl_cs_ferrocene018_allyl_2_cs.xyz>
  -ethr 0.31375
  -rthr 0.2
  -ewin 4.0
 Using only the cregen sorting routine.
 input  file name : ferrocene018_allyl_cs_ferrocene018_allyl_2_cs.xyz
 output file name : ferrocene018_allyl_cs_ferrocene018_allyl_2_cs.xyz.sorted
 number of atoms                :   116
 number of points on xyz files  :   49
 RMSD threshold                 :   0.2000
 Bconst threshold               :   0.0100
 population threshold           :   0.0500
 conformer energy window  /kcal :   4.0000
 # fragment in coord            :     1
 number of reliable points      :    49
 number of removed by energy    :    31
 number of remaining points     :    18
 reference state Etot :  -3904.84667312351     
 running RMSDs...
 done.
 number of doubles removed by rot/RMSD         :           1
 total number unique points considered further :          17
       Erel/kcal        Etot weight/tot  conformer     set   degen     origin
       1   0.000 -3904.84667    0.30756    0.83243       1       3     ferrocene018_allyl_2_cs_out_7
       2   0.046 -3904.84660    0.28479                                ferrocene018_allyl_2_cs_out_2
       3   0.147 -3904.84644    0.24008                                ferrocene018_allyl_2_cs_out_0
       4   0.868 -3904.84529    0.07114    0.07114       2       1     ferrocene018_allyl_cs_out_0
       5   1.156 -3904.84483    0.04378    0.07376       3       2     ferrocene018_allyl_2_cs_out_4
       6   1.380 -3904.84447    0.02999                                ferrocene018_allyl_2_cs_out_1
       7   2.335 -3904.84295    0.00600    0.01111       4       2     ferrocene018_allyl_2_cs_out_3
       8   2.429 -3904.84280    0.00511                                ferrocene018_allyl_2_cs_out_6
       9   2.643 -3904.84246    0.00357    0.00357       5       1     ferrocene018_allyl_cs_out_2
      10   2.801 -3904.84221    0.00273    0.00273       6       1     ferrocene018_allyl_2_cs_out_5
      11   3.427 -3904.84121    0.00095    0.00279       7       3     ferrocene018_allyl_cs_out_28
      12   3.435 -3904.84120    0.00094                                ferrocene018_allyl_cs_out_24
      13   3.461 -3904.84116    0.00090                                ferrocene018_allyl_cs_out_4
      14   3.574 -3904.84098    0.00074    0.00199       8       3     ferrocene018_allyl_cs_out_3
      15   3.618 -3904.84091    0.00069                                ferrocene018_allyl_cs_out_6
      16   3.742 -3904.84071    0.00056                                ferrocene018_allyl_cs_out_15
      17   3.844 -3904.84055    0.00047    0.00047       9       1     ferrocene018_allyl_2_cs_out_9
T /K                                  :   298.15
E lowest                              : -3904.84667
ensemble average energy (kcal)        :    0.264
ensemble entropy (J/mol K, cal/mol K) :   13.507    3.228
ensemble free energy (kcal/mol)       :   -0.963
population of lowest in %             :   83.243
 number of unique conformers for further calc            9
 list of relative energies saved as "crest.energies"
 
 -----------------
 Wall Time Summary
 -----------------
              CREGEN wall time :         0h : 0m : 1s
--------------------
Overall wall time  : 0h : 0m : 1s
 
 CREST terminated normally.
