 
       ==============================================
       |                                            |
       |                 C R E S T                  |
       |                                            |
       |  Conformer-Rotamer Ensemble Sampling Tool  |
       |          based on the GFN methods          |
       |             P.Pracht, S.Grimme             |
       |          Universitaet Bonn, MCTC           |
       ==============================================
       Version 2.11, Tue 9. Feb 11:37:45 CEST 2021
  Using the xTB program. Compatible with xTB version 6.4.0
 
   Cite work conducted with this code as

   P. Pracht, F. Bohle, S. Grimme, PCCP, 2020, 22, 7169-7192.

   and  S. Grimme, JCTC, 2019, 15, 2847-2862.
 
   with help from:
   F.Bohle, S.Ehlert, S.Grimme, P.Pracht
 
   This program is distributed in the hope that it will be useful,
   but WITHOUT ANY WARRANTY; without even the implied warranty of
   MERCHANTABILITY or FITNESS FOR A PARTICULAR PURPOSE.

 Command line input:
 > crest Ferrocene016_allyl_cs_Ferrocene016_allyl_2_cs_best.xyz -cregen Ferrocene016_allyl_cs_Ferrocene016_allyl_2_cs.xyz -notopo -ethr 0.31375 -rthr 0.2 -ewin 4.0

  -cregen : CREGEN standalone usage. Sorting file <Ferrocene016_allyl_cs_Ferrocene016_allyl_2_cs.xyz>
  -ethr 0.31375
  -rthr 0.2
  -ewin 4.0
 Using only the cregen sorting routine.
 input  file name : Ferrocene016_allyl_cs_Ferrocene016_allyl_2_cs.xyz
 output file name : Ferrocene016_allyl_cs_Ferrocene016_allyl_2_cs.xyz.sorted
 number of atoms                :   124
 number of points on xyz files  :   40
 RMSD threshold                 :   0.2000
 Bconst threshold               :   0.0100
 population threshold           :   0.0500
 conformer energy window  /kcal :   4.0000
 # fragment in coord            :     1
 number of reliable points      :    40
 number of removed by energy    :     4
 number of remaining points     :    36
 reference state Etot :  -5551.63899950199     
 running RMSDs...
 done.
 number of doubles removed by rot/RMSD         :           0
 total number unique points considered further :          36
       Erel/kcal        Etot weight/tot  conformer     set   degen     origin
       1   0.000 -5551.63900    0.38397    0.38397       1       1     Ferrocene016_allyl_cs_out_9
       2   0.715 -5551.63786    0.11493    0.11493       2       1     Ferrocene016_allyl_cs_out_4
       3   0.936 -5551.63751    0.07917    0.25237       3       4     Ferrocene016_allyl_2_cs_out_3
       4   1.092 -5551.63726    0.06090                                Ferrocene016_allyl_2_cs_out_0
       5   1.138 -5551.63719    0.05630                                Ferrocene016_allyl_2_cs_out_2
       6   1.142 -5551.63718    0.05601                                Ferrocene016_allyl_2_cs_out_1
       7   1.344 -5551.63686    0.03978    0.07223       4       2     Ferrocene016_allyl_cs_out_18
       8   1.465 -5551.63666    0.03245                                Ferrocene016_allyl_cs_out_13
       9   1.607 -5551.63644    0.02557    0.02557       5       1     Ferrocene016_allyl_cs_out_6
      10   1.657 -5551.63636    0.02350    0.02350       6       1     Ferrocene016_allyl_cs_out_5
      11   1.659 -5551.63636    0.02339    0.02339       7       1     Ferrocene016_allyl_cs_out_10
      12   1.909 -5551.63596    0.01534    0.01534       8       1     Ferrocene016_allyl_cs_out_24
      13   2.026 -5551.63577    0.01261    0.01261       9       1     Ferrocene016_allyl_cs_out_14
      14   2.117 -5551.63563    0.01082    0.01082      10       1     Ferrocene016_allyl_cs_out_31
      15   2.141 -5551.63559    0.01039    0.01039      11       1     Ferrocene016_allyl_cs_out_12
      16   2.283 -5551.63536    0.00817    0.00817      12       1     Ferrocene016_allyl_cs_out_19
      17   2.438 -5551.63511    0.00629    0.02364      13       4     Ferrocene016_allyl_cs_out_3
      18   2.452 -5551.63509    0.00614                                Ferrocene016_allyl_cs_out_0
      19   2.460 -5551.63508    0.00606                                Ferrocene016_allyl_cs_out_2
      20   2.557 -5551.63492    0.00514                                Ferrocene016_allyl_cs_out_1
      21   2.631 -5551.63481    0.00454    0.00454      14       1     Ferrocene016_allyl_cs_out_20
      22   2.793 -5551.63455    0.00346    0.00346      15       1     Ferrocene016_allyl_cs_out_7
      23   2.982 -5551.63425    0.00251    0.00251      16       1     Ferrocene016_allyl_cs_out_11
      24   3.164 -5551.63396    0.00185    0.00185      17       1     Ferrocene016_allyl_cs_out_25
      25   3.192 -5551.63391    0.00176    0.00318      18       2     Ferrocene016_allyl_2_cs_out_7
      26   3.321 -5551.63371    0.00142                                Ferrocene016_allyl_2_cs_out_4
      27   3.348 -5551.63366    0.00136    0.00235      19       2     Ferrocene016_allyl_cs_out_15
      28   3.534 -5551.63337    0.00099                                Ferrocene016_allyl_cs_out_16
      29   3.526 -5551.63338    0.00100    0.00191      20       2     Ferrocene016_allyl_2_cs_out_6
      30   3.590 -5551.63328    0.00090                                Ferrocene016_allyl_2_cs_out_5
      31   3.733 -5551.63305    0.00071    0.00123      21       2     Ferrocene016_allyl_cs_out_30
      32   3.913 -5551.63276    0.00052                                Ferrocene016_allyl_cs_out_29
      33   3.925 -5551.63274    0.00051    0.00051      22       1     Ferrocene016_allyl_cs_out_17
      34   3.987 -5551.63265    0.00046    0.00107      23       2     Ferrocene016_allyl_cs_out_26
      35   3.825 -5551.63290    0.00061                                Ferrocene016_allyl_cs_out_23
      36   3.978 -5551.63266    0.00047    0.00047      24       1     Ferrocene016_allyl_cs_out_28
T /K                                  :   298.15
E lowest                              : -5551.63900
ensemble average energy (kcal)        :    0.821
ensemble entropy (J/mol K, cal/mol K) :   19.465    4.652
ensemble free energy (kcal/mol)       :   -1.387
population of lowest in %             :   38.397
 number of unique conformers for further calc           24
 list of relative energies saved as "crest.energies"
 
 -----------------
 Wall Time Summary
 -----------------
              CREGEN wall time :         0h : 0m : 2s
--------------------
Overall wall time  : 0h : 0m : 2s
 
 CREST terminated normally.
