 
       ==============================================
       |                                            |
       |                 C R E S T                  |
       |                                            |
       |  Conformer-Rotamer Ensemble Sampling Tool  |
       |          based on the GFN methods          |
       |             P.Pracht, S.Grimme             |
       |          Universitaet Bonn, MCTC           |
       ==============================================
       Version 2.11, Tue 9. Feb 11:37:45 CEST 2021
  Using the xTB program. Compatible with xTB version 6.4.0
 
   Cite work conducted with this code as

   P. Pracht, F. Bohle, S. Grimme, PCCP, 2020, 22, 7169-7192.

   and  S. Grimme, JCTC, 2019, 15, 2847-2862.
 
   with help from:
   F.Bohle, S.Ehlert, S.Grimme, P.Pracht
 
   This program is distributed in the hope that it will be useful,
   but WITHOUT ANY WARRANTY; without even the implied warranty of
   MERCHANTABILITY or FITNESS FOR A PARTICULAR PURPOSE.

 Command line input:
 > crest ferrocene029_allyl_cs_ferrocene029_allyl_2_cs_best.xyz -cregen ferrocene029_allyl_cs_ferrocene029_allyl_2_cs.xyz -notopo -ethr 0.31375 -rthr 0.2 -ewin 4.0

  -cregen : CREGEN standalone usage. Sorting file <ferrocene029_allyl_cs_ferrocene029_allyl_2_cs.xyz>
  -ethr 0.31375
  -rthr 0.2
  -ewin 4.0
 Using only the cregen sorting routine.
 input  file name : ferrocene029_allyl_cs_ferrocene029_allyl_2_cs.xyz
 output file name : ferrocene029_allyl_cs_ferrocene029_allyl_2_cs.xyz.sorted
 number of atoms                :   112
 number of points on xyz files  :   62
 RMSD threshold                 :   0.2000
 Bconst threshold               :   0.0100
 population threshold           :   0.0500
 conformer energy window  /kcal :   4.0000
 # fragment in coord            :     1
 number of reliable points      :    62
 number of removed by energy    :    46
 number of remaining points     :    16
 reference state Etot :  -4052.61137980876     
 running RMSDs...
 done.
 number of doubles removed by rot/RMSD         :           2
 total number unique points considered further :          14
       Erel/kcal        Etot weight/tot  conformer     set   degen     origin
       1   0.000 -4052.61138    0.53997    0.53997       1       1     ferrocene029_allyl_cs_out_1
       2   0.793 -4052.61012    0.14175    0.14175       2       1     ferrocene029_allyl_2_cs_out_4
       3   0.848 -4052.61003    0.12915    0.12915       3       1     ferrocene029_allyl_cs_out_4
       4   1.260 -4052.60937    0.06450    0.06450       4       1     ferrocene029_allyl_2_cs_out_11
       5   1.680 -4052.60870    0.03176    0.03176       5       1     ferrocene029_allyl_2_cs_out_2
       6   1.702 -4052.60867    0.03060    0.03060       6       1     ferrocene029_allyl_cs_out_0
       7   1.962 -4052.60825    0.01974    0.01974       7       1     ferrocene029_allyl_cs_out_6
       8   2.013 -4052.60817    0.01811    0.01811       8       1     ferrocene029_allyl_2_cs_out_0
       9   2.105 -4052.60803    0.01551    0.01551       9       1     ferrocene029_allyl_2_cs_out_5
      10   2.871 -4052.60680    0.00426    0.00426      10       1     ferrocene029_allyl_cs_out_3
      11   3.520 -4052.60577    0.00143    0.00258      11       2     ferrocene029_allyl_cs_out_5
      12   3.649 -4052.60557    0.00115                                ferrocene029_allyl_cs_out_8
      13   3.633 -4052.60559    0.00118    0.00118      12       1     ferrocene029_allyl_2_cs_out_42
      14   3.797 -4052.60533    0.00089    0.00089      13       1     ferrocene029_allyl_2_cs_out_8
T /K                                  :   298.15
E lowest                              : -4052.61138
ensemble average energy (kcal)        :    0.546
ensemble entropy (J/mol K, cal/mol K) :   12.775    3.053
ensemble free energy (kcal/mol)       :   -0.910
population of lowest in %             :   53.997
 number of unique conformers for further calc           13
 list of relative energies saved as "crest.energies"
 
 -----------------
 Wall Time Summary
 -----------------
              CREGEN wall time :         0h : 0m : 1s
--------------------
Overall wall time  : 0h : 0m : 1s
 
 CREST terminated normally.
