
       ==============================================
       |                                            |
       |                 C R E S T                  |
       |                                            |
       |  Conformer-Rotamer Ensemble Sampling Tool  |
       |          based on the GFN methods          |
       |             P.Pracht, S.Grimme             |
       |          Universitaet Bonn, MCTC           |
       ==============================================
       Version 2.12,   Thu 19. Mai 16:32:32 CEST 2022
  Using the xTB program. Compatible with xTB version 6.4.0

   Cite work conducted with this code as

   • P.Pracht, F.Bohle, S.Grimme, PCCP, 2020, 22, 7169-7192.
   • S.Grimme, JCTC, 2019, 15, 2847-2862.

   and for works involving QCG as

   • S.Spicher, C.Plett, P.Pracht, A.Hansen, S.Grimme,
     JCTC, 2022, 18 (5), 3174-3189.

   with help from:
   C.Bannwarth, F.Bohle, S.Ehlert, S.Grimme,
   C.Plett, P.Pracht, S.Spicher

   This program is distributed in the hope that it will be useful,
   but WITHOUT ANY WARRANTY; without even the implied warranty of
   MERCHANTABILITY or FITNESS FOR A PARTICULAR PURPOSE.

 Command line input:
 > crest R-Tol-SDP_1_R-Tol-SDP_2_best.xyz -cregen R-Tol-SDP_1_R-Tol-SDP_2.xyz -notopo -ethr 0.31375 -rthr 0.2 -ewin 4.0

  -cregen : CREGEN standalone usage. Sorting file <R-Tol-SDP_1_R-Tol-SDP_2.xyz>
  -ethr 0.31375
  -rthr 0.2
  -ewin 4.0
 Using only the cregen sorting routine.
 input  file name : R-Tol-SDP_1_R-Tol-SDP_2.xyz
 output file name : R-Tol-SDP_1_R-Tol-SDP_2.xyz.sorted
 number of atoms                :   118
 number of points on xyz files  :   18
 RMSD threshold                 :   0.2000
 Bconst threshold               :   0.0100
 population threshold           :   0.0500
 conformer energy window  /kcal :   4.0000
 # fragment in coord            :     1
 number of reliable points      :    18
 reference state Etot :  -4.9861837750759364     
 running RMSDs...
 done.
 number of doubles removed by rot/RMSD         :           0
 total number unique points considered further :          18
       Erel/kcal        Etot weight/tot  conformer     set   degen     origin
       1   0.000    -4.98618    0.05597    0.16782       1       3     R-Tol-SDP_2_out_0
       2   0.000    -4.98618    0.05597                                R-Tol-SDP_1_out_2
       3   0.001    -4.98618    0.05588                                R-Tol-SDP_1_out_9
       4   0.000    -4.98618    0.05597    0.22256       2       4     R-Tol-SDP_2_out_4
       5   0.001    -4.98618    0.05587                                R-Tol-SDP_2_out_1
       6   0.001    -4.98618    0.05586                                R-Tol-SDP_1_out_1
       7   0.012    -4.98616    0.05486                                R-Tol-SDP_2_out_5
       8   0.012    -4.98616    0.05485    0.33278       3       6     R-Tol-SDP_2_out_2
       9   0.000    -4.98618    0.05597                                R-Tol-SDP_1_out_5
      10   0.012    -4.98616    0.05483                                R-Tol-SDP_2_out_3
      11   0.004    -4.98618    0.05560                                R-Tol-SDP_2_out_6
      12   0.000    -4.98618    0.05594                                R-Tol-SDP_1_out_0
      13   0.004    -4.98618    0.05559                                R-Tol-SDP_1_out_3
      14   0.012    -4.98616    0.05485    0.05485       4       1     R-Tol-SDP_1_out_7
      15   0.004    -4.98618    0.05558    0.11156       5       2     R-Tol-SDP_1_out_8
      16   0.000    -4.98618    0.05597                                R-Tol-SDP_1_out_10
      17   0.001    -4.98618    0.05588    0.11044       6       2     R-Tol-SDP_1_out_4
      18   0.015    -4.98616    0.05456                                R-Tol-SDP_1_out_6
T /K                                  :   298.15
E lowest                              :    -4.98618
ensemble average energy (kcal)        :    0.004
ensemble entropy (J/mol K, cal/mol K) :   24.032    5.744
ensemble free energy (kcal/mol)       :   -1.712
population of lowest in %             :   16.782
 number of unique conformers for further calc            6
 list of relative energies saved as "crest.energies"

 -----------------
 Wall Time Summary
 -----------------
              CREGEN wall time :         0h : 0m : 0s
--------------------
Overall wall time  : 0h : 0m : 0s

 CREST terminated normally.
