
       ==============================================
       |                                            |
       |                 C R E S T                  |
       |                                            |
       |  Conformer-Rotamer Ensemble Sampling Tool  |
       |          based on the GFN methods          |
       |             P.Pracht, S.Grimme             |
       |          Universitaet Bonn, MCTC           |
       ==============================================
       Version 2.12,   Thu 19. Mai 16:32:32 CEST 2022
  Using the xTB program. Compatible with xTB version 6.4.0

   Cite work conducted with this code as

   • P.Pracht, F.Bohle, S.Grimme, PCCP, 2020, 22, 7169-7192.
   • S.Grimme, JCTC, 2019, 15, 2847-2862.

   and for works involving QCG as

   • S.Spicher, C.Plett, P.Pracht, A.Hansen, S.Grimme,
     JCTC, 2022, 18 (5), 3174-3189.

   with help from:
   C.Bannwarth, F.Bohle, S.Ehlert, S.Grimme,
   C.Plett, P.Pracht, S.Spicher

   This program is distributed in the hope that it will be useful,
   but WITHOUT ANY WARRANTY; without even the implied warranty of
   MERCHANTABILITY or FITNESS FOR A PARTICULAR PURPOSE.

 Command line input:
 > crest S-35-tBu-C3-TUNAPHOS_1_S-35-tBu-C3-TUNAPHOS_2_best.xyz -cregen S-35-tBu-C3-TUNAPHOS_1_S-35-tBu-C3-TUNAPHOS_2.xyz -notopo -ethr 0.31375 -rthr 0.2 -ewin 4.0

  -cregen : CREGEN standalone usage. Sorting file <S-35-tBu-C3-TUNAPHOS_1_S-35-tBu-C3-TUNAPHOS_2.xyz>
  -ethr 0.31375
  -rthr 0.2
  -ewin 4.0
 Using only the cregen sorting routine.
 input  file name : S-35-tBu-C3-TUNAPHOS_1_S-35-tBu-C3-TUNAPHOS_2.xyz
 output file name : S-35-tBu-C3-TUNAPHOS_1_S-35-tBu-C3-TUNAPHOS_2.xyz.sorted
 number of atoms                :   200
 number of points on xyz files  :   79
 RMSD threshold                 :   0.2000
 Bconst threshold               :   0.0100
 population threshold           :   0.0500
 conformer energy window  /kcal :   4.0000
 # fragment in coord            :     1
 number of reliable points      :    79
 reference state Etot :  -6.8559261550021837     
 running RMSDs...
 done.
 number of doubles removed by rot/RMSD         :           0
 total number unique points considered further :          79
       Erel/kcal        Etot weight/tot  conformer     set   degen     origin
       1   0.000    -6.85593    0.01270    0.24083       1      19     S-35-tBu-C3-TUNAPHOS_1_out_35
       2   0.001    -6.85593    0.01268                                S-35-tBu-C3-TUNAPHOS_2_out_22
       3   0.000    -6.85593    0.01270                                S-35-tBu-C3-TUNAPHOS_1_out_34
       4   0.000    -6.85593    0.01270                                S-35-tBu-C3-TUNAPHOS_2_out_34
       5   0.002    -6.85592    0.01267                                S-35-tBu-C3-TUNAPHOS_2_out_20
       6   0.002    -6.85592    0.01267                                S-35-tBu-C3-TUNAPHOS_1_out_19
       7   0.002    -6.85592    0.01266                                S-35-tBu-C3-TUNAPHOS_2_out_13
       8   0.001    -6.85593    0.01268                                S-35-tBu-C3-TUNAPHOS_2_out_23
       9   0.002    -6.85592    0.01266                                S-35-tBu-C3-TUNAPHOS_2_out_11
      10   0.002    -6.85592    0.01266                                S-35-tBu-C3-TUNAPHOS_2_out_14
      11   0.000    -6.85593    0.01270                                S-35-tBu-C3-TUNAPHOS_2_out_33
      12   0.002    -6.85592    0.01265                                S-35-tBu-C3-TUNAPHOS_2_out_28
      13   0.002    -6.85592    0.01266                                S-35-tBu-C3-TUNAPHOS_2_out_15
      14   0.000    -6.85593    0.01270                                S-35-tBu-C3-TUNAPHOS_1_out_32
      15   0.002    -6.85592    0.01266                                S-35-tBu-C3-TUNAPHOS_1_out_13
      16   0.002    -6.85592    0.01265                                S-35-tBu-C3-TUNAPHOS_1_out_2
      17   0.002    -6.85592    0.01266                                S-35-tBu-C3-TUNAPHOS_1_out_21
      18   0.000    -6.85593    0.01270                                S-35-tBu-C3-TUNAPHOS_1_out_33
      19   0.002    -6.85592    0.01266                                S-35-tBu-C3-TUNAPHOS_1_out_16
      20   0.002    -6.85592    0.01266    0.07606       2       6     S-35-tBu-C3-TUNAPHOS_1_out_15
      21   0.002    -6.85592    0.01266                                S-35-tBu-C3-TUNAPHOS_1_out_12
      22   0.000    -6.85593    0.01269                                S-35-tBu-C3-TUNAPHOS_1_out_28
      23   0.000    -6.85593    0.01269                                S-35-tBu-C3-TUNAPHOS_1_out_7
      24   0.000    -6.85593    0.01269                                S-35-tBu-C3-TUNAPHOS_1_out_26
      25   0.001    -6.85592    0.01267                                S-35-tBu-C3-TUNAPHOS_2_out_38
      26   0.002    -6.85592    0.01265    0.36693       3      29     S-35-tBu-C3-TUNAPHOS_2_out_4
      27   0.002    -6.85592    0.01265                                S-35-tBu-C3-TUNAPHOS_1_out_29
      28   0.002    -6.85592    0.01266                                S-35-tBu-C3-TUNAPHOS_2_out_7
      29   0.002    -6.85592    0.01265                                S-35-tBu-C3-TUNAPHOS_1_out_3
      30   0.002    -6.85592    0.01266                                S-35-tBu-C3-TUNAPHOS_1_out_10
      31   0.002    -6.85592    0.01266                                S-35-tBu-C3-TUNAPHOS_2_out_9
      32   0.002    -6.85592    0.01265                                S-35-tBu-C3-TUNAPHOS_2_out_1
      33   0.002    -6.85592    0.01266                                S-35-tBu-C3-TUNAPHOS_1_out_11
      34   0.002    -6.85592    0.01266                                S-35-tBu-C3-TUNAPHOS_2_out_10
      35   0.002    -6.85592    0.01265                                S-35-tBu-C3-TUNAPHOS_1_out_31
      36   0.002    -6.85592    0.01266                                S-35-tBu-C3-TUNAPHOS_2_out_8
      37   0.002    -6.85592    0.01265                                S-35-tBu-C3-TUNAPHOS_2_out_2
      38   0.002    -6.85592    0.01265                                S-35-tBu-C3-TUNAPHOS_1_out_1
      39   0.002    -6.85592    0.01266                                S-35-tBu-C3-TUNAPHOS_1_out_8
      40   0.002    -6.85592    0.01266                                S-35-tBu-C3-TUNAPHOS_1_out_22
      41   0.003    -6.85592    0.01265                                S-35-tBu-C3-TUNAPHOS_2_out_21
      42   0.002    -6.85592    0.01267                                S-35-tBu-C3-TUNAPHOS_2_out_18
      43   0.003    -6.85592    0.01265                                S-35-tBu-C3-TUNAPHOS_2_out_0
      44   0.003    -6.85592    0.01264                                S-35-tBu-C3-TUNAPHOS_1_out_0
      45   0.000    -6.85593    0.01269                                S-35-tBu-C3-TUNAPHOS_1_out_6
      46   0.000    -6.85593    0.01269                                S-35-tBu-C3-TUNAPHOS_2_out_5
      47   0.003    -6.85592    0.01264                                S-35-tBu-C3-TUNAPHOS_1_out_27
      48   0.002    -6.85592    0.01265                                S-35-tBu-C3-TUNAPHOS_1_out_23
      49   0.002    -6.85592    0.01265                                S-35-tBu-C3-TUNAPHOS_1_out_9
      50   0.003    -6.85592    0.01264                                S-35-tBu-C3-TUNAPHOS_2_out_16
      51   0.002    -6.85592    0.01265                                S-35-tBu-C3-TUNAPHOS_1_out_17
      52   0.001    -6.85593    0.01269                                S-35-tBu-C3-TUNAPHOS_2_out_3
      53   0.004    -6.85592    0.01262                                S-35-tBu-C3-TUNAPHOS_1_out_39
      54   0.004    -6.85592    0.01260                                S-35-tBu-C3-TUNAPHOS_2_out_17
      55   0.001    -6.85593    0.01269    0.29088       4      23     S-35-tBu-C3-TUNAPHOS_2_out_26
      56   0.002    -6.85592    0.01265                                S-35-tBu-C3-TUNAPHOS_1_out_30
      57   0.001    -6.85593    0.01269                                S-35-tBu-C3-TUNAPHOS_2_out_6
      58   0.005    -6.85592    0.01260                                S-35-tBu-C3-TUNAPHOS_2_out_19
      59   0.004    -6.85592    0.01261                                S-35-tBu-C3-TUNAPHOS_1_out_37
      60   0.004    -6.85592    0.01261                                S-35-tBu-C3-TUNAPHOS_1_out_36
      61   0.002    -6.85592    0.01265                                S-35-tBu-C3-TUNAPHOS_1_out_4
      62   0.004    -6.85592    0.01261                                S-35-tBu-C3-TUNAPHOS_2_out_36
      63   0.001    -6.85593    0.01269                                S-35-tBu-C3-TUNAPHOS_2_out_24
      64   0.004    -6.85592    0.01261                                S-35-tBu-C3-TUNAPHOS_2_out_35
      65   0.002    -6.85592    0.01265                                S-35-tBu-C3-TUNAPHOS_1_out_5
      66   0.002    -6.85592    0.01265                                S-35-tBu-C3-TUNAPHOS_2_out_27
      67   0.004    -6.85592    0.01261                                S-35-tBu-C3-TUNAPHOS_1_out_14
      68   0.004    -6.85592    0.01261                                S-35-tBu-C3-TUNAPHOS_2_out_12
      69   0.001    -6.85593    0.01269                                S-35-tBu-C3-TUNAPHOS_1_out_25
      70   0.002    -6.85592    0.01267                                S-35-tBu-C3-TUNAPHOS_1_out_38
      71   0.002    -6.85592    0.01267                                S-35-tBu-C3-TUNAPHOS_2_out_37
      72   0.001    -6.85593    0.01269                                S-35-tBu-C3-TUNAPHOS_1_out_24
      73   0.001    -6.85593    0.01269                                S-35-tBu-C3-TUNAPHOS_2_out_31
      74   0.004    -6.85592    0.01261                                S-35-tBu-C3-TUNAPHOS_1_out_20
      75   0.004    -6.85592    0.01260                                S-35-tBu-C3-TUNAPHOS_1_out_18
      76   0.001    -6.85593    0.01269                                S-35-tBu-C3-TUNAPHOS_2_out_32
      77   0.002    -6.85592    0.01265                                S-35-tBu-C3-TUNAPHOS_2_out_25
      78   0.002    -6.85592    0.01265    0.02530       5       2     S-35-tBu-C3-TUNAPHOS_2_out_29
      79   0.002    -6.85592    0.01265                                S-35-tBu-C3-TUNAPHOS_2_out_30
T /K                                  :   298.15
E lowest                              :    -6.85593
ensemble average energy (kcal)        :    0.002
ensemble entropy (J/mol K, cal/mol K) :   36.330    8.683
ensemble free energy (kcal/mol)       :   -2.589
population of lowest in %             :   24.083
 number of unique conformers for further calc            5
 list of relative energies saved as "crest.energies"

 -----------------
 Wall Time Summary
 -----------------
              CREGEN wall time :         0h : 0m : 0s
--------------------
Overall wall time  : 0h : 0m : 0s

 CREST terminated normally.
