
       ==============================================
       |                                            |
       |                 C R E S T                  |
       |                                            |
       |  Conformer-Rotamer Ensemble Sampling Tool  |
       |          based on the GFN methods          |
       |             P.Pracht, S.Grimme             |
       |          Universitaet Bonn, MCTC           |
       ==============================================
       Version 2.12,   Thu 19. Mai 16:32:32 CEST 2022
  Using the xTB program. Compatible with xTB version 6.4.0

   Cite work conducted with this code as

   • P.Pracht, F.Bohle, S.Grimme, PCCP, 2020, 22, 7169-7192.
   • S.Grimme, JCTC, 2019, 15, 2847-2862.

   and for works involving QCG as

   • S.Spicher, C.Plett, P.Pracht, A.Hansen, S.Grimme,
     JCTC, 2022, 18 (5), 3174-3189.

   with help from:
   C.Bannwarth, F.Bohle, S.Ehlert, S.Grimme,
   C.Plett, P.Pracht, S.Spicher

   This program is distributed in the hope that it will be useful,
   but WITHOUT ANY WARRANTY; without even the implied warranty of
   MERCHANTABILITY or FITNESS FOR A PARTICULAR PURPOSE.

 Command line input:
 > crest S-35-tBu-C5-TUNEPHOS_1_S-35-tBu-C5-TUNEPHOS_2_best.xyz -cregen S-35-tBu-C5-TUNEPHOS_1_S-35-tBu-C5-TUNEPHOS_2.xyz -notopo -ethr 0.31375 -rthr 0.2 -ewin 4.0

  -cregen : CREGEN standalone usage. Sorting file <S-35-tBu-C5-TUNEPHOS_1_S-35-tBu-C5-TUNEPHOS_2.xyz>
  -ethr 0.31375
  -rthr 0.2
  -ewin 4.0
 Using only the cregen sorting routine.
 input  file name : S-35-tBu-C5-TUNEPHOS_1_S-35-tBu-C5-TUNEPHOS_2.xyz
 output file name : S-35-tBu-C5-TUNEPHOS_1_S-35-tBu-C5-TUNEPHOS_2.xyz.sorted
 number of atoms                :   206
 number of points on xyz files  :   80
 RMSD threshold                 :   0.2000
 Bconst threshold               :   0.0100
 population threshold           :   0.0500
 conformer energy window  /kcal :   4.0000
 # fragment in coord            :     1
 number of reliable points      :    80
 reference state Etot :  -6.9811743520424550     
 running RMSDs...
 done.
 number of doubles removed by rot/RMSD         :           1
 total number unique points considered further :          79
       Erel/kcal        Etot weight/tot  conformer     set   degen     origin
       1   0.000    -6.98117    0.01272    0.06352       1       5     S-35-tBu-C5-TUNEPHOS_2_out_16
       2   0.000    -6.98117    0.01272                                S-35-tBu-C5-TUNEPHOS_1_out_10
       3   0.002    -6.98117    0.01268                                S-35-tBu-C5-TUNEPHOS_2_out_21
       4   0.000    -6.98117    0.01272                                S-35-tBu-C5-TUNEPHOS_1_out_18
       5   0.002    -6.98117    0.01268                                S-35-tBu-C5-TUNEPHOS_1_out_34
       6   0.003    -6.98117    0.01266    0.30395       2      24     S-35-tBu-C5-TUNEPHOS_2_out_22
       7   0.000    -6.98117    0.01271                                S-35-tBu-C5-TUNEPHOS_2_out_7
       8   0.002    -6.98117    0.01268                                S-35-tBu-C5-TUNEPHOS_1_out_28
       9   0.004    -6.98117    0.01264                                S-35-tBu-C5-TUNEPHOS_2_out_38
      10   0.003    -6.98117    0.01266                                S-35-tBu-C5-TUNEPHOS_2_out_36
      11   0.006    -6.98116    0.01259                                S-35-tBu-C5-TUNEPHOS_1_out_3
      12   0.003    -6.98117    0.01265                                S-35-tBu-C5-TUNEPHOS_2_out_32
      13   0.001    -6.98117    0.01271                                S-35-tBu-C5-TUNEPHOS_1_out_20
      14   0.003    -6.98117    0.01265                                S-35-tBu-C5-TUNEPHOS_2_out_9
      15   0.004    -6.98117    0.01264                                S-35-tBu-C5-TUNEPHOS_1_out_26
      16   0.002    -6.98117    0.01268                                S-35-tBu-C5-TUNEPHOS_2_out_25
      17   0.004    -6.98117    0.01264                                S-35-tBu-C5-TUNEPHOS_1_out_16
      18   0.002    -6.98117    0.01268                                S-35-tBu-C5-TUNEPHOS_2_out_33
      19   0.004    -6.98117    0.01264                                S-35-tBu-C5-TUNEPHOS_2_out_15
      20   0.001    -6.98117    0.01271                                S-35-tBu-C5-TUNEPHOS_1_out_27
      21   0.001    -6.98117    0.01271                                S-35-tBu-C5-TUNEPHOS_2_out_18
      22   0.001    -6.98117    0.01270                                S-35-tBu-C5-TUNEPHOS_1_out_19
      23   0.002    -6.98117    0.01268                                S-35-tBu-C5-TUNEPHOS_2_out_20
      24   0.004    -6.98117    0.01263                                S-35-tBu-C5-TUNEPHOS_1_out_39
      25   0.001    -6.98117    0.01270                                S-35-tBu-C5-TUNEPHOS_2_out_17
      26   0.002    -6.98117    0.01268                                S-35-tBu-C5-TUNEPHOS_2_out_34
      27   0.001    -6.98117    0.01270                                S-35-tBu-C5-TUNEPHOS_1_out_17
      28   0.004    -6.98117    0.01263                                S-35-tBu-C5-TUNEPHOS_1_out_36
      29   0.006    -6.98116    0.01259                                S-35-tBu-C5-TUNEPHOS_1_out_2
      30   0.002    -6.98117    0.01267    0.30383       3      24     S-35-tBu-C5-TUNEPHOS_2_out_11
      31   0.002    -6.98117    0.01267                                S-35-tBu-C5-TUNEPHOS_1_out_21
      32   0.001    -6.98117    0.01270                                S-35-tBu-C5-TUNEPHOS_1_out_24
      33   0.001    -6.98117    0.01270                                S-35-tBu-C5-TUNEPHOS_2_out_30
      34   0.006    -6.98116    0.01259                                S-35-tBu-C5-TUNEPHOS_2_out_0
      35   0.001    -6.98117    0.01270                                S-35-tBu-C5-TUNEPHOS_2_out_24
      36   0.001    -6.98117    0.01270                                S-35-tBu-C5-TUNEPHOS_1_out_15
      37   0.002    -6.98117    0.01267                                S-35-tBu-C5-TUNEPHOS_2_out_37
      38   0.002    -6.98117    0.01267                                S-35-tBu-C5-TUNEPHOS_1_out_37
      39   0.006    -6.98116    0.01259                                S-35-tBu-C5-TUNEPHOS_2_out_1
      40   0.001    -6.98117    0.01270                                S-35-tBu-C5-TUNEPHOS_2_out_26
      41   0.003    -6.98117    0.01267                                S-35-tBu-C5-TUNEPHOS_1_out_13
      42   0.000    -6.98117    0.01272                                S-35-tBu-C5-TUNEPHOS_2_out_8
      43   0.003    -6.98117    0.01267                                S-35-tBu-C5-TUNEPHOS_2_out_14
      44   0.003    -6.98117    0.01267                                S-35-tBu-C5-TUNEPHOS_1_out_35
      45   0.006    -6.98116    0.01258                                S-35-tBu-C5-TUNEPHOS_1_out_0
      46   0.009    -6.98116    0.01254                                S-35-tBu-C5-TUNEPHOS_1_out_4
      47   0.001    -6.98117    0.01270                                S-35-tBu-C5-TUNEPHOS_1_out_25
      48   0.003    -6.98117    0.01266                                S-35-tBu-C5-TUNEPHOS_2_out_12
      49   0.006    -6.98116    0.01258                                S-35-tBu-C5-TUNEPHOS_1_out_1
      50   0.003    -6.98117    0.01266                                S-35-tBu-C5-TUNEPHOS_2_out_39
      51   0.003    -6.98117    0.01266                                S-35-tBu-C5-TUNEPHOS_2_out_10
      52   0.001    -6.98117    0.01270                                S-35-tBu-C5-TUNEPHOS_2_out_13
      53   0.003    -6.98117    0.01266                                S-35-tBu-C5-TUNEPHOS_1_out_14
      54   0.008    -6.98116    0.01254    0.06325       4       5     S-35-tBu-C5-TUNEPHOS_2_out_3
      55   0.003    -6.98117    0.01266                                S-35-tBu-C5-TUNEPHOS_2_out_6
      56   0.003    -6.98117    0.01265                                S-35-tBu-C5-TUNEPHOS_1_out_38
      57   0.001    -6.98117    0.01270                                S-35-tBu-C5-TUNEPHOS_2_out_23
      58   0.001    -6.98117    0.01270                                S-35-tBu-C5-TUNEPHOS_1_out_23
      59   0.001    -6.98117    0.01269    0.10128       5       8     S-35-tBu-C5-TUNEPHOS_1_out_32
      60   0.004    -6.98117    0.01263                                S-35-tBu-C5-TUNEPHOS_1_out_31
      61   0.000    -6.98117    0.01272                                S-35-tBu-C5-TUNEPHOS_1_out_11
      62   0.005    -6.98117    0.01261                                S-35-tBu-C5-TUNEPHOS_2_out_27
      63   0.001    -6.98117    0.01269                                S-35-tBu-C5-TUNEPHOS_2_out_31
      64   0.008    -6.98116    0.01254                                S-35-tBu-C5-TUNEPHOS_2_out_2
      65   0.000    -6.98117    0.01272                                S-35-tBu-C5-TUNEPHOS_2_out_19
      66   0.002    -6.98117    0.01269                                S-35-tBu-C5-TUNEPHOS_2_out_28
      67   0.008    -6.98116    0.01254    0.13884       6      11     S-35-tBu-C5-TUNEPHOS_2_out_4
      68   0.009    -6.98116    0.01254                                S-35-tBu-C5-TUNEPHOS_1_out_5
      69   0.003    -6.98117    0.01266                                S-35-tBu-C5-TUNEPHOS_2_out_35
      70   0.003    -6.98117    0.01266                                S-35-tBu-C5-TUNEPHOS_1_out_9
      71   0.003    -6.98117    0.01266                                S-35-tBu-C5-TUNEPHOS_2_out_29
      72   0.009    -6.98116    0.01254                                S-35-tBu-C5-TUNEPHOS_1_out_6
      73   0.003    -6.98117    0.01266                                S-35-tBu-C5-TUNEPHOS_1_out_8
      74   0.002    -6.98117    0.01268                                S-35-tBu-C5-TUNEPHOS_1_out_29
      75   0.002    -6.98117    0.01268                                S-35-tBu-C5-TUNEPHOS_1_out_33
      76   0.002    -6.98117    0.01268                                S-35-tBu-C5-TUNEPHOS_1_out_30
      77   0.009    -6.98116    0.01254                                S-35-tBu-C5-TUNEPHOS_1_out_7
      78   0.002    -6.98117    0.01268    0.02534       7       2     S-35-tBu-C5-TUNEPHOS_1_out_22
      79   0.003    -6.98117    0.01266                                S-35-tBu-C5-TUNEPHOS_1_out_12
T /K                                  :   298.15
E lowest                              :    -6.98117
ensemble average energy (kcal)        :    0.003
ensemble entropy (J/mol K, cal/mol K) :   36.330    8.683
ensemble free energy (kcal/mol)       :   -2.589
population of lowest in %             :    6.352
 number of unique conformers for further calc            7
 list of relative energies saved as "crest.energies"

 -----------------
 Wall Time Summary
 -----------------
              CREGEN wall time :         0h : 0m : 0s
--------------------
Overall wall time  : 0h : 0m : 0s

 CREST terminated normally.
