
       ==============================================
       |                                            |
       |                 C R E S T                  |
       |                                            |
       |  Conformer-Rotamer Ensemble Sampling Tool  |
       |          based on the GFN methods          |
       |             P.Pracht, S.Grimme             |
       |          Universitaet Bonn, MCTC           |
       ==============================================
       Version 2.12,   Thu 19. Mai 16:32:32 CEST 2022
  Using the xTB program. Compatible with xTB version 6.4.0

   Cite work conducted with this code as

   • P.Pracht, F.Bohle, S.Grimme, PCCP, 2020, 22, 7169-7192.
   • S.Grimme, JCTC, 2019, 15, 2847-2862.

   and for works involving QCG as

   • S.Spicher, C.Plett, P.Pracht, A.Hansen, S.Grimme,
     JCTC, 2022, 18 (5), 3174-3189.

   with help from:
   C.Bannwarth, F.Bohle, S.Ehlert, S.Grimme,
   C.Plett, P.Pracht, S.Spicher

   This program is distributed in the hope that it will be useful,
   but WITHOUT ANY WARRANTY; without even the implied warranty of
   MERCHANTABILITY or FITNESS FOR A PARTICULAR PURPOSE.

 Command line input:
 > crest S-BIPHOMP_1_S-BIPHOMP_2_best.xyz -cregen S-BIPHOMP_1_S-BIPHOMP_2.xyz -notopo -ethr 0.31375 -rthr 0.2 -ewin 4.0

  -cregen : CREGEN standalone usage. Sorting file <S-BIPHOMP_1_S-BIPHOMP_2.xyz>
  -ethr 0.31375
  -rthr 0.2
  -ewin 4.0
 Using only the cregen sorting routine.
 input  file name : S-BIPHOMP_1_S-BIPHOMP_2.xyz
 output file name : S-BIPHOMP_1_S-BIPHOMP_2.xyz.sorted
 number of atoms                :   100
 number of points on xyz files  :   25
 RMSD threshold                 :   0.2000
 Bconst threshold               :   0.0100
 population threshold           :   0.0500
 conformer energy window  /kcal :   4.0000
 # fragment in coord            :     1
 number of reliable points      :    25
 reference state Etot :  -4.6694966590607807     
 running RMSDs...
 done.
 number of doubles removed by rot/RMSD         :           1
 total number unique points considered further :          24
       Erel/kcal        Etot weight/tot  conformer     set   degen     origin
       1   0.000    -4.66950    0.04187    0.41710       1      10     S-BIPHOMP_1_out_3
       2   0.003    -4.66949    0.04167                                S-BIPHOMP_2_out_1
       3   0.003    -4.66949    0.04167                                S-BIPHOMP_1_out_1
       4   0.000    -4.66950    0.04187                                S-BIPHOMP_2_out_4
       5   0.005    -4.66949    0.04151                                S-BIPHOMP_2_out_8
       6   0.000    -4.66950    0.04187                                S-BIPHOMP_1_out_13
       7   0.007    -4.66949    0.04140                                S-BIPHOMP_1_out_6
       8   0.003    -4.66949    0.04167                                S-BIPHOMP_1_out_12
       9   0.000    -4.66950    0.04187                                S-BIPHOMP_2_out_7
      10   0.003    -4.66949    0.04167                                S-BIPHOMP_2_out_10
      11   0.000    -4.66950    0.04187    0.25016       2       6     S-BIPHOMP_2_out_9
      12   0.005    -4.66949    0.04151                                S-BIPHOMP_1_out_8
      13   0.005    -4.66949    0.04151                                S-BIPHOMP_2_out_5
      14   0.005    -4.66949    0.04152                                S-BIPHOMP_1_out_5
      15   0.000    -4.66950    0.04187                                S-BIPHOMP_1_out_10
      16   0.000    -4.66950    0.04187                                S-BIPHOMP_1_out_4
      17   0.005    -4.66949    0.04152    0.16573       3       4     S-BIPHOMP_1_out_9
      18   0.007    -4.66949    0.04140                                S-BIPHOMP_2_out_6
      19   0.007    -4.66949    0.04140                                S-BIPHOMP_2_out_2
      20   0.007    -4.66949    0.04140                                S-BIPHOMP_2_out_0
      21   0.000    -4.66950    0.04187    0.16702       4       4     S-BIPHOMP_1_out_11
      22   0.000    -4.66950    0.04187                                S-BIPHOMP_2_out_3
      23   0.007    -4.66949    0.04140                                S-BIPHOMP_1_out_2
      24   0.000    -4.66950    0.04187                                S-BIPHOMP_1_out_7
T /K                                  :   298.15
E lowest                              :    -4.66950
ensemble average energy (kcal)        :    0.003
ensemble entropy (J/mol K, cal/mol K) :   26.424    6.315
ensemble free energy (kcal/mol)       :   -1.883
population of lowest in %             :   41.710
 number of unique conformers for further calc            4
 list of relative energies saved as "crest.energies"

 -----------------
 Wall Time Summary
 -----------------
              CREGEN wall time :         0h : 0m : 0s
--------------------
Overall wall time  : 0h : 0m : 0s

 CREST terminated normally.
