
       ==============================================
       |                                            |
       |                 C R E S T                  |
       |                                            |
       |  Conformer-Rotamer Ensemble Sampling Tool  |
       |          based on the GFN methods          |
       |             P.Pracht, S.Grimme             |
       |          Universitaet Bonn, MCTC           |
       ==============================================
       Version 2.12,   Thu 19. Mai 16:32:32 CEST 2022
  Using the xTB program. Compatible with xTB version 6.4.0

   Cite work conducted with this code as

   • P.Pracht, F.Bohle, S.Grimme, PCCP, 2020, 22, 7169-7192.
   • S.Grimme, JCTC, 2019, 15, 2847-2862.

   and for works involving QCG as

   • S.Spicher, C.Plett, P.Pracht, A.Hansen, S.Grimme,
     JCTC, 2022, 18 (5), 3174-3189.

   with help from:
   C.Bannwarth, F.Bohle, S.Ehlert, S.Grimme,
   C.Plett, P.Pracht, S.Spicher

   This program is distributed in the hope that it will be useful,
   but WITHOUT ANY WARRANTY; without even the implied warranty of
   MERCHANTABILITY or FITNESS FOR A PARTICULAR PURPOSE.

 Command line input:
 > crest S-Synphos_1_S-Synphos_2_best.xyz -cregen S-Synphos_1_S-Synphos_2.xyz -notopo -ethr 0.31375 -rthr 0.2 -ewin 4.0

  -cregen : CREGEN standalone usage. Sorting file <S-Synphos_1_S-Synphos_2.xyz>
  -ethr 0.31375
  -rthr 0.2
  -ewin 4.0
 Using only the cregen sorting routine.
 input  file name : S-Synphos_1_S-Synphos_2.xyz
 output file name : S-Synphos_1_S-Synphos_2.xyz.sorted
 number of atoms                :   107
 number of points on xyz files  :   16
 RMSD threshold                 :   0.2000
 Bconst threshold               :   0.0100
 population threshold           :   0.0500
 conformer energy window  /kcal :   4.0000
 # fragment in coord            :     1
 number of reliable points      :    16
 reference state Etot :  -5.1522227331864219     
 running RMSDs...
 done.
 number of doubles removed by rot/RMSD         :           2
 total number unique points considered further :          14
       Erel/kcal        Etot weight/tot  conformer     set   degen     origin
       1   0.000    -5.15222    0.07171    0.50128       1       7     S-Synphos_1_out_4
       2   0.000    -5.15222    0.07170                                S-Synphos_2_out_4
       3   0.001    -5.15222    0.07162                                S-Synphos_1_out_5
       4   0.001    -5.15222    0.07161                                S-Synphos_2_out_5
       5   0.001    -5.15222    0.07159                                S-Synphos_1_out_6
       6   0.001    -5.15222    0.07159                                S-Synphos_2_out_6
       7   0.002    -5.15222    0.07146                                S-Synphos_1_out_7
       8   0.003    -5.15222    0.07130    0.42751       2       6     S-Synphos_1_out_0
       9   0.003    -5.15222    0.07129                                S-Synphos_2_out_0
      10   0.004    -5.15222    0.07127                                S-Synphos_1_out_2
      11   0.004    -5.15222    0.07117                                S-Synphos_1_out_3
      12   0.004    -5.15222    0.07126                                S-Synphos_2_out_2
      13   0.004    -5.15222    0.07123                                S-Synphos_1_out_1
      14   0.004    -5.15222    0.07122    0.07122       3       1     S-Synphos_2_out_1
T /K                                  :   298.15
E lowest                              :    -5.15222
ensemble average energy (kcal)        :    0.002
ensemble entropy (J/mol K, cal/mol K) :   21.942    5.244
ensemble free energy (kcal/mol)       :   -1.564
population of lowest in %             :   50.128
 number of unique conformers for further calc            3
 list of relative energies saved as "crest.energies"

 -----------------
 Wall Time Summary
 -----------------
              CREGEN wall time :         0h : 0m : 0s
--------------------
Overall wall time  : 0h : 0m : 0s

 CREST terminated normally.
