
       ==============================================
       |                                            |
       |                 C R E S T                  |
       |                                            |
       |  Conformer-Rotamer Ensemble Sampling Tool  |
       |          based on the GFN methods          |
       |             P.Pracht, S.Grimme             |
       |          Universitaet Bonn, MCTC           |
       ==============================================
       Version 2.12,   Thu 19. Mai 16:32:32 CEST 2022
  Using the xTB program. Compatible with xTB version 6.4.0

   Cite work conducted with this code as

   • P.Pracht, F.Bohle, S.Grimme, PCCP, 2020, 22, 7169-7192.
   • S.Grimme, JCTC, 2019, 15, 2847-2862.

   and for works involving QCG as

   • S.Spicher, C.Plett, P.Pracht, A.Hansen, S.Grimme,
     JCTC, 2022, 18 (5), 3174-3189.

   with help from:
   C.Bannwarth, F.Bohle, S.Ehlert, S.Grimme,
   C.Plett, P.Pracht, S.Spicher

   This program is distributed in the hope that it will be useful,
   but WITHOUT ANY WARRANTY; without even the implied warranty of
   MERCHANTABILITY or FITNESS FOR A PARTICULAR PURPOSE.

 Command line input:
 > crest SRR-C3-TUNEPHOS_1_SRR-C3-TUNEPHOS_2_best.xyz -cregen SRR-C3-TUNEPHOS_1_SRR-C3-TUNEPHOS_2.xyz -notopo -ethr 0.31375 -rthr 0.2 -ewin 4.0

  -cregen : CREGEN standalone usage. Sorting file <SRR-C3-TUNEPHOS_1_SRR-C3-TUNEPHOS_2.xyz>
  -ethr 0.31375
  -rthr 0.2
  -ewin 4.0
 Using only the cregen sorting routine.
 input  file name : SRR-C3-TUNEPHOS_1_SRR-C3-TUNEPHOS_2.xyz
 output file name : SRR-C3-TUNEPHOS_1_SRR-C3-TUNEPHOS_2.xyz.sorted
 number of atoms                :   110
 number of points on xyz files  :   8
 RMSD threshold                 :   0.2000
 Bconst threshold               :   0.0100
 population threshold           :   0.0500
 conformer energy window  /kcal :   4.0000
 # fragment in coord            :     1
 number of reliable points      :     8
 reference state Etot :  -4.9771855440320643     
 running RMSDs...
 done.
 number of doubles removed by rot/RMSD         :           0
 total number unique points considered further :           8
       Erel/kcal        Etot weight/tot  conformer     set   degen     origin
       1   0.000    -4.97719    0.12549    0.50002       1       4     SRR-C3-TUNEPHOS_2_out_3
       2   0.005    -4.97718    0.12453                                SRR-C3-TUNEPHOS_1_out_1
       3   0.000    -4.97719    0.12547                                SRR-C3-TUNEPHOS_1_out_3
       4   0.005    -4.97718    0.12453                                SRR-C3-TUNEPHOS_1_out_0
       5   0.000    -4.97719    0.12547    0.49998       2       4     SRR-C3-TUNEPHOS_2_out_2
       6   0.000    -4.97719    0.12546                                SRR-C3-TUNEPHOS_1_out_2
       7   0.005    -4.97718    0.12453                                SRR-C3-TUNEPHOS_2_out_0
       8   0.005    -4.97718    0.12452                                SRR-C3-TUNEPHOS_2_out_1
T /K                                  :   298.15
E lowest                              :    -4.97719
ensemble average energy (kcal)        :    0.002
ensemble entropy (J/mol K, cal/mol K) :   17.289    4.132
ensemble free energy (kcal/mol)       :   -1.232
population of lowest in %             :   50.002
 number of unique conformers for further calc            2
 list of relative energies saved as "crest.energies"

 -----------------
 Wall Time Summary
 -----------------
              CREGEN wall time :         0h : 0m : 0s
--------------------
Overall wall time  : 0h : 0m : 0s

 CREST terminated normally.
