100_cs_99_cs 17
101_cs_102_cs 39
103_cs_104_cs 29
105_cs_106_cs 3
107_cs_108_cs 37
109_cs_110_cs 10
111_cs_112_cs 35
113_cs_114_cs 22
115_cs_116_cs 35
119_cs_120_cs 2
121_cs_122_cs 9
123_cs_124_cs 1
125_cs_126_cs 28
127_cs_128_cs 18
131_cs_132_cs 23
133_cs_134_cs 5
135_cs_136_cs 4
137_cs_138_cs 26
139_cs_140_cs 5
13_cs 8
141_cs_142_cs 24
145_cs_146_cs 23
147_cs_148_cs 8
149_cs_150_cs 10
151_cs_152_cs 4
153_cs_154_cs 19
155_cs_156_cs 20
157_cs_158_cs 8
159_cs_160_cs 26
15_cs_16_cs 12
161_cs_162_cs 27
163_cs_164_cs 29
165_cs_166_cs 12
167_cs_168_cs 28
169_cs_170_cs 8
171_cs_172_cs 26
173_cs_174_cs 10
177_cs_178_cs 18
179_cs_180_cs 1
17_cs_18_cs 17
181_cs_182_cs 27
183_cs_184_cs 27
185_cs_186_cs 1
187_cs_188_cs 4
189_cs_190_cs 18
191_cs_192_cs 10
195_cs_196_cs 14
197_cs 2
19_cs_20_cs 6
1_cs_2_cs 20
21_cs_22_cs 4
23_cs_24_cs 7
25_cs_26_cs 9
29_cs_30_cs 47
31_cs_32_cs 17
33_cs_34_cs 4
35_cs_36_cs 4
37_cs_38_cs 4
39_cs_40_cs 5
3_cs_4_cs 13
41_cs_42_cs 10
43_cs_44_cs 2
45_cs_46_cs 17
47_cs_48_cs 13
49_cs_50_cs 10
51_cs_52_cs 6
53_cs_54_cs 2
55_cs_56_cs 6
57_cs_58_cs 14
59_cs_60_cs 22
5_cs_6_cs 7
61_cs_62_cs 23
63_cs_64_cs 1
67_cs_68_cs 8
69_cs_70_cs 1
74_cs 1
75_cs_76_cs 13
77_cs_78_cs 9
81_cs_82_cs 18
85_cs_86_cs 19
87_cs_88_cs 21
89_cs_90_cs 14
91_cs_92_cs 24
93_cs_94_cs 14
97_cs_98_cs 7
ferrocene001_allyl_cs_ferrocene001_allyl_2_cs 11
ferrocene002_allyl_cs 23
ferrocene003_allyl_cs 1
ferrocene005_allyl_cs 12
ferrocene006_allyl_cs 25
ferrocene007_allyl_cs 23
Ferrocene010_allyl_cs 3
Ferrocene011_allyl_cs 3
Ferrocene012_allyl_cs 3
Ferrocene013_allyl_cs 25
Ferrocene014_allyl_cs 10
Ferrocene015_allyl_cs 7
Ferrocene016_allyl_cs_Ferrocene016_allyl_2_cs 24
Ferrocene017_allyl_cs 5
ferrocene018_allyl_cs_ferrocene018_allyl_2_cs 9
ferrocene019_allyl_cs_ferrocene019_allyl_2_cs 23
ferrocene020_allyl_cs_ferrocene020_allyl_2_cs 33
ferrocene021_allyl_cs_ferrocene021_allyl_2_cs 20
ferrocene022_allyl_cs_ferrocene022_allyl_2_cs 30
ferrocene023_allyl_cs_ferrocene023_allyl_2_cs 11
ferrocene024_allyl_cs_ferrocene024_allyl_2_cs 33
ferrocene025_allyl_cs_ferrocene025_allyl_2_cs 21
ferrocene026_allyl_cs_ferrocene026_allyl_2_cs 6
ferrocene027_allyl_cs_ferrocene027_allyl_2_cs 2
ferrocene028_allyl_cs_ferrocene028_allyl_2_cs 31
ferrocene029_allyl_cs_ferrocene029_allyl_2_cs 13
ferrocene030_allyl_cs_ferrocene030_allyl_2_cs 12
ferrocene032_allyl_cs_ferrocene032_allyl_2_cs 12
ferrocene033_allyl_cs_ferrocene033_allyl_2_cs 8
ferrocene034_allyl_cs_ferrocene034_allyl_2_cs 11
